Warning,13-Sep-20 9:13:20 PM,Microsoft-Windows-DistributedCOM,10016,None,"The application-specific permission settings do not grant Local Activation permission for the COM Server application with CLSID 
{6B3B8D23-FA8D-40B9-8DBD-B950333E2C52}
 and APPID 
{4839DDB7-58C2-48F5-8283-E1D1807D0D7D}
 to the user NT AUTHORITY\LOCAL SERVICE SID (S-1-5-19) from address LocalHost (Using LRPC) running in the application container Unavailable SID (Unavailable). This security permission can be modified using the Component Services administrative tool."
Information,13-Sep-20 9:13:20 PM,BTHUSB,18,None,Windows cannot store Bluetooth authentication codes (link keys) on the local adapter. Bluetooth keyboards might not work in the system BIOS during startup.
Information,13-Sep-20 9:13:20 PM,Microsoft-Windows-Winlogon,7001,(1101),User Logon Notification for Customer Experience Improvement Program
Information,13-Sep-20 9:13:19 PM,Microsoft-Windows-Kernel-Boot,27,(33),The boot type was 0x1.
Information,13-Sep-20 9:13:19 PM,Microsoft-Windows-Kernel-Boot,25,(32),The boot menu policy was 0x1.
Information,13-Sep-20 9:13:19 PM,Microsoft-Windows-Kernel-Boot,32,(58),The bootmgr spent 0 ms waiting for user input.
Information,13-Sep-20 9:13:19 PM,Microsoft-Windows-Kernel-Boot,18,(57),There are 0x1 boot options on this system.
Information,13-Sep-20 9:13:19 PM,Microsoft-Windows-Kernel-Boot,30,(21),The firmware reported boot metrics.
Information,13-Sep-20 9:13:19 PM,Netwtw08,7021,None,7021 - Connection telemetry fields and analysis usage
Information,13-Sep-20 9:13:19 PM,Netwtw08,7026,None,7026 - Dump after return from D3 after cmd
Information,13-Sep-20 9:13:19 PM,Netwtw08,7025,None,7025 - Dump after return from D3 before cmd 
Information,13-Sep-20 9:13:18 PM,Microsoft-Windows-Kernel-General,1,(5),"The system time has changed to ‎2020‎-‎09‎-‎14T04:13:18.500000000Z from ‎2020‎-‎09‎-‎14T04:12:29.618122600Z.

Change Reason: System time synchronized with the hardware clock.
Process: '' (PID 4)."
Information,13-Sep-20 9:12:29 PM,Microsoft-Windows-Kernel-Power,107,(102),The system has resumed from sleep.
Information,13-Sep-20 9:12:27 PM,Microsoft-Windows-Kernel-Power,42,(64),"The system is entering sleep.

Sleep Reason: Application API"
Information,13-Sep-20 9:12:26 PM,Microsoft-Windows-Kernel-Power,187,(243),User-mode process attempted to change the system state by calling SetSuspendState or SetSystemPowerState APIs.
Information,13-Sep-20 9:12:26 PM,Microsoft-Windows-Winlogon,7002,(1102),User Logoff Notification for Customer Experience Improvement Program
Warning,13-Sep-20 9:10:13 PM,Microsoft-Windows-DistributedCOM,10016,None,"The application-specific permission settings do not grant Local Activation permission for the COM Server application with CLSID 
{2593F8B9-4EAF-457C-B68A-50F6B8EA6B54}
 and APPID 
{15C20B67-12E7-4BB6-92BB-7AFF07997402}
 to the user DESKTOP-C1R04V7\sakov SID (S-1-5-21-1674230623-2899171402-1259877898-1001) from address LocalHost (Using LRPC) running in the application container Unavailable SID (Unavailable). This security permission can be modified using the Component Services administrative tool."
Information,13-Sep-20 9:08:40 PM,Service Control Manager,7040,None,The start type of the Background Intelligent Transfer Service service was changed from pieprasīt startēšanu to startēt automātiski.
Warning,13-Sep-20 9:07:40 PM,Microsoft-Windows-DistributedCOM,10016,None,"The application-specific permission settings do not grant Local Activation permission for the COM Server application with CLSID 
{2593F8B9-4EAF-457C-B68A-50F6B8EA6B54}
 and APPID 
{15C20B67-12E7-4BB6-92BB-7AFF07997402}
 to the user DESKTOP-C1R04V7\sakov SID (S-1-5-21-1674230623-2899171402-1259877898-1001) from address LocalHost (Using LRPC) running in the application container Unavailable SID (Unavailable). This security permission can be modified using the Component Services administrative tool."
Warning,13-Sep-20 8:39:29 PM,Microsoft-Windows-DistributedCOM,10016,None,"The application-specific permission settings do not grant Local Activation permission for the COM Server application with CLSID 
{2593F8B9-4EAF-457C-B68A-50F6B8EA6B54}
 and APPID 
{15C20B67-12E7-4BB6-92BB-7AFF07997402}
 to the user DESKTOP-C1R04V7\sakov SID (S-1-5-21-1674230623-2899171402-1259877898-1001) from address LocalHost (Using LRPC) running in the application container Unavailable SID (Unavailable). This security permission can be modified using the Component Services administrative tool."
Warning,13-Sep-20 8:20:21 PM,Microsoft-Windows-DistributedCOM,10016,None,"The application-specific permission settings do not grant Local Activation permission for the COM Server application with CLSID 
{2593F8B9-4EAF-457C-B68A-50F6B8EA6B54}
 and APPID 
{15C20B67-12E7-4BB6-92BB-7AFF07997402}
 to the user DESKTOP-C1R04V7\sakov SID (S-1-5-21-1674230623-2899171402-1259877898-1001) from address LocalHost (Using LRPC) running in the application container Unavailable SID (Unavailable). This security permission can be modified using the Component Services administrative tool."
Warning,13-Sep-20 7:56:15 PM,Microsoft-Windows-DistributedCOM,10016,None,"The application-specific permission settings do not grant Local Activation permission for the COM Server application with CLSID 
{2593F8B9-4EAF-457C-B68A-50F6B8EA6B54}
 and APPID 
{15C20B67-12E7-4BB6-92BB-7AFF07997402}
 to the user DESKTOP-C1R04V7\sakov SID (S-1-5-21-1674230623-2899171402-1259877898-1001) from address LocalHost (Using LRPC) running in the application container Unavailable SID (Unavailable). This security permission can be modified using the Component Services administrative tool."
Warning,13-Sep-20 7:46:51 PM,Microsoft-Windows-DistributedCOM,10016,None,"The application-specific permission settings do not grant Local Activation permission for the COM Server application with CLSID 
{2593F8B9-4EAF-457C-B68A-50F6B8EA6B54}
 and APPID 
{15C20B67-12E7-4BB6-92BB-7AFF07997402}
 to the user DESKTOP-C1R04V7\sakov SID (S-1-5-21-1674230623-2899171402-1259877898-1001) from address LocalHost (Using LRPC) running in the application container Unavailable SID (Unavailable). This security permission can be modified using the Component Services administrative tool."
Warning,13-Sep-20 7:23:46 PM,Microsoft-Windows-DistributedCOM,10016,None,"The application-specific permission settings do not grant Local Activation permission for the COM Server application with CLSID 
{2593F8B9-4EAF-457C-B68A-50F6B8EA6B54}
 and APPID 
{15C20B67-12E7-4BB6-92BB-7AFF07997402}
 to the user DESKTOP-C1R04V7\sakov SID (S-1-5-21-1674230623-2899171402-1259877898-1001) from address LocalHost (Using LRPC) running in the application container Unavailable SID (Unavailable). This security permission can be modified using the Component Services administrative tool."
Information,13-Sep-20 7:16:26 PM,Microsoft-Windows-FilterManager,1,None,"File System Filter 'EasyAntiCheatSys' (Version 6.1, ‎2020‎-‎08‎-‎27T19:43:44.000000000Z) unloaded successfully."
Information,13-Sep-20 7:10:13 PM,Microsoft-Windows-FilterManager,6,None,"File System Filter 'EasyAntiCheatSys' (6.1, ‎2020‎-‎08‎-‎27T19:43:44.000000000Z) has successfully loaded and registered with Filter Manager."
Information,13-Sep-20 7:10:10 PM,Service Control Manager,7045,None,"A service was installed in the system.

Service Name:  MpKslDrv
Service File Name:  C:\ProgramData\Microsoft\Windows Defender\Definition Updates\{733C9AB1-EC90-4916-A40B-7363906EFB76}\MpKslDrv.sys
Service Type:  kodola režīma draiveris
Service Start Type:  sistēmas startēšana
Service Account:  "
Information,13-Sep-20 7:10:10 PM,Service Control Manager,7045,None,"A service was installed in the system.

Service Name:  EasyAntiCheatSys
Service File Name:  C:\Program Files (x86)\EasyAntiCheat\EasyAntiCheat.sys
Service Type:  kodola režīma draiveris
Service Start Type:  pieprasīt startēšanu
Service Account:  "
Warning,13-Sep-20 7:09:14 PM,Microsoft-Windows-DistributedCOM,10016,None,"The application-specific permission settings do not grant Local Activation permission for the COM Server application with CLSID 
{2593F8B9-4EAF-457C-B68A-50F6B8EA6B54}
 and APPID 
{15C20B67-12E7-4BB6-92BB-7AFF07997402}
 to the user DESKTOP-C1R04V7\sakov SID (S-1-5-21-1674230623-2899171402-1259877898-1001) from address LocalHost (Using LRPC) running in the application container Unavailable SID (Unavailable). This security permission can be modified using the Component Services administrative tool."
Information,13-Sep-20 6:54:36 PM,Service Control Manager,7040,None,The start type of the Background Intelligent Transfer Service service was changed from startēt automātiski to pieprasīt startēšanu.
Information,13-Sep-20 6:52:12 PM,Service Control Manager,7040,None,The start type of the Background Intelligent Transfer Service service was changed from pieprasīt startēšanu to startēt automātiski.
Information,13-Sep-20 5:36:15 PM,Microsoft-Windows-FilterManager,1,None,"File System Filter 'EasyAntiCheatSys' (Version 6.1, ‎2020‎-‎08‎-‎27T19:43:44.000000000Z) unloaded successfully."
Information,13-Sep-20 5:22:41 PM,Microsoft-Windows-WindowsUpdateClient,19,Windows Update Agent,Installation Successful: Windows successfully installed the following update: Drošības informācijas atjauninājums produktam Microsoft Defender Antivirus - KB2267602 (versija 1.323.1086.0)
Information,13-Sep-20 5:22:34 PM,Microsoft-Windows-WindowsUpdateClient,43,Windows Update Agent,Installation Started: Windows has started installing the following update: Drošības informācijas atjauninājums produktam Microsoft Defender Antivirus - KB2267602 (versija 1.323.1086.0)
Information,13-Sep-20 5:22:34 PM,Microsoft-Windows-WindowsUpdateClient,44,Windows Update Agent,Windows Update started downloading an update.
Information,13-Sep-20 5:18:51 PM,Microsoft-Windows-FilterManager,6,None,"File System Filter 'EasyAntiCheatSys' (6.1, ‎2020‎-‎08‎-‎27T19:43:44.000000000Z) has successfully loaded and registered with Filter Manager."
Information,13-Sep-20 5:18:48 PM,Service Control Manager,7045,None,"A service was installed in the system.

Service Name:  MpKslDrv
Service File Name:  C:\ProgramData\Microsoft\Windows Defender\Definition Updates\{27DCCE30-14CA-49F7-9849-B90229456159}\MpKslDrv.sys
Service Type:  kodola režīma draiveris
Service Start Type:  sistēmas startēšana
Service Account:  "
Information,13-Sep-20 5:18:48 PM,Service Control Manager,7045,None,"A service was installed in the system.

Service Name:  EasyAntiCheatSys
Service File Name:  C:\Program Files (x86)\EasyAntiCheat\EasyAntiCheat.sys
Service Type:  kodola režīma draiveris
Service Start Type:  pieprasīt startēšanu
Service Account:  "
Warning,13-Sep-20 5:18:21 PM,Microsoft-Windows-DistributedCOM,10016,None,"The application-specific permission settings do not grant Local Activation permission for the COM Server application with CLSID 
{2593F8B9-4EAF-457C-B68A-50F6B8EA6B54}
 and APPID 
{15C20B67-12E7-4BB6-92BB-7AFF07997402}
 to the user DESKTOP-C1R04V7\sakov SID (S-1-5-21-1674230623-2899171402-1259877898-1001) from address LocalHost (Using LRPC) running in the application container Unavailable SID (Unavailable). This security permission can be modified using the Component Services administrative tool."
Warning,13-Sep-20 5:16:57 PM,Microsoft-Windows-DistributedCOM,10016,None,"The application-specific permission settings do not grant Local Activation permission for the COM Server application with CLSID 
{2593F8B9-4EAF-457C-B68A-50F6B8EA6B54}
 and APPID 
{15C20B67-12E7-4BB6-92BB-7AFF07997402}
 to the user DESKTOP-C1R04V7\sakov SID (S-1-5-21-1674230623-2899171402-1259877898-1001) from address LocalHost (Using LRPC) running in the application container Unavailable SID (Unavailable). This security permission can be modified using the Component Services administrative tool."
Warning,13-Sep-20 5:07:49 PM,Microsoft-Windows-DistributedCOM,10016,None,"The application-specific permission settings do not grant Local Activation permission for the COM Server application with CLSID 
{2593F8B9-4EAF-457C-B68A-50F6B8EA6B54}
 and APPID 
{15C20B67-12E7-4BB6-92BB-7AFF07997402}
 to the user DESKTOP-C1R04V7\sakov SID (S-1-5-21-1674230623-2899171402-1259877898-1001) from address LocalHost (Using LRPC) running in the application container Unavailable SID (Unavailable). This security permission can be modified using the Component Services administrative tool."
Warning,13-Sep-20 5:06:49 PM,Netwtw08,6062,None,6062 - Lso was triggered
Information,13-Sep-20 5:05:50 PM,Netwtw08,7021,None,7021 - Connection telemetry fields and analysis usage
Warning,13-Sep-20 4:58:18 PM,Microsoft-Windows-DistributedCOM,10016,None,"The application-specific permission settings do not grant Local Activation permission for the COM Server application with CLSID 
{2593F8B9-4EAF-457C-B68A-50F6B8EA6B54}
 and APPID 
{15C20B67-12E7-4BB6-92BB-7AFF07997402}
 to the user DESKTOP-C1R04V7\sakov SID (S-1-5-21-1674230623-2899171402-1259877898-1001) from address LocalHost (Using LRPC) running in the application container Unavailable SID (Unavailable). This security permission can be modified using the Component Services administrative tool."
Warning,13-Sep-20 4:53:28 PM,Microsoft-Windows-DistributedCOM,10016,None,"The application-specific permission settings do not grant Local Activation permission for the COM Server application with CLSID 
{2593F8B9-4EAF-457C-B68A-50F6B8EA6B54}
 and APPID 
{15C20B67-12E7-4BB6-92BB-7AFF07997402}
 to the user DESKTOP-C1R04V7\sakov SID (S-1-5-21-1674230623-2899171402-1259877898-1001) from address LocalHost (Using LRPC) running in the application container Unavailable SID (Unavailable). This security permission can be modified using the Component Services administrative tool."
Warning,13-Sep-20 4:45:57 PM,Microsoft-Windows-DistributedCOM,10016,None,"The application-specific permission settings do not grant Local Activation permission for the COM Server application with CLSID 
{2593F8B9-4EAF-457C-B68A-50F6B8EA6B54}
 and APPID 
{15C20B67-12E7-4BB6-92BB-7AFF07997402}
 to the user DESKTOP-C1R04V7\sakov SID (S-1-5-21-1674230623-2899171402-1259877898-1001) from address LocalHost (Using LRPC) running in the application container Unavailable SID (Unavailable). This security permission can be modified using the Component Services administrative tool."
Warning,13-Sep-20 3:21:48 PM,Microsoft-Windows-DistributedCOM,10016,None,"The application-specific permission settings do not grant Local Activation permission for the COM Server application with CLSID 
{2593F8B9-4EAF-457C-B68A-50F6B8EA6B54}
 and APPID 
{15C20B67-12E7-4BB6-92BB-7AFF07997402}
 to the user DESKTOP-C1R04V7\sakov SID (S-1-5-21-1674230623-2899171402-1259877898-1001) from address LocalHost (Using LRPC) running in the application container Unavailable SID (Unavailable). This security permission can be modified using the Component Services administrative tool."
Warning,13-Sep-20 3:21:48 PM,Microsoft-Windows-DistributedCOM,10016,None,"The application-specific permission settings do not grant Local Activation permission for the COM Server application with CLSID 
{2593F8B9-4EAF-457C-B68A-50F6B8EA6B54}
 and APPID 
{15C20B67-12E7-4BB6-92BB-7AFF07997402}
 to the user DESKTOP-C1R04V7\sakov SID (S-1-5-21-1674230623-2899171402-1259877898-1001) from address LocalHost (Using LRPC) running in the application container Unavailable SID (Unavailable). This security permission can be modified using the Component Services administrative tool."
Information,13-Sep-20 2:13:34 PM,Service Control Manager,7040,None,The start type of the Background Intelligent Transfer Service service was changed from startēt automātiski to pieprasīt startēšanu.
Information,13-Sep-20 2:11:28 PM,Service Control Manager,7040,None,The start type of the Background Intelligent Transfer Service service was changed from pieprasīt startēšanu to startēt automātiski.
Information,13-Sep-20 1:58:50 PM,Service Control Manager,7040,None,The start type of the Background Intelligent Transfer Service service was changed from startēt automātiski to pieprasīt startēšanu.
Information,13-Sep-20 1:52:08 PM,Microsoft-Windows-WindowsUpdateClient,19,Windows Update Agent,Installation Successful: Windows successfully installed the following update: Drošības informācijas atjauninājums produktam Microsoft Defender Antivirus - KB2267602 (versija 1.323.1074.0)
Information,13-Sep-20 1:52:03 PM,Microsoft-Windows-WindowsUpdateClient,43,Windows Update Agent,Installation Started: Windows has started installing the following update: Drošības informācijas atjauninājums produktam Microsoft Defender Antivirus - KB2267602 (versija 1.323.1074.0)
Information,13-Sep-20 1:52:03 PM,Microsoft-Windows-WindowsUpdateClient,44,Windows Update Agent,Windows Update started downloading an update.
Warning,13-Sep-20 1:51:12 PM,Microsoft-Windows-DistributedCOM,10016,None,"The application-specific permission settings do not grant Local Activation permission for the COM Server application with CLSID 
{2593F8B9-4EAF-457C-B68A-50F6B8EA6B54}
 and APPID 
{15C20B67-12E7-4BB6-92BB-7AFF07997402}
 to the user DESKTOP-C1R04V7\sakov SID (S-1-5-21-1674230623-2899171402-1259877898-1001) from address LocalHost (Using LRPC) running in the application container Unavailable SID (Unavailable). This security permission can be modified using the Component Services administrative tool."
Warning,13-Sep-20 1:49:13 PM,Microsoft-Windows-DistributedCOM,10016,None,"The application-specific permission settings do not grant Local Activation permission for the COM Server application with CLSID 
{2593F8B9-4EAF-457C-B68A-50F6B8EA6B54}
 and APPID 
{15C20B67-12E7-4BB6-92BB-7AFF07997402}
 to the user DESKTOP-C1R04V7\sakov SID (S-1-5-21-1674230623-2899171402-1259877898-1001) from address LocalHost (Using LRPC) running in the application container SpotifyAB.SpotifyMusic_1.141.634.0_x86__zpdnekdrzrea0 SID (Unavailable). This security permission can be modified using the Component Services administrative tool."
Warning,13-Sep-20 1:49:12 PM,Microsoft-Windows-DistributedCOM,10016,None,"The application-specific permission settings do not grant Local Activation permission for the COM Server application with CLSID 
{2593F8B9-4EAF-457C-B68A-50F6B8EA6B54}
 and APPID 
{15C20B67-12E7-4BB6-92BB-7AFF07997402}
 to the user DESKTOP-C1R04V7\sakov SID (S-1-5-21-1674230623-2899171402-1259877898-1001) from address LocalHost (Using LRPC) running in the application container Unavailable SID (Unavailable). This security permission can be modified using the Component Services administrative tool."
Information,13-Sep-20 1:49:11 PM,Microsoft-Windows-Kernel-General,16,None,The access history in hive \??\C:\ProgramData\Packages\SpotifyAB.SpotifyMusic_zpdnekdrzrea0\S-1-5-21-1674230623-2899171402-1259877898-1001\SystemAppData\Helium\Cache\83a36dc69c920d59_COM15.dat was cleared updating 1 keys and creating 1 modified pages.
Warning,13-Sep-20 1:49:10 PM,Microsoft-Windows-DistributedCOM,10016,None,"The application-specific permission settings do not grant Local Activation permission for the COM Server application with CLSID 
{2593F8B9-4EAF-457C-B68A-50F6B8EA6B54}
 and APPID 
{15C20B67-12E7-4BB6-92BB-7AFF07997402}
 to the user DESKTOP-C1R04V7\sakov SID (S-1-5-21-1674230623-2899171402-1259877898-1001) from address LocalHost (Using LRPC) running in the application container Unavailable SID (Unavailable). This security permission can be modified using the Component Services administrative tool."
Warning,13-Sep-20 1:48:54 PM,Netwtw08,6062,None,6062 - Lso was triggered
Information,13-Sep-20 1:48:51 PM,Microsoft-Windows-Power-Troubleshooter,1,None,"The system has returned from a low power state.

Sleep Time: ‎2020‎-‎09‎-‎13T05:59:49.417061800Z
Wake Time: ‎2020‎-‎09‎-‎13T20:48:49.774793700Z

Wake Source: Unknown"
Warning,13-Sep-20 1:48:50 PM,Microsoft-Windows-DistributedCOM,10016,None,"The application-specific permission settings do not grant Local Activation permission for the COM Server application with CLSID 
{6B3B8D23-FA8D-40B9-8DBD-B950333E2C52}
 and APPID 
{4839DDB7-58C2-48F5-8283-E1D1807D0D7D}
 to the user NT AUTHORITY\LOCAL SERVICE SID (S-1-5-19) from address LocalHost (Using LRPC) running in the application container Unavailable SID (Unavailable). This security permission can be modified using the Component Services administrative tool."
Warning,13-Sep-20 1:48:50 PM,Microsoft-Windows-DistributedCOM,10016,None,"The application-specific permission settings do not grant Local Activation permission for the COM Server application with CLSID 
{6B3B8D23-FA8D-40B9-8DBD-B950333E2C52}
 and APPID 
{4839DDB7-58C2-48F5-8283-E1D1807D0D7D}
 to the user NT AUTHORITY\LOCAL SERVICE SID (S-1-5-19) from address LocalHost (Using LRPC) running in the application container Unavailable SID (Unavailable). This security permission can be modified using the Component Services administrative tool."
Information,13-Sep-20 1:48:50 PM,Microsoft-Windows-Winlogon,7001,(1101),User Logon Notification for Customer Experience Improvement Program
Information,13-Sep-20 1:48:50 PM,BTHUSB,18,None,Windows cannot store Bluetooth authentication codes (link keys) on the local adapter. Bluetooth keyboards might not work in the system BIOS during startup.
Information,13-Sep-20 1:48:50 PM,Netwtw08,7021,None,7021 - Connection telemetry fields and analysis usage
Information,13-Sep-20 1:48:49 PM,Microsoft-Windows-Kernel-Boot,27,(33),The boot type was 0x1.
Information,13-Sep-20 1:48:49 PM,Microsoft-Windows-Kernel-Boot,25,(32),The boot menu policy was 0x1.
Information,13-Sep-20 1:48:49 PM,Microsoft-Windows-Kernel-Boot,32,(58),The bootmgr spent 0 ms waiting for user input.
Information,13-Sep-20 1:48:49 PM,Microsoft-Windows-Kernel-Boot,18,(57),There are 0x1 boot options on this system.
Information,13-Sep-20 1:48:49 PM,Microsoft-Windows-Kernel-Boot,30,(21),The firmware reported boot metrics.
Information,13-Sep-20 1:48:49 PM,Netwtw08,7026,None,7026 - Dump after return from D3 after cmd
Information,13-Sep-20 1:48:49 PM,Netwtw08,7025,None,7025 - Dump after return from D3 before cmd 
Information,13-Sep-20 1:48:48 PM,Microsoft-Windows-Kernel-General,1,(5),"The system time has changed to ‎2020‎-‎09‎-‎13T20:48:48.500000000Z from ‎2020‎-‎09‎-‎13T05:59:51.987652400Z.

Change Reason: System time synchronized with the hardware clock.
Process: '' (PID 4)."
Information,12-Sep-20 10:59:51 PM,Microsoft-Windows-Kernel-Power,107,(102),The system has resumed from sleep.
Information,13-Sep-20 1:48:49 PM,EventLog,6013,None,The system uptime is 257659 seconds.
Information,12-Sep-20 10:59:49 PM,Microsoft-Windows-Kernel-Power,42,(64),"The system is entering sleep.

Sleep Reason: Application API"
Information,12-Sep-20 10:59:49 PM,Microsoft-Windows-Kernel-Power,187,(243),User-mode process attempted to change the system state by calling SetSuspendState or SetSystemPowerState APIs.
Information,12-Sep-20 10:59:48 PM,Microsoft-Windows-Winlogon,7002,(1102),User Logoff Notification for Customer Experience Improvement Program
Warning,12-Sep-20 10:55:52 PM,Microsoft-Windows-DistributedCOM,10016,None,"The application-specific permission settings do not grant Local Activation permission for the COM Server application with CLSID 
{2593F8B9-4EAF-457C-B68A-50F6B8EA6B54}
 and APPID 
{15C20B67-12E7-4BB6-92BB-7AFF07997402}
 to the user DESKTOP-C1R04V7\sakov SID (S-1-5-21-1674230623-2899171402-1259877898-1001) from address LocalHost (Using LRPC) running in the application container Unavailable SID (Unavailable). This security permission can be modified using the Component Services administrative tool."
Warning,12-Sep-20 10:53:50 PM,Microsoft-Windows-DNS-Client,1014,(1014),Name resolution for the name images.evgaqas.com timed out after none of the configured DNS servers responded.
Warning,12-Sep-20 10:53:42 PM,Microsoft-Windows-DistributedCOM,10016,None,"The application-specific permission settings do not grant Local Activation permission for the COM Server application with CLSID 
{2593F8B9-4EAF-457C-B68A-50F6B8EA6B54}
 and APPID 
{15C20B67-12E7-4BB6-92BB-7AFF07997402}
 to the user DESKTOP-C1R04V7\sakov SID (S-1-5-21-1674230623-2899171402-1259877898-1001) from address LocalHost (Using LRPC) running in the application container Unavailable SID (Unavailable). This security permission can be modified using the Component Services administrative tool."
Warning,12-Sep-20 10:49:38 PM,Microsoft-Windows-DistributedCOM,10016,None,"The application-specific permission settings do not grant Local Activation permission for the COM Server application with CLSID 
{2593F8B9-4EAF-457C-B68A-50F6B8EA6B54}
 and APPID 
{15C20B67-12E7-4BB6-92BB-7AFF07997402}
 to the user DESKTOP-C1R04V7\sakov SID (S-1-5-21-1674230623-2899171402-1259877898-1001) from address LocalHost (Using LRPC) running in the application container Unavailable SID (Unavailable). This security permission can be modified using the Component Services administrative tool."
Warning,12-Sep-20 10:32:54 PM,Microsoft-Windows-DistributedCOM,10016,None,"The application-specific permission settings do not grant Local Activation permission for the COM Server application with CLSID 
{2593F8B9-4EAF-457C-B68A-50F6B8EA6B54}
 and APPID 
{15C20B67-12E7-4BB6-92BB-7AFF07997402}
 to the user DESKTOP-C1R04V7\sakov SID (S-1-5-21-1674230623-2899171402-1259877898-1001) from address LocalHost (Using LRPC) running in the application container Unavailable SID (Unavailable). This security permission can be modified using the Component Services administrative tool."
Warning,12-Sep-20 10:27:46 PM,Microsoft-Windows-DistributedCOM,10016,None,"The application-specific permission settings do not grant Local Activation permission for the COM Server application with CLSID 
{2593F8B9-4EAF-457C-B68A-50F6B8EA6B54}
 and APPID 
{15C20B67-12E7-4BB6-92BB-7AFF07997402}
 to the user DESKTOP-C1R04V7\sakov SID (S-1-5-21-1674230623-2899171402-1259877898-1001) from address LocalHost (Using LRPC) running in the application container Unavailable SID (Unavailable). This security permission can be modified using the Component Services administrative tool."
Warning,12-Sep-20 10:16:08 PM,Microsoft-Windows-DistributedCOM,10016,None,"The application-specific permission settings do not grant Local Activation permission for the COM Server application with CLSID 
{2593F8B9-4EAF-457C-B68A-50F6B8EA6B54}
 and APPID 
{15C20B67-12E7-4BB6-92BB-7AFF07997402}
 to the user DESKTOP-C1R04V7\sakov SID (S-1-5-21-1674230623-2899171402-1259877898-1001) from address LocalHost (Using LRPC) running in the application container Unavailable SID (Unavailable). This security permission can be modified using the Component Services administrative tool."
Warning,12-Sep-20 10:09:51 PM,Microsoft-Windows-DistributedCOM,10016,None,"The application-specific permission settings do not grant Local Activation permission for the COM Server application with CLSID 
{2593F8B9-4EAF-457C-B68A-50F6B8EA6B54}
 and APPID 
{15C20B67-12E7-4BB6-92BB-7AFF07997402}
 to the user DESKTOP-C1R04V7\sakov SID (S-1-5-21-1674230623-2899171402-1259877898-1001) from address LocalHost (Using LRPC) running in the application container Unavailable SID (Unavailable). This security permission can be modified using the Component Services administrative tool."
Warning,12-Sep-20 10:07:25 PM,Microsoft-Windows-DistributedCOM,10016,None,"The application-specific permission settings do not grant Local Activation permission for the COM Server application with CLSID 
{2593F8B9-4EAF-457C-B68A-50F6B8EA6B54}
 and APPID 
{15C20B67-12E7-4BB6-92BB-7AFF07997402}
 to the user DESKTOP-C1R04V7\sakov SID (S-1-5-21-1674230623-2899171402-1259877898-1001) from address LocalHost (Using LRPC) running in the application container Unavailable SID (Unavailable). This security permission can be modified using the Component Services administrative tool."
Warning,12-Sep-20 10:05:16 PM,Microsoft-Windows-DistributedCOM,10016,None,"The application-specific permission settings do not grant Local Activation permission for the COM Server application with CLSID 
{2593F8B9-4EAF-457C-B68A-50F6B8EA6B54}
 and APPID 
{15C20B67-12E7-4BB6-92BB-7AFF07997402}
 to the user DESKTOP-C1R04V7\sakov SID (S-1-5-21-1674230623-2899171402-1259877898-1001) from address LocalHost (Using LRPC) running in the application container Unavailable SID (Unavailable). This security permission can be modified using the Component Services administrative tool."
Warning,12-Sep-20 10:03:11 PM,Microsoft-Windows-DistributedCOM,10016,None,"The application-specific permission settings do not grant Local Activation permission for the COM Server application with CLSID 
{2593F8B9-4EAF-457C-B68A-50F6B8EA6B54}
 and APPID 
{15C20B67-12E7-4BB6-92BB-7AFF07997402}
 to the user DESKTOP-C1R04V7\sakov SID (S-1-5-21-1674230623-2899171402-1259877898-1001) from address LocalHost (Using LRPC) running in the application container Unavailable SID (Unavailable). This security permission can be modified using the Component Services administrative tool."
Warning,12-Sep-20 10:01:43 PM,Microsoft-Windows-DistributedCOM,10016,None,"The application-specific permission settings do not grant Local Activation permission for the COM Server application with CLSID 
{2593F8B9-4EAF-457C-B68A-50F6B8EA6B54}
 and APPID 
{15C20B67-12E7-4BB6-92BB-7AFF07997402}
 to the user DESKTOP-C1R04V7\sakov SID (S-1-5-21-1674230623-2899171402-1259877898-1001) from address LocalHost (Using LRPC) running in the application container Unavailable SID (Unavailable). This security permission can be modified using the Component Services administrative tool."
Warning,12-Sep-20 9:38:05 PM,Microsoft-Windows-DistributedCOM,10016,None,"The application-specific permission settings do not grant Local Activation permission for the COM Server application with CLSID 
{2593F8B9-4EAF-457C-B68A-50F6B8EA6B54}
 and APPID 
{15C20B67-12E7-4BB6-92BB-7AFF07997402}
 to the user DESKTOP-C1R04V7\sakov SID (S-1-5-21-1674230623-2899171402-1259877898-1001) from address LocalHost (Using LRPC) running in the application container Unavailable SID (Unavailable). This security permission can be modified using the Component Services administrative tool."
Warning,12-Sep-20 9:13:51 PM,Microsoft-Windows-DistributedCOM,10016,None,"The application-specific permission settings do not grant Local Activation permission for the COM Server application with CLSID 
{2593F8B9-4EAF-457C-B68A-50F6B8EA6B54}
 and APPID 
{15C20B67-12E7-4BB6-92BB-7AFF07997402}
 to the user DESKTOP-C1R04V7\sakov SID (S-1-5-21-1674230623-2899171402-1259877898-1001) from address LocalHost (Using LRPC) running in the application container Unavailable SID (Unavailable). This security permission can be modified using the Component Services administrative tool."
Warning,12-Sep-20 9:13:51 PM,Microsoft-Windows-DistributedCOM,10016,None,"The application-specific permission settings do not grant Local Activation permission for the COM Server application with CLSID 
{2593F8B9-4EAF-457C-B68A-50F6B8EA6B54}
 and APPID 
{15C20B67-12E7-4BB6-92BB-7AFF07997402}
 to the user DESKTOP-C1R04V7\sakov SID (S-1-5-21-1674230623-2899171402-1259877898-1001) from address LocalHost (Using LRPC) running in the application container Unavailable SID (Unavailable). This security permission can be modified using the Component Services administrative tool."
Warning,12-Sep-20 9:08:01 PM,Microsoft-Windows-DistributedCOM,10016,None,"The application-specific permission settings do not grant Local Activation permission for the COM Server application with CLSID 
{2593F8B9-4EAF-457C-B68A-50F6B8EA6B54}
 and APPID 
{15C20B67-12E7-4BB6-92BB-7AFF07997402}
 to the user DESKTOP-C1R04V7\sakov SID (S-1-5-21-1674230623-2899171402-1259877898-1001) from address LocalHost (Using LRPC) running in the application container Unavailable SID (Unavailable). This security permission can be modified using the Component Services administrative tool."
Warning,12-Sep-20 8:56:32 PM,Microsoft-Windows-DistributedCOM,10016,None,"The application-specific permission settings do not grant Local Activation permission for the COM Server application with CLSID 
{37399C92-DC3F-4B55-AE5B-811EE82398AD}
 and APPID 
{37399C92-DC3F-4B55-AE5B-811EE82398AD}
 to the user DESKTOP-C1R04V7\sakov SID (S-1-5-21-1674230623-2899171402-1259877898-1001) from address LocalHost (Using LRPC) running in the application container Microsoft.GamingApp_2009.1001.4.0_x64__8wekyb3d8bbwe SID (S-1-15-2-1723189366-2159580849-2248400763-1481059666-1951766778-2756563051-3565589001). This security permission can be modified using the Component Services administrative tool."
Warning,12-Sep-20 8:56:22 PM,Microsoft-Windows-DistributedCOM,10016,None,"The application-specific permission settings do not grant Local Activation permission for the COM Server application with CLSID 
{37399C92-DC3F-4B55-AE5B-811EE82398AD}
 and APPID 
{37399C92-DC3F-4B55-AE5B-811EE82398AD}
 to the user DESKTOP-C1R04V7\sakov SID (S-1-5-21-1674230623-2899171402-1259877898-1001) from address LocalHost (Using LRPC) running in the application container Microsoft.GamingApp_2009.1001.4.0_x64__8wekyb3d8bbwe SID (S-1-15-2-1723189366-2159580849-2248400763-1481059666-1951766778-2756563051-3565589001). This security permission can be modified using the Component Services administrative tool."
Warning,12-Sep-20 8:56:12 PM,Microsoft-Windows-DistributedCOM,10016,None,"The application-specific permission settings do not grant Local Activation permission for the COM Server application with CLSID 
{37399C92-DC3F-4B55-AE5B-811EE82398AD}
 and APPID 
{37399C92-DC3F-4B55-AE5B-811EE82398AD}
 to the user DESKTOP-C1R04V7\sakov SID (S-1-5-21-1674230623-2899171402-1259877898-1001) from address LocalHost (Using LRPC) running in the application container Microsoft.GamingApp_2009.1001.4.0_x64__8wekyb3d8bbwe SID (S-1-15-2-1723189366-2159580849-2248400763-1481059666-1951766778-2756563051-3565589001). This security permission can be modified using the Component Services administrative tool."
Warning,12-Sep-20 8:56:02 PM,Microsoft-Windows-DistributedCOM,10016,None,"The application-specific permission settings do not grant Local Activation permission for the COM Server application with CLSID 
{37399C92-DC3F-4B55-AE5B-811EE82398AD}
 and APPID 
{37399C92-DC3F-4B55-AE5B-811EE82398AD}
 to the user DESKTOP-C1R04V7\sakov SID (S-1-5-21-1674230623-2899171402-1259877898-1001) from address LocalHost (Using LRPC) running in the application container Microsoft.GamingApp_2009.1001.4.0_x64__8wekyb3d8bbwe SID (S-1-15-2-1723189366-2159580849-2248400763-1481059666-1951766778-2756563051-3565589001). This security permission can be modified using the Component Services administrative tool."
Warning,12-Sep-20 8:55:52 PM,Microsoft-Windows-DistributedCOM,10016,None,"The application-specific permission settings do not grant Local Activation permission for the COM Server application with CLSID 
{37399C92-DC3F-4B55-AE5B-811EE82398AD}
 and APPID 
{37399C92-DC3F-4B55-AE5B-811EE82398AD}
 to the user DESKTOP-C1R04V7\sakov SID (S-1-5-21-1674230623-2899171402-1259877898-1001) from address LocalHost (Using LRPC) running in the application container Microsoft.GamingApp_2009.1001.4.0_x64__8wekyb3d8bbwe SID (S-1-15-2-1723189366-2159580849-2248400763-1481059666-1951766778-2756563051-3565589001). This security permission can be modified using the Component Services administrative tool."
Warning,12-Sep-20 8:55:42 PM,Microsoft-Windows-DistributedCOM,10016,None,"The application-specific permission settings do not grant Local Activation permission for the COM Server application with CLSID 
{37399C92-DC3F-4B55-AE5B-811EE82398AD}
 and APPID 
{37399C92-DC3F-4B55-AE5B-811EE82398AD}
 to the user DESKTOP-C1R04V7\sakov SID (S-1-5-21-1674230623-2899171402-1259877898-1001) from address LocalHost (Using LRPC) running in the application container Microsoft.GamingApp_2009.1001.4.0_x64__8wekyb3d8bbwe SID (S-1-15-2-1723189366-2159580849-2248400763-1481059666-1951766778-2756563051-3565589001). This security permission can be modified using the Component Services administrative tool."
Warning,12-Sep-20 8:55:32 PM,Microsoft-Windows-DistributedCOM,10016,None,"The application-specific permission settings do not grant Local Activation permission for the COM Server application with CLSID 
{37399C92-DC3F-4B55-AE5B-811EE82398AD}
 and APPID 
{37399C92-DC3F-4B55-AE5B-811EE82398AD}
 to the user DESKTOP-C1R04V7\sakov SID (S-1-5-21-1674230623-2899171402-1259877898-1001) from address LocalHost (Using LRPC) running in the application container Microsoft.GamingApp_2009.1001.4.0_x64__8wekyb3d8bbwe SID (S-1-15-2-1723189366-2159580849-2248400763-1481059666-1951766778-2756563051-3565589001). This security permission can be modified using the Component Services administrative tool."
Warning,12-Sep-20 8:55:22 PM,Microsoft-Windows-DistributedCOM,10016,None,"The application-specific permission settings do not grant Local Activation permission for the COM Server application with CLSID 
{37399C92-DC3F-4B55-AE5B-811EE82398AD}
 and APPID 
{37399C92-DC3F-4B55-AE5B-811EE82398AD}
 to the user DESKTOP-C1R04V7\sakov SID (S-1-5-21-1674230623-2899171402-1259877898-1001) from address LocalHost (Using LRPC) running in the application container Microsoft.GamingApp_2009.1001.4.0_x64__8wekyb3d8bbwe SID (S-1-15-2-1723189366-2159580849-2248400763-1481059666-1951766778-2756563051-3565589001). This security permission can be modified using the Component Services administrative tool."
Warning,12-Sep-20 8:55:12 PM,Microsoft-Windows-DistributedCOM,10016,None,"The application-specific permission settings do not grant Local Activation permission for the COM Server application with CLSID 
{37399C92-DC3F-4B55-AE5B-811EE82398AD}
 and APPID 
{37399C92-DC3F-4B55-AE5B-811EE82398AD}
 to the user DESKTOP-C1R04V7\sakov SID (S-1-5-21-1674230623-2899171402-1259877898-1001) from address LocalHost (Using LRPC) running in the application container Microsoft.GamingApp_2009.1001.4.0_x64__8wekyb3d8bbwe SID (S-1-15-2-1723189366-2159580849-2248400763-1481059666-1951766778-2756563051-3565589001). This security permission can be modified using the Component Services administrative tool."
Warning,12-Sep-20 8:55:02 PM,Microsoft-Windows-DistributedCOM,10016,None,"The application-specific permission settings do not grant Local Activation permission for the COM Server application with CLSID 
{37399C92-DC3F-4B55-AE5B-811EE82398AD}
 and APPID 
{37399C92-DC3F-4B55-AE5B-811EE82398AD}
 to the user DESKTOP-C1R04V7\sakov SID (S-1-5-21-1674230623-2899171402-1259877898-1001) from address LocalHost (Using LRPC) running in the application container Microsoft.GamingApp_2009.1001.4.0_x64__8wekyb3d8bbwe SID (S-1-15-2-1723189366-2159580849-2248400763-1481059666-1951766778-2756563051-3565589001). This security permission can be modified using the Component Services administrative tool."
Warning,12-Sep-20 8:54:52 PM,Microsoft-Windows-DistributedCOM,10016,None,"The application-specific permission settings do not grant Local Activation permission for the COM Server application with CLSID 
{37399C92-DC3F-4B55-AE5B-811EE82398AD}
 and APPID 
{37399C92-DC3F-4B55-AE5B-811EE82398AD}
 to the user DESKTOP-C1R04V7\sakov SID (S-1-5-21-1674230623-2899171402-1259877898-1001) from address LocalHost (Using LRPC) running in the application container Microsoft.GamingApp_2009.1001.4.0_x64__8wekyb3d8bbwe SID (S-1-15-2-1723189366-2159580849-2248400763-1481059666-1951766778-2756563051-3565589001). This security permission can be modified using the Component Services administrative tool."
Warning,12-Sep-20 8:54:42 PM,Microsoft-Windows-DistributedCOM,10016,None,"The application-specific permission settings do not grant Local Activation permission for the COM Server application with CLSID 
{37399C92-DC3F-4B55-AE5B-811EE82398AD}
 and APPID 
{37399C92-DC3F-4B55-AE5B-811EE82398AD}
 to the user DESKTOP-C1R04V7\sakov SID (S-1-5-21-1674230623-2899171402-1259877898-1001) from address LocalHost (Using LRPC) running in the application container Microsoft.GamingApp_2009.1001.4.0_x64__8wekyb3d8bbwe SID (S-1-15-2-1723189366-2159580849-2248400763-1481059666-1951766778-2756563051-3565589001). This security permission can be modified using the Component Services administrative tool."
Warning,12-Sep-20 8:54:32 PM,Microsoft-Windows-DistributedCOM,10016,None,"The application-specific permission settings do not grant Local Activation permission for the COM Server application with CLSID 
{37399C92-DC3F-4B55-AE5B-811EE82398AD}
 and APPID 
{37399C92-DC3F-4B55-AE5B-811EE82398AD}
 to the user DESKTOP-C1R04V7\sakov SID (S-1-5-21-1674230623-2899171402-1259877898-1001) from address LocalHost (Using LRPC) running in the application container Microsoft.GamingApp_2009.1001.4.0_x64__8wekyb3d8bbwe SID (S-1-15-2-1723189366-2159580849-2248400763-1481059666-1951766778-2756563051-3565589001). This security permission can be modified using the Component Services administrative tool."
Warning,12-Sep-20 8:54:22 PM,Microsoft-Windows-DistributedCOM,10016,None,"The application-specific permission settings do not grant Local Activation permission for the COM Server application with CLSID 
{37399C92-DC3F-4B55-AE5B-811EE82398AD}
 and APPID 
{37399C92-DC3F-4B55-AE5B-811EE82398AD}
 to the user DESKTOP-C1R04V7\sakov SID (S-1-5-21-1674230623-2899171402-1259877898-1001) from address LocalHost (Using LRPC) running in the application container Microsoft.GamingApp_2009.1001.4.0_x64__8wekyb3d8bbwe SID (S-1-15-2-1723189366-2159580849-2248400763-1481059666-1951766778-2756563051-3565589001). This security permission can be modified using the Component Services administrative tool."
Warning,12-Sep-20 8:54:12 PM,Microsoft-Windows-DistributedCOM,10016,None,"The application-specific permission settings do not grant Local Activation permission for the COM Server application with CLSID 
{37399C92-DC3F-4B55-AE5B-811EE82398AD}
 and APPID 
{37399C92-DC3F-4B55-AE5B-811EE82398AD}
 to the user DESKTOP-C1R04V7\sakov SID (S-1-5-21-1674230623-2899171402-1259877898-1001) from address LocalHost (Using LRPC) running in the application container Microsoft.GamingApp_2009.1001.4.0_x64__8wekyb3d8bbwe SID (S-1-15-2-1723189366-2159580849-2248400763-1481059666-1951766778-2756563051-3565589001). This security permission can be modified using the Component Services administrative tool."
Warning,12-Sep-20 8:54:02 PM,Microsoft-Windows-DistributedCOM,10016,None,"The application-specific permission settings do not grant Local Activation permission for the COM Server application with CLSID 
{37399C92-DC3F-4B55-AE5B-811EE82398AD}
 and APPID 
{37399C92-DC3F-4B55-AE5B-811EE82398AD}
 to the user DESKTOP-C1R04V7\sakov SID (S-1-5-21-1674230623-2899171402-1259877898-1001) from address LocalHost (Using LRPC) running in the application container Microsoft.GamingApp_2009.1001.4.0_x64__8wekyb3d8bbwe SID (S-1-15-2-1723189366-2159580849-2248400763-1481059666-1951766778-2756563051-3565589001). This security permission can be modified using the Component Services administrative tool."
Warning,12-Sep-20 8:53:52 PM,Microsoft-Windows-DistributedCOM,10016,None,"The application-specific permission settings do not grant Local Activation permission for the COM Server application with CLSID 
{37399C92-DC3F-4B55-AE5B-811EE82398AD}
 and APPID 
{37399C92-DC3F-4B55-AE5B-811EE82398AD}
 to the user DESKTOP-C1R04V7\sakov SID (S-1-5-21-1674230623-2899171402-1259877898-1001) from address LocalHost (Using LRPC) running in the application container Microsoft.GamingApp_2009.1001.4.0_x64__8wekyb3d8bbwe SID (S-1-15-2-1723189366-2159580849-2248400763-1481059666-1951766778-2756563051-3565589001). This security permission can be modified using the Component Services administrative tool."
Warning,12-Sep-20 8:53:42 PM,Microsoft-Windows-DistributedCOM,10016,None,"The application-specific permission settings do not grant Local Activation permission for the COM Server application with CLSID 
{37399C92-DC3F-4B55-AE5B-811EE82398AD}
 and APPID 
{37399C92-DC3F-4B55-AE5B-811EE82398AD}
 to the user DESKTOP-C1R04V7\sakov SID (S-1-5-21-1674230623-2899171402-1259877898-1001) from address LocalHost (Using LRPC) running in the application container Microsoft.GamingApp_2009.1001.4.0_x64__8wekyb3d8bbwe SID (S-1-15-2-1723189366-2159580849-2248400763-1481059666-1951766778-2756563051-3565589001). This security permission can be modified using the Component Services administrative tool."
Warning,12-Sep-20 8:53:32 PM,Microsoft-Windows-DistributedCOM,10016,None,"The application-specific permission settings do not grant Local Activation permission for the COM Server application with CLSID 
{37399C92-DC3F-4B55-AE5B-811EE82398AD}
 and APPID 
{37399C92-DC3F-4B55-AE5B-811EE82398AD}
 to the user DESKTOP-C1R04V7\sakov SID (S-1-5-21-1674230623-2899171402-1259877898-1001) from address LocalHost (Using LRPC) running in the application container Microsoft.GamingApp_2009.1001.4.0_x64__8wekyb3d8bbwe SID (S-1-15-2-1723189366-2159580849-2248400763-1481059666-1951766778-2756563051-3565589001). This security permission can be modified using the Component Services administrative tool."
Warning,12-Sep-20 8:53:22 PM,Microsoft-Windows-DistributedCOM,10016,None,"The application-specific permission settings do not grant Local Activation permission for the COM Server application with CLSID 
{37399C92-DC3F-4B55-AE5B-811EE82398AD}
 and APPID 
{37399C92-DC3F-4B55-AE5B-811EE82398AD}
 to the user DESKTOP-C1R04V7\sakov SID (S-1-5-21-1674230623-2899171402-1259877898-1001) from address LocalHost (Using LRPC) running in the application container Microsoft.GamingApp_2009.1001.4.0_x64__8wekyb3d8bbwe SID (S-1-15-2-1723189366-2159580849-2248400763-1481059666-1951766778-2756563051-3565589001). This security permission can be modified using the Component Services administrative tool."
Warning,12-Sep-20 8:53:12 PM,Microsoft-Windows-DistributedCOM,10016,None,"The application-specific permission settings do not grant Local Activation permission for the COM Server application with CLSID 
{37399C92-DC3F-4B55-AE5B-811EE82398AD}
 and APPID 
{37399C92-DC3F-4B55-AE5B-811EE82398AD}
 to the user DESKTOP-C1R04V7\sakov SID (S-1-5-21-1674230623-2899171402-1259877898-1001) from address LocalHost (Using LRPC) running in the application container Microsoft.GamingApp_2009.1001.4.0_x64__8wekyb3d8bbwe SID (S-1-15-2-1723189366-2159580849-2248400763-1481059666-1951766778-2756563051-3565589001). This security permission can be modified using the Component Services administrative tool."
Warning,12-Sep-20 8:53:02 PM,Microsoft-Windows-DistributedCOM,10016,None,"The application-specific permission settings do not grant Local Activation permission for the COM Server application with CLSID 
{37399C92-DC3F-4B55-AE5B-811EE82398AD}
 and APPID 
{37399C92-DC3F-4B55-AE5B-811EE82398AD}
 to the user DESKTOP-C1R04V7\sakov SID (S-1-5-21-1674230623-2899171402-1259877898-1001) from address LocalHost (Using LRPC) running in the application container Microsoft.GamingApp_2009.1001.4.0_x64__8wekyb3d8bbwe SID (S-1-15-2-1723189366-2159580849-2248400763-1481059666-1951766778-2756563051-3565589001). This security permission can be modified using the Component Services administrative tool."
Warning,12-Sep-20 8:53:02 PM,Microsoft-Windows-DistributedCOM,10016,None,"The application-specific permission settings do not grant Local Activation permission for the COM Server application with CLSID 
{37399C92-DC3F-4B55-AE5B-811EE82398AD}
 and APPID 
{37399C92-DC3F-4B55-AE5B-811EE82398AD}
 to the user DESKTOP-C1R04V7\sakov SID (S-1-5-21-1674230623-2899171402-1259877898-1001) from address LocalHost (Using LRPC) running in the application container Microsoft.GamingApp_2009.1001.4.0_x64__8wekyb3d8bbwe SID (S-1-15-2-1723189366-2159580849-2248400763-1481059666-1951766778-2756563051-3565589001). This security permission can be modified using the Component Services administrative tool."
Warning,12-Sep-20 8:53:02 PM,Microsoft-Windows-DistributedCOM,10016,None,"The application-specific permission settings do not grant Local Activation permission for the COM Server application with CLSID 
{37399C92-DC3F-4B55-AE5B-811EE82398AD}
 and APPID 
{37399C92-DC3F-4B55-AE5B-811EE82398AD}
 to the user DESKTOP-C1R04V7\sakov SID (S-1-5-21-1674230623-2899171402-1259877898-1001) from address LocalHost (Using LRPC) running in the application container Microsoft.GamingApp_2009.1001.4.0_x64__8wekyb3d8bbwe SID (S-1-15-2-1723189366-2159580849-2248400763-1481059666-1951766778-2756563051-3565589001). This security permission can be modified using the Component Services administrative tool."
Warning,12-Sep-20 8:53:01 PM,Microsoft-Windows-DistributedCOM,10016,None,"The application-specific permission settings do not grant Local Activation permission for the COM Server application with CLSID 
{37399C92-DC3F-4B55-AE5B-811EE82398AD}
 and APPID 
{37399C92-DC3F-4B55-AE5B-811EE82398AD}
 to the user DESKTOP-C1R04V7\sakov SID (S-1-5-21-1674230623-2899171402-1259877898-1001) from address LocalHost (Using LRPC) running in the application container Microsoft.GamingApp_2009.1001.4.0_x64__8wekyb3d8bbwe SID (S-1-15-2-1723189366-2159580849-2248400763-1481059666-1951766778-2756563051-3565589001). This security permission can be modified using the Component Services administrative tool."
