Information,26-Aug-20 3:41:58 PM,Microsoft-Windows-FilterManager,6,None,"File System Filter 'FileCrypt' (10.0, ‎2002‎-‎03‎-‎01T04:12:42.000000000Z) has successfully loaded and registered with Filter Manager."
Information,26-Aug-20 3:41:55 PM,Microsoft-Windows-Ntfs,98,None,Volume C: (\Device\HarddiskVolume4) is healthy.  No action is needed.
Information,26-Aug-20 3:41:55 PM,Microsoft-Windows-FilterManager,6,None,"File System Filter 'Wof' (10.0, ‎2050‎-‎10‎-‎18T06:21:08.000000000Z) has successfully loaded and registered with Filter Manager."
Information,26-Aug-20 3:41:55 PM,Microsoft-Windows-FilterManager,6,None,"File System Filter 'FileInfo' (10.0, ‎2062‎-‎12‎-‎22T22:21:06.000000000Z) has successfully loaded and registered with Filter Manager."
Information,26-Aug-20 3:41:54 PM,Microsoft-Windows-HAL,16,None,The iommu fault reporting has been initialized.
Information,26-Aug-20 3:41:54 PM,Microsoft-Windows-Kernel-General,20,(6),"The leap second configuration has been updated.
Reason: Leap second data initialized from registry during boot
Leap seconds enabled: true
New leap second count: 0
Old leap second count: 0"
Information,26-Aug-20 3:41:54 PM,Microsoft-Windows-Kernel-Boot,30,(21),The firmware reported boot metrics.
Information,26-Aug-20 3:41:54 PM,Microsoft-Windows-Kernel-Boot,32,(58),The bootmgr spent 0 ms waiting for user input.
Information,26-Aug-20 3:41:54 PM,Microsoft-Windows-Kernel-Boot,26,None,A one-time boot sequence was used during this boot.
Information,26-Aug-20 3:41:54 PM,Microsoft-Windows-Kernel-Boot,27,(33),The boot type was 0x0.
Information,26-Aug-20 3:41:54 PM,Microsoft-Windows-Kernel-Boot,25,(32),The boot menu policy was 0x1.
Information,26-Aug-20 3:41:54 PM,Microsoft-Windows-Kernel-Boot,238,(101),EFI time zone bias: 2047. Daylight flags: 0
Information,26-Aug-20 3:41:54 PM,Microsoft-Windows-Kernel-Boot,20,(31),The last shutdown's success status was true. The last boot's success status was true.
Information,26-Aug-20 3:41:54 PM,Microsoft-Windows-Kernel-Boot,153,(62),Virtualization-based security (policies: 0) is disabled.
Information,26-Aug-20 3:41:54 PM,Microsoft-Windows-Kernel-General,12,(1),The operating system started at system time ‎2020‎-‎08‎-‎26T22:41:54.500000000Z.
Information,26-Aug-20 3:41:37 PM,Microsoft-Windows-Kernel-General,13,(2),The operating system is shutting down at system time ‎2020‎-‎08‎-‎26T22:41:37.583493200Z.
Information,26-Aug-20 3:41:37 PM,Microsoft-Windows-Kernel-Power,109,(103),"The kernel power manager has initiated a shutdown transition.

Shutdown Reason: Kernel API"
Information,26-Aug-20 3:41:37 PM,Microsoft-Windows-WLAN-AutoConfig,4001,None,"WLAN AutoConfig service has successfully stopped.
"
Warning,26-Aug-20 3:41:37 PM,Microsoft-Windows-WLAN-AutoConfig,10002,None,"WLAN Extensibility Module has stopped.

Module Path: C:\WINDOWS\system32\IntelIHVRouter08.dll
"
Information,26-Aug-20 3:41:37 PM,Microsoft-Windows-Dhcp-Client,50037,Service State Event,DHCPv4 client service is stopped. ShutDown Flag value is 1
Information,26-Aug-20 3:42:08 PM,EventLog,6013,None,The system uptime is 13 seconds.
Information,26-Aug-20 3:42:08 PM,EventLog,6005,None,The Event log service was started.
Information,26-Aug-20 3:42:08 PM,EventLog,6009,None,Microsoft (R) Windows (R) 10.00. 19041  Multiprocessor Free.
Information,26-Aug-20 3:41:37 PM,Microsoft-Windows-DHCPv6-Client,51057,Service State Event,DHCPv6 client service stop is almost done.DHCP Context Ref count is 1
Information,26-Aug-20 3:41:37 PM,Microsoft-Windows-Dhcp-Client,50106,Service State Event,DHCPv4 is waiting on DHCPv6 service to stop
Information,26-Aug-20 3:41:37 PM,Microsoft-Windows-DHCPv6-Client,51047,Service State Event,DHCPv6 client service is stopped. ShutDown Flag value is 1
Information,26-Aug-20 3:41:37 PM,Microsoft-Windows-Dhcp-Client,50105,Service State Event,DHCPv4 client ProcessDHCPRequestForever received TERMINATE_EVENT
Information,26-Aug-20 3:41:37 PM,Microsoft-Windows-Dhcp-Client,50104,Service State Event,DHCPv4 client received shutdown notification
Information,26-Aug-20 3:41:36 PM,User32,1074,None,"The process C:\WINDOWS\system32\winlogon.exe (DESKTOP-C1R04V7) has initiated the restart of computer DESKTOP-C1R04V7 on behalf of user NT AUTHORITY\SYSTEM for the following reason: Operating System: Upgrade (Planned)
 Reason Code: 0x80020003
 Shutdown Type: restart
 Comment: "
Information,26-Aug-20 3:41:37 PM,EventLog,6006,None,The Event log service was stopped.
Information,26-Aug-20 3:41:36 PM,Service Control Manager,7045,None,"A service was installed in the system.

Service Name:  vgk
Service File Name:  \??\C:\Program Files\Riot Vanguard\vgk.sys
Service Type:  kernel mode driver
Service Start Type:  system start
Service Account:  "
Information,26-Aug-20 3:41:36 PM,Service Control Manager,7045,None,"A service was installed in the system.

Service Name:  vgc
Service File Name:  ""C:\Program Files\Riot Vanguard\vgc.exe""
Service Type:  user mode service
Service Start Type:  demand start
Service Account:  LocalSystem"
Information,26-Aug-20 3:41:36 PM,Service Control Manager,7045,None,"A service was installed in the system.

Service Name:  Steam Client Service
Service File Name:  ""C:\Program Files (x86)\Common Files\Steam\SteamService.exe"" /RunAsService
Service Type:  user mode service
Service Start Type:  demand start
Service Account:  LocalSystem"
Information,26-Aug-20 3:41:36 PM,Service Control Manager,7045,None,"A service was installed in the system.

Service Name:  Google Update Service (gupdatem)
Service File Name:  ""C:\Program Files (x86)\Google\Update\GoogleUpdate.exe"" /medsvc
Service Type:  user mode service
Service Start Type:  demand start
Service Account:  LocalSystem"
Information,26-Aug-20 3:41:36 PM,Service Control Manager,7045,None,"A service was installed in the system.

Service Name:  Google Update Service (gupdate)
Service File Name:  ""C:\Program Files (x86)\Google\Update\GoogleUpdate.exe"" /svc
Service Type:  user mode service
Service Start Type:  auto start
Service Account:  LocalSystem"
Information,26-Aug-20 3:41:36 PM,Service Control Manager,7045,None,"A service was installed in the system.

Service Name:  Google Chrome Elevation Service (GoogleChromeElevationService)
Service File Name:  ""C:\Program Files (x86)\Google\Chrome\Application\84.0.4147.135\elevation_service.exe""
Service Type:  user mode service
Service Start Type:  demand start
Service Account:  LocalSystem"
Information,26-Aug-20 3:41:36 PM,Service Control Manager,7045,None,"A service was installed in the system.

Service Name:  Microsoft Office Click-to-Run pakalpojums
Service File Name:  ""C:\Program Files\Common Files\Microsoft Shared\ClickToRun\OfficeClickToRun.exe"" /service
Service Type:  user mode service
Service Start Type:  auto start
Service Account:  LocalSystem"
Information,26-Aug-20 3:41:35 PM,Microsoft-Windows-Setup,2004,OS information,Successfully logged OS information
Information,26-Aug-20 3:41:32 PM,Service Control Manager,7026,None,"The following boot-start or system-start driver(s) did not load: 
CSC
dam"
Information,26-Aug-20 3:41:31 PM,Microsoft-Windows-FilterManager,6,None,"File System Filter 'bindflt' (10.0, ‎2090‎-‎10‎-‎31T12:47:32.000000000Z) has successfully loaded and registered with Filter Manager."
Information,26-Aug-20 3:41:31 PM,Microsoft-Windows-FilterManager,6,None,"File System Filter 'storqosflt' (10.0, ‎2007‎-‎04‎-‎09T11:08:30.000000000Z) has successfully loaded and registered with Filter Manager."
Information,26-Aug-20 3:41:31 PM,Microsoft-Windows-FilterManager,6,None,"File System Filter 'CldFlt' (10.0, ‎1994‎-‎04‎-‎04T15:13:14.000000000Z) has successfully loaded and registered with Filter Manager."
Information,26-Aug-20 3:41:31 PM,Microsoft-Windows-FilterManager,1,None,"File System Filter 'CldFlt' (Version 10.0, ‎1994‎-‎04‎-‎04T15:13:14.000000000Z) unloaded successfully."
Information,26-Aug-20 3:41:31 PM,Microsoft-Windows-FilterManager,6,None,"File System Filter 'CldFlt' (10.0, ‎1994‎-‎04‎-‎04T15:13:14.000000000Z) has successfully loaded and registered with Filter Manager."
Information,26-Aug-20 3:41:31 PM,Microsoft-Windows-FilterManager,6,None,"File System Filter 'luafv' (10.0, ‎2016‎-‎01‎-‎23T19:15:51.000000000Z) has successfully loaded and registered with Filter Manager."
Information,26-Aug-20 3:41:31 PM,Microsoft-Windows-FilterManager,6,None,"File System Filter 'wcifs' (10.0, ‎2027‎-‎01‎-‎31T19:32:49.000000000Z) has successfully loaded and registered with Filter Manager."
Information,26-Aug-20 3:41:31 PM,Microsoft-Windows-Kernel-General,16,None,The access history in hive \SystemRoot\System32\Config\BBI was cleared updating 1 keys and creating 1 modified pages.
Information,26-Aug-20 3:41:31 PM,Microsoft-Windows-SetupPlatform,2005,Install Windows Task,New Setup information
Information,26-Aug-20 3:41:19 PM,Microsoft-Windows-WLAN-AutoConfig,10001,None,"WLAN Extensibility Module has successfully started.

Module Path: C:\WINDOWS\system32\IntelIHVRouter08.dll
"
Information,26-Aug-20 3:41:19 PM,Microsoft-Windows-WLAN-AutoConfig,4000,None,"WLAN AutoConfig service has successfully started.
"
Information,26-Aug-20 3:41:18 PM,Microsoft-Windows-DHCPv6-Client,51046,Service State Event,DHCPv6 client service is started
Information,26-Aug-20 3:41:18 PM,Microsoft-Windows-Dhcp-Client,50103,Service State Event,DHCPv4 client registered for shutdown notification
Information,26-Aug-20 3:41:18 PM,Microsoft-Windows-Dhcp-Client,50036,Service State Event,DHCPv4 client service is started
Information,26-Aug-20 3:41:18 PM,Netwtw08,7017,None,7017 - secure boot (SB) configuration
Information,26-Aug-20 3:41:18 PM,Netwtw08,7010,None,7010 - driver enabled (miniport init)
Information,26-Aug-20 3:41:18 PM,Netwtw08,7005,None,7005 - SAR value max TX power (WRDS)
Information,26-Aug-20 3:41:18 PM,Netwtw08,7036,None,The \Device\NDMP2 service entered the Intel(R) Wireless-AC 9260 160MHz state.
Information,26-Aug-20 3:41:18 PM,Service Control Manager,7040,None,The start type of the WlanSvc service was changed from demand start to auto start.
Information,26-Aug-20 3:41:17 PM,BTHUSB,18,None,Windows cannot store Bluetooth authentication codes (link keys) on the local adapter. Bluetooth keyboards might not work in the system BIOS during startup.
Information,26-Aug-20 3:41:17 PM,Microsoft-Windows-Directory-Services-SAM,16977,None,"The domain is configured with the following minimum password length-related settings.

MinimumPasswordLength: 0

RelaxMinimumPasswordLengthLimits: 0

MinimumPasswordLengthAudit: -1

For more information see https://go.microsoft.com/fwlink/?LinkId=2097191.
"
Information,26-Aug-20 3:41:17 PM,Microsoft-Windows-Directory-Services-SAM,16962,None,"Remote calls to the SAM database are being restricted using the default security descriptor: O:SYG:SYD:(A;;RC;;;BA).
For more information please see http://go.microsoft.com/fwlink/?LinkId=787651."
Information,26-Aug-20 3:41:17 PM,Microsoft-Windows-Wininit,14,None,"Credential Guard configuration: 0x0, 0"
Information,26-Aug-20 3:41:16 PM,Microsoft-Windows-Kernel-General,24,(11),The time zone information was refreshed with exit reason 0. Current time zone bias is 420.
Information,26-Aug-20 3:41:15 PM,Microsoft-Windows-Ntfs,98,None,Volume E: (\Device\HarddiskVolume2) is healthy.  No action is needed.
Information,26-Aug-20 3:41:15 PM,Microsoft-Windows-Ntfs,98,None,Volume \\?\Volume{e77e4054-d94f-409a-b7a5-1934afc8f2e8} (\Device\HarddiskVolume5) is healthy.  No action is needed.
Information,26-Aug-20 3:41:15 PM,Microsoft-Windows-Ntfs,98,None,Volume D: (\Device\HarddiskVolume1) is healthy.  No action is needed.
Information,26-Aug-20 3:41:15 PM,Microsoft-Windows-Kernel-Power,172,(203),"Connectivity state in standby: Disconnected, Reason: NIC compliance"
Information,26-Aug-20 3:41:15 PM,Microsoft-Windows-FilterManager,6,None,"File System Filter 'npsvctrig' (10.0, ‎2025‎-‎01‎-‎05T19:41:12.000000000Z) has successfully loaded and registered with Filter Manager."
Information,26-Aug-20 3:41:15 PM,Microsoft-Windows-Kernel-Processor-Power,55,(47),"Processor 11 in group 0 exposes the following power management capabilities:

Idle state type: ACPI Idle (C) States (2 state(s))

Performance state type: ACPI Performance (P) / Throttle (T) States
Nominal Frequency (MHz): 3400
Maximum performance percentage: 100
Minimum performance percentage: 45
Minimum throttle percentage: 45"
Information,26-Aug-20 3:41:15 PM,Microsoft-Windows-Kernel-Processor-Power,55,(47),"Processor 10 in group 0 exposes the following power management capabilities:

Idle state type: ACPI Idle (C) States (2 state(s))

Performance state type: ACPI Performance (P) / Throttle (T) States
Nominal Frequency (MHz): 3400
Maximum performance percentage: 100
Minimum performance percentage: 45
Minimum throttle percentage: 45"
Information,26-Aug-20 3:41:15 PM,Microsoft-Windows-Kernel-Processor-Power,55,(47),"Processor 9 in group 0 exposes the following power management capabilities:

Idle state type: ACPI Idle (C) States (2 state(s))

Performance state type: ACPI Performance (P) / Throttle (T) States
Nominal Frequency (MHz): 3400
Maximum performance percentage: 100
Minimum performance percentage: 45
Minimum throttle percentage: 45"
Information,26-Aug-20 3:41:15 PM,Microsoft-Windows-Kernel-Processor-Power,55,(47),"Processor 8 in group 0 exposes the following power management capabilities:

Idle state type: ACPI Idle (C) States (2 state(s))

Performance state type: ACPI Performance (P) / Throttle (T) States
Nominal Frequency (MHz): 3400
Maximum performance percentage: 100
Minimum performance percentage: 45
Minimum throttle percentage: 45"
Information,26-Aug-20 3:41:15 PM,Microsoft-Windows-Kernel-Processor-Power,55,(47),"Processor 7 in group 0 exposes the following power management capabilities:

Idle state type: ACPI Idle (C) States (2 state(s))

Performance state type: ACPI Performance (P) / Throttle (T) States
Nominal Frequency (MHz): 3400
Maximum performance percentage: 100
Minimum performance percentage: 45
Minimum throttle percentage: 45"
Information,26-Aug-20 3:41:15 PM,Microsoft-Windows-Kernel-Processor-Power,55,(47),"Processor 6 in group 0 exposes the following power management capabilities:

Idle state type: ACPI Idle (C) States (2 state(s))

Performance state type: ACPI Performance (P) / Throttle (T) States
Nominal Frequency (MHz): 3400
Maximum performance percentage: 100
Minimum performance percentage: 45
Minimum throttle percentage: 45"
Information,26-Aug-20 3:41:15 PM,Microsoft-Windows-Kernel-Processor-Power,55,(47),"Processor 5 in group 0 exposes the following power management capabilities:

Idle state type: ACPI Idle (C) States (2 state(s))

Performance state type: ACPI Performance (P) / Throttle (T) States
Nominal Frequency (MHz): 3400
Maximum performance percentage: 100
Minimum performance percentage: 45
Minimum throttle percentage: 45"
Information,26-Aug-20 3:41:15 PM,Microsoft-Windows-Kernel-Processor-Power,55,(47),"Processor 4 in group 0 exposes the following power management capabilities:

Idle state type: ACPI Idle (C) States (2 state(s))

Performance state type: ACPI Performance (P) / Throttle (T) States
Nominal Frequency (MHz): 3400
Maximum performance percentage: 100
Minimum performance percentage: 45
Minimum throttle percentage: 45"
Information,26-Aug-20 3:41:15 PM,Microsoft-Windows-Kernel-Processor-Power,55,(47),"Processor 3 in group 0 exposes the following power management capabilities:

Idle state type: ACPI Idle (C) States (2 state(s))

Performance state type: ACPI Performance (P) / Throttle (T) States
Nominal Frequency (MHz): 3400
Maximum performance percentage: 100
Minimum performance percentage: 45
Minimum throttle percentage: 45"
Information,26-Aug-20 3:41:15 PM,Microsoft-Windows-Kernel-Processor-Power,55,(47),"Processor 2 in group 0 exposes the following power management capabilities:

Idle state type: ACPI Idle (C) States (2 state(s))

Performance state type: ACPI Performance (P) / Throttle (T) States
Nominal Frequency (MHz): 3400
Maximum performance percentage: 100
Minimum performance percentage: 45
Minimum throttle percentage: 45"
Information,26-Aug-20 3:41:15 PM,Microsoft-Windows-Kernel-Processor-Power,55,(47),"Processor 1 in group 0 exposes the following power management capabilities:

Idle state type: ACPI Idle (C) States (2 state(s))

Performance state type: ACPI Performance (P) / Throttle (T) States
Nominal Frequency (MHz): 3400
Maximum performance percentage: 100
Minimum performance percentage: 45
Minimum throttle percentage: 45"
Information,26-Aug-20 3:41:15 PM,Microsoft-Windows-Kernel-Processor-Power,55,(47),"Processor 0 in group 0 exposes the following power management capabilities:

Idle state type: ACPI Idle (C) States (2 state(s))

Performance state type: ACPI Performance (P) / Throttle (T) States
Nominal Frequency (MHz): 3400
Maximum performance percentage: 100
Minimum performance percentage: 45
Minimum throttle percentage: 45"
Information,26-Aug-20 3:41:14 PM,Microsoft-Windows-FilterManager,6,None,"File System Filter 'FileCrypt' (10.0, ‎2002‎-‎03‎-‎01T04:12:42.000000000Z) has successfully loaded and registered with Filter Manager."
Information,26-Aug-20 3:41:13 PM,Microsoft-Windows-Ntfs,98,None,Volume C: (\Device\HarddiskVolume4) is healthy.  No action is needed.
Information,26-Aug-20 3:41:12 PM,Microsoft-Windows-FilterManager,6,None,"File System Filter 'Wof' (10.0, ‎2050‎-‎10‎-‎18T06:21:08.000000000Z) has successfully loaded and registered with Filter Manager."
Information,26-Aug-20 3:41:12 PM,Microsoft-Windows-FilterManager,6,None,"File System Filter 'FileInfo' (10.0, ‎2062‎-‎12‎-‎22T22:21:06.000000000Z) has successfully loaded and registered with Filter Manager."
Information,26-Aug-20 3:41:12 PM,Microsoft-Windows-FilterManager,6,None,"File System Filter 'WinSetupBoot' (10.0, ‎1998‎-‎02‎-‎15T14:48:36.000000000Z) has successfully loaded and registered with Filter Manager."
Information,26-Aug-20 3:41:11 PM,Microsoft-Windows-HAL,16,None,The iommu fault reporting has been initialized.
Information,26-Aug-20 3:41:11 PM,Microsoft-Windows-Kernel-General,20,(6),"The leap second configuration has been updated.
Reason: Leap second data initialized from registry during boot
Leap seconds enabled: true
New leap second count: 0
Old leap second count: 0"
Information,26-Aug-20 3:41:11 PM,Microsoft-Windows-Kernel-Boot,30,(21),The firmware reported boot metrics.
Information,26-Aug-20 3:41:11 PM,Microsoft-Windows-Kernel-Boot,32,(58),The bootmgr spent 0 ms waiting for user input.
Information,26-Aug-20 3:41:11 PM,Microsoft-Windows-Kernel-Boot,26,None,A one-time boot sequence was used during this boot.
Information,26-Aug-20 3:41:11 PM,Microsoft-Windows-Kernel-Boot,27,(33),The boot type was 0x0.
Information,26-Aug-20 3:41:11 PM,Microsoft-Windows-Kernel-Boot,25,(32),The boot menu policy was 0x1.
Information,26-Aug-20 3:41:11 PM,Microsoft-Windows-Kernel-Boot,238,(101),EFI time zone bias: 2047. Daylight flags: 0
Information,26-Aug-20 3:41:11 PM,Microsoft-Windows-Kernel-Boot,20,(31),The last shutdown's success status was true. The last boot's success status was true.
Information,26-Aug-20 3:41:11 PM,Microsoft-Windows-Kernel-Boot,153,(62),Virtualization-based security (policies: 0) is disabled.
Information,26-Aug-20 3:41:31 PM,EventLog,6005,None,The Event log service was started.
Information,26-Aug-20 3:41:31 PM,EventLog,6009,None,Microsoft (R) Windows (R) 10.00. 19041  Multiprocessor Free.
Information,26-Aug-20 3:41:11 PM,Microsoft-Windows-Kernel-General,12,(1),The operating system started at system time ‎2020‎-‎08‎-‎26T22:41:11.500000000Z.
