Warning,08-Sep-20 3:19:54 PM,Microsoft-Windows-DistributedCOM,10016,None,"The application-specific permission settings do not grant Local Activation permission for the COM Server application with CLSID 
{2593F8B9-4EAF-457C-B68A-50F6B8EA6B54}
 and APPID 
{15C20B67-12E7-4BB6-92BB-7AFF07997402}
 to the user DESKTOP-C1R04V7\sakov SID (S-1-5-21-1674230623-2899171402-1259877898-1001) from address LocalHost (Using LRPC) running in the application container Unavailable SID (Unavailable). This security permission can be modified using the Component Services administrative tool."
Warning,08-Sep-20 3:19:05 PM,Microsoft-Windows-DistributedCOM,10016,None,"The application-specific permission settings do not grant Local Activation permission for the COM Server application with CLSID 
{2593F8B9-4EAF-457C-B68A-50F6B8EA6B54}
 and APPID 
{15C20B67-12E7-4BB6-92BB-7AFF07997402}
 to the user DESKTOP-C1R04V7\sakov SID (S-1-5-21-1674230623-2899171402-1259877898-1001) from address LocalHost (Using LRPC) running in the application container Unavailable SID (Unavailable). This security permission can be modified using the Component Services administrative tool."
Information,08-Sep-20 2:51:36 PM,Microsoft-Windows-WindowsUpdateClient,19,Windows Update Agent,Installation Successful: Windows successfully installed the following update: Drošības informācijas atjauninājums produktam Microsoft Defender Antivirus - KB2267602 (versija 1.323.762.0)
Information,08-Sep-20 2:51:31 PM,Microsoft-Windows-WindowsUpdateClient,43,Windows Update Agent,Installation Started: Windows has started installing the following update: Drošības informācijas atjauninājums produktam Microsoft Defender Antivirus - KB2267602 (versija 1.323.762.0)
Information,08-Sep-20 2:51:31 PM,Microsoft-Windows-WindowsUpdateClient,44,Windows Update Agent,Windows Update started downloading an update.
Information,08-Sep-20 2:50:28 PM,Microsoft-Windows-Kernel-General,16,None,The access history in hive \??\C:\Users\sakov\AppData\Local\Packages\windows.printdialog_cw5n1h2txyewy\Settings\settings.dat was cleared updating 2 keys and creating 1 modified pages.
Information,08-Sep-20 2:50:27 PM,Microsoft-Windows-Kernel-General,16,None,The access history in hive \??\C:\Users\sakov\AppData\Local\Packages\windows.immersivecontrolpanel_cw5n1h2txyewy\Settings\settings.dat was cleared updating 2 keys and creating 1 modified pages.
Information,08-Sep-20 2:50:27 PM,Microsoft-Windows-Kernel-General,16,None,The access history in hive \??\C:\Users\sakov\AppData\Local\Packages\windows.cbspreview_cw5n1h2txyewy\Settings\settings.dat was cleared updating 2 keys and creating 1 modified pages.
Information,08-Sep-20 2:50:27 PM,Microsoft-Windows-Kernel-General,16,None,The access history in hive \??\C:\Users\sakov\AppData\Local\Packages\pythonsoftwarefoundation.python.3.8_qbz5n2kfra8p0\Settings\settings.dat was cleared updating 2 keys and creating 1 modified pages.
Information,08-Sep-20 2:50:27 PM,Microsoft-Windows-Kernel-General,16,None,The access history in hive \??\C:\Users\sakov\AppData\Local\Packages\pythonsoftwarefoundation.python.3.7_qbz5n2kfra8p0\Settings\settings.dat was cleared updating 2 keys and creating 1 modified pages.
Information,08-Sep-20 2:50:27 PM,Microsoft-Windows-Kernel-General,16,None,The access history in hive \??\C:\Users\sakov\AppData\Local\Packages\ncsiuwpapp_8wekyb3d8bbwe\Settings\settings.dat was cleared updating 2 keys and creating 1 modified pages.
Information,08-Sep-20 2:50:27 PM,Microsoft-Windows-Kernel-General,16,None,The access history in hive \??\C:\Users\sakov\AppData\Local\Packages\microsoftwindows.undockeddevkit_cw5n1h2txyewy\Settings\settings.dat was cleared updating 2 keys and creating 1 modified pages.
Information,08-Sep-20 2:50:27 PM,Microsoft-Windows-Kernel-General,16,None,The access history in hive \??\C:\Users\sakov\AppData\Local\Packages\microsoft.zunevideo_8wekyb3d8bbwe\Settings\settings.dat was cleared updating 2 keys and creating 1 modified pages.
Information,08-Sep-20 2:50:27 PM,Microsoft-Windows-Kernel-General,16,None,The access history in hive \??\C:\Users\sakov\AppData\Local\Packages\microsoft.xboxspeechtotextoverlay_8wekyb3d8bbwe\Settings\settings.dat was cleared updating 2 keys and creating 1 modified pages.
Information,08-Sep-20 2:50:27 PM,Microsoft-Windows-Kernel-General,16,None,The access history in hive \??\C:\Users\sakov\AppData\Local\Packages\microsoft.xboxidentityprovider_8wekyb3d8bbwe\Settings\settings.dat was cleared updating 2 keys and creating 1 modified pages.
Information,08-Sep-20 2:50:26 PM,Microsoft-Windows-Kernel-General,16,None,The access history in hive \??\C:\Users\sakov\AppData\Local\Packages\microsoft.xboxgameoverlay_8wekyb3d8bbwe\Settings\settings.dat was cleared updating 2 keys and creating 1 modified pages.
Information,08-Sep-20 2:50:26 PM,Microsoft-Windows-Kernel-General,16,None,The access history in hive \??\C:\Users\sakov\AppData\Local\Packages\microsoft.xboxgamecallableui_cw5n1h2txyewy\Settings\settings.dat was cleared updating 2 keys and creating 1 modified pages.
Information,08-Sep-20 2:50:26 PM,Microsoft-Windows-Kernel-General,16,None,The access history in hive \??\C:\Users\sakov\AppData\Local\Packages\microsoft.xboxapp_8wekyb3d8bbwe\Settings\settings.dat was cleared updating 3 keys and creating 1 modified pages.
Information,08-Sep-20 2:50:26 PM,Microsoft-Windows-Kernel-General,16,None,The access history in hive \??\C:\Users\sakov\AppData\Local\Packages\microsoft.xbox.tcui_8wekyb3d8bbwe\Settings\settings.dat was cleared updating 2 keys and creating 1 modified pages.
Information,08-Sep-20 2:50:26 PM,Microsoft-Windows-Kernel-General,16,None,The access history in hive \??\C:\Users\sakov\AppData\Local\Packages\microsoft.windowssoundrecorder_8wekyb3d8bbwe\Settings\settings.dat was cleared updating 2 keys and creating 1 modified pages.
Information,08-Sep-20 2:50:26 PM,Microsoft-Windows-Kernel-General,16,None,The access history in hive \??\C:\Users\sakov\AppData\Local\Packages\microsoft.windowsmaps_8wekyb3d8bbwe\Settings\settings.dat was cleared updating 3 keys and creating 1 modified pages.
Information,08-Sep-20 2:50:26 PM,Microsoft-Windows-Kernel-General,16,None,The access history in hive \??\C:\Users\sakov\AppData\Local\Packages\microsoft.windowscamera_8wekyb3d8bbwe\Settings\settings.dat was cleared updating 2 keys and creating 1 modified pages.
Information,08-Sep-20 2:50:26 PM,Microsoft-Windows-Kernel-General,16,None,The access history in hive \??\C:\Users\sakov\AppData\Local\Packages\microsoft.windowscalculator_8wekyb3d8bbwe\Settings\settings.dat was cleared updating 3 keys and creating 1 modified pages.
Information,08-Sep-20 2:50:26 PM,Microsoft-Windows-Kernel-General,16,None,The access history in hive \??\C:\Users\sakov\AppData\Local\Packages\microsoft.windowsalarms_8wekyb3d8bbwe\Settings\settings.dat was cleared updating 6 keys and creating 1 modified pages.
Information,08-Sep-20 2:50:25 PM,Microsoft-Windows-Kernel-General,16,None,The access history in hive \??\C:\Users\sakov\AppData\Local\Packages\microsoft.windows.xgpuejectdialog_cw5n1h2txyewy\Settings\settings.dat was cleared updating 2 keys and creating 1 modified pages.
Information,08-Sep-20 2:50:23 PM,Microsoft-Windows-Kernel-General,16,None,The access history in hive \??\C:\Users\sakov\AppData\Local\Packages\microsoft.windows.shellexperiencehost_cw5n1h2txyewy\Settings\settings.dat was cleared updating 4 keys and creating 1 modified pages.
Information,08-Sep-20 2:50:23 PM,Microsoft-Windows-Kernel-General,16,None,The access history in hive \??\C:\Users\sakov\AppData\Local\Packages\microsoft.windows.secureassessmentbrowser_cw5n1h2txyewy\Settings\settings.dat was cleared updating 2 keys and creating 1 modified pages.
Information,08-Sep-20 2:50:23 PM,Microsoft-Windows-Kernel-General,16,None,The access history in hive \??\C:\Users\sakov\AppData\Local\Packages\microsoft.windows.sechealthui_cw5n1h2txyewy\Settings\settings.dat was cleared updating 2 keys and creating 1 modified pages.
Information,08-Sep-20 2:50:23 PM,Microsoft-Windows-Kernel-General,16,None,The access history in hive \??\C:\Users\sakov\AppData\Local\Packages\microsoft.windows.pinningconfirmationdialog_cw5n1h2txyewy\Settings\settings.dat was cleared updating 2 keys and creating 1 modified pages.
Information,08-Sep-20 2:50:23 PM,Microsoft-Windows-Kernel-General,16,None,The access history in hive \??\C:\Users\sakov\AppData\Local\Packages\microsoft.windows.peopleexperiencehost_cw5n1h2txyewy\Settings\settings.dat was cleared updating 2 keys and creating 1 modified pages.
Information,08-Sep-20 2:50:23 PM,Microsoft-Windows-Kernel-General,16,None,The access history in hive \??\C:\Users\sakov\AppData\Local\Packages\microsoft.windows.parentalcontrols_cw5n1h2txyewy\Settings\settings.dat was cleared updating 2 keys and creating 1 modified pages.
Information,08-Sep-20 2:50:23 PM,Microsoft-Windows-Kernel-General,16,None,The access history in hive \??\C:\Users\sakov\AppData\Local\Packages\microsoft.windows.oobenetworkconnectionflow_cw5n1h2txyewy\Settings\settings.dat was cleared updating 2 keys and creating 1 modified pages.
Information,08-Sep-20 2:50:22 PM,Microsoft-Windows-Kernel-General,16,None,The access history in hive \??\C:\Users\sakov\AppData\Local\Packages\microsoft.windows.oobenetworkcaptiveportal_cw5n1h2txyewy\Settings\settings.dat was cleared updating 2 keys and creating 1 modified pages.
Information,08-Sep-20 2:50:22 PM,Microsoft-Windows-Kernel-General,16,None,The access history in hive \??\C:\Users\sakov\AppData\Local\Packages\microsoft.windows.narratorquickstart_8wekyb3d8bbwe\Settings\settings.dat was cleared updating 2 keys and creating 1 modified pages.
Information,08-Sep-20 2:50:22 PM,Microsoft-Windows-Kernel-General,16,None,The access history in hive \??\C:\Users\sakov\AppData\Local\Packages\microsoft.windows.capturepicker_cw5n1h2txyewy\Settings\settings.dat was cleared updating 2 keys and creating 1 modified pages.
Information,08-Sep-20 2:50:22 PM,Microsoft-Windows-Kernel-General,16,None,The access history in hive \??\C:\Users\sakov\AppData\Local\Packages\microsoft.windows.callingshellapp_cw5n1h2txyewy\Settings\settings.dat was cleared updating 2 keys and creating 1 modified pages.
Information,08-Sep-20 2:50:22 PM,Microsoft-Windows-Kernel-General,16,None,The access history in hive \??\C:\Users\sakov\AppData\Local\Packages\microsoft.windows.assignedaccesslockapp_cw5n1h2txyewy\Settings\settings.dat was cleared updating 2 keys and creating 1 modified pages.
Information,08-Sep-20 2:50:22 PM,Microsoft-Windows-Kernel-General,16,None,The access history in hive \??\C:\Users\sakov\AppData\Local\Packages\microsoft.windows.apprep.chxapp_cw5n1h2txyewy\Settings\settings.dat was cleared updating 2 keys and creating 1 modified pages.
Information,08-Sep-20 2:50:22 PM,Microsoft-Windows-Kernel-General,16,None,The access history in hive \??\C:\Users\sakov\AppData\Local\Packages\microsoft.win32webviewhost_cw5n1h2txyewy\Settings\settings.dat was cleared updating 2 keys and creating 1 modified pages.
Information,08-Sep-20 2:50:22 PM,Microsoft-Windows-Kernel-General,16,None,The access history in hive \??\C:\Users\sakov\AppData\Local\Packages\microsoft.webpimageextension_8wekyb3d8bbwe\Settings\settings.dat was cleared updating 2 keys and creating 1 modified pages.
Information,08-Sep-20 2:50:22 PM,Microsoft-Windows-Kernel-General,16,None,The access history in hive \??\C:\Users\sakov\AppData\Local\Packages\microsoft.webmediaextensions_8wekyb3d8bbwe\Settings\settings.dat was cleared updating 2 keys and creating 1 modified pages.
Information,08-Sep-20 2:50:22 PM,Microsoft-Windows-Kernel-General,16,None,The access history in hive \??\C:\Users\sakov\AppData\Local\Packages\microsoft.vp9videoextensions_8wekyb3d8bbwe\Settings\settings.dat was cleared updating 2 keys and creating 1 modified pages.
Information,08-Sep-20 2:50:17 PM,Microsoft-Windows-Kernel-General,16,None,The access history in hive \??\C:\Users\sakov\AppData\Local\Packages\microsoft.skypeapp_kzf8qxf38zg5c\Settings\settings.dat was cleared updating 2 keys and creating 1 modified pages.
Information,08-Sep-20 2:50:17 PM,Microsoft-Windows-Kernel-General,16,None,The access history in hive \??\C:\Users\sakov\AppData\Local\Packages\microsoft.screensketch_8wekyb3d8bbwe\Settings\settings.dat was cleared updating 2 keys and creating 1 modified pages.
Information,08-Sep-20 2:50:16 PM,Microsoft-Windows-Kernel-General,16,None,The access history in hive \??\C:\Users\sakov\AppData\Local\Packages\microsoft.people_8wekyb3d8bbwe\Settings\settings.dat was cleared updating 2 keys and creating 1 modified pages.
Information,08-Sep-20 2:50:16 PM,Microsoft-Windows-Kernel-General,16,None,The access history in hive \??\C:\Users\sakov\AppData\Local\Packages\microsoft.office.onenote_8wekyb3d8bbwe\Settings\settings.dat was cleared updating 2 keys and creating 1 modified pages.
Information,08-Sep-20 2:50:16 PM,Microsoft-Windows-Kernel-General,16,None,The access history in hive \??\C:\Users\sakov\AppData\Local\Packages\microsoft.mspaint_8wekyb3d8bbwe\Settings\settings.dat was cleared updating 2 keys and creating 1 modified pages.
Information,08-Sep-20 2:50:16 PM,Microsoft-Windows-Kernel-General,16,None,The access history in hive \??\C:\Users\sakov\AppData\Local\Packages\microsoft.mixedreality.portal_8wekyb3d8bbwe\Settings\settings.dat was cleared updating 2 keys and creating 1 modified pages.
Information,08-Sep-20 2:50:16 PM,Microsoft-Windows-Kernel-General,16,None,The access history in hive \??\C:\Users\sakov\AppData\Local\Packages\microsoft.microsoftstickynotes_8wekyb3d8bbwe\Settings\settings.dat was cleared updating 2 keys and creating 1 modified pages.
Information,08-Sep-20 2:50:16 PM,Microsoft-Windows-Kernel-General,16,None,The access history in hive \??\C:\Users\sakov\AppData\Local\Packages\microsoft.microsoftsolitairecollection_8wekyb3d8bbwe\Settings\settings.dat was cleared updating 2 keys and creating 1 modified pages.
Information,08-Sep-20 2:50:16 PM,Microsoft-Windows-Kernel-General,16,None,The access history in hive \??\C:\Users\sakov\AppData\Local\Packages\microsoft.microsoftedgedevtoolsclient_8wekyb3d8bbwe\Settings\settings.dat was cleared updating 2 keys and creating 1 modified pages.
Information,08-Sep-20 2:50:16 PM,Microsoft-Windows-Kernel-General,16,None,The access history in hive \??\C:\Users\sakov\AppData\Local\Packages\microsoft.microsoft3dviewer_8wekyb3d8bbwe\Settings\settings.dat was cleared updating 2 keys and creating 1 modified pages.
Information,08-Sep-20 2:50:16 PM,Microsoft-Windows-Kernel-General,16,None,The access history in hive \Device\HarddiskVolume3\EFI\Microsoft\Recovery\BCD was cleared updating 85 keys and creating 4 modified pages.
Information,08-Sep-20 2:50:16 PM,Microsoft-Windows-Kernel-General,16,None,The access history in hive \??\C:\Users\sakov\AppData\Local\Packages\microsoft.heifimageextension_8wekyb3d8bbwe\Settings\settings.dat was cleared updating 2 keys and creating 1 modified pages.
Information,08-Sep-20 2:50:15 PM,Microsoft-Windows-Kernel-General,16,None,The access history in hive \??\C:\Users\sakov\AppData\Local\Packages\microsoft.getstarted_8wekyb3d8bbwe\Settings\settings.dat was cleared updating 2 keys and creating 1 modified pages.
Information,08-Sep-20 2:50:15 PM,Microsoft-Windows-Kernel-General,16,None,The access history in hive \??\C:\Users\sakov\AppData\Local\Packages\microsoft.gethelp_8wekyb3d8bbwe\Settings\settings.dat was cleared updating 2 keys and creating 1 modified pages.
Information,08-Sep-20 2:50:15 PM,Microsoft-Windows-Kernel-General,16,None,The access history in hive \??\C:\Users\sakov\AppData\Local\Packages\microsoft.ecapp_8wekyb3d8bbwe\Settings\settings.dat was cleared updating 2 keys and creating 1 modified pages.
Information,08-Sep-20 2:50:15 PM,Microsoft-Windows-Kernel-General,16,None,The access history in hive \??\C:\Users\sakov\AppData\Local\Packages\microsoft.desktopappinstaller_8wekyb3d8bbwe\Settings\settings.dat was cleared updating 2 keys and creating 1 modified pages.
Information,08-Sep-20 2:50:15 PM,Microsoft-Windows-Kernel-General,16,None,The access history in hive \??\C:\Users\sakov\AppData\Local\Packages\microsoft.creddialoghost_cw5n1h2txyewy\Settings\settings.dat was cleared updating 2 keys and creating 1 modified pages.
Information,08-Sep-20 2:50:15 PM,Microsoft-Windows-Kernel-General,16,None,The access history in hive \??\C:\Users\sakov\AppData\Local\Packages\microsoft.bioenrollment_cw5n1h2txyewy\Settings\settings.dat was cleared updating 2 keys and creating 1 modified pages.
Information,08-Sep-20 2:50:15 PM,Microsoft-Windows-Kernel-General,16,None,The access history in hive \??\C:\Users\sakov\AppData\Local\Packages\microsoft.bingweather_8wekyb3d8bbwe\Settings\settings.dat was cleared updating 2 keys and creating 1 modified pages.
Information,08-Sep-20 2:50:15 PM,Microsoft-Windows-Kernel-General,16,None,The access history in hive \??\C:\Users\sakov\AppData\Local\Packages\microsoft.asynctextservice_8wekyb3d8bbwe\Settings\settings.dat was cleared updating 2 keys and creating 1 modified pages.
Information,08-Sep-20 2:50:15 PM,Microsoft-Windows-Kernel-General,16,None,The access history in hive \??\C:\Users\sakov\AppData\Local\Packages\microsoft.accountscontrol_cw5n1h2txyewy\Settings\settings.dat was cleared updating 2 keys and creating 1 modified pages.
Information,08-Sep-20 2:50:15 PM,Microsoft-Windows-Kernel-General,16,None,The access history in hive \??\C:\Users\sakov\AppData\Local\Packages\microsoft.549981c3f5f10_8wekyb3d8bbwe\Settings\settings.dat was cleared updating 2 keys and creating 1 modified pages.
Information,08-Sep-20 2:50:15 PM,Microsoft-Windows-Kernel-General,16,None,The access history in hive \??\C:\Users\sakov\AppData\Local\Packages\f46d4000-fd22-4db4-ac8e-4e1ddde828fe_cw5n1h2txyewy\Settings\settings.dat was cleared updating 2 keys and creating 1 modified pages.
Information,08-Sep-20 2:50:15 PM,Microsoft-Windows-Kernel-General,16,None,The access history in hive \??\C:\Users\sakov\AppData\Local\Packages\e2a4f912-2574-4a75-9bb0-0d023378592b_cw5n1h2txyewy\Settings\settings.dat was cleared updating 2 keys and creating 1 modified pages.
Information,08-Sep-20 2:50:15 PM,Microsoft-Windows-Kernel-General,16,None,The access history in hive \??\C:\Users\sakov\AppData\Local\Packages\c5e2524a-ea46-4f67-841f-6a9465d9d515_cw5n1h2txyewy\Settings\settings.dat was cleared updating 2 keys and creating 1 modified pages.
Information,08-Sep-20 2:50:15 PM,Microsoft-Windows-Kernel-General,16,None,The access history in hive \??\C:\Users\sakov\AppData\Local\Packages\1527c705-839a-4832-9118-54d4bd6a0c89_cw5n1h2txyewy\Settings\settings.dat was cleared updating 2 keys and creating 1 modified pages.
Information,08-Sep-20 2:50:10 PM,Microsoft-Windows-Kernel-General,16,None,The access history in hive \??\C:\ProgramData\Microsoft\Provisioning\Microsoft-Desktop-Provisioning-Sequence.dat was cleared updating 0 keys and creating 0 modified pages.
Information,08-Sep-20 2:50:02 PM,Microsoft-Windows-Kernel-General,16,None,The access history in hive \??\C:\Users\sakov\AppData\Local\Packages\Microsoft.AAD.BrokerPlugin_cw5n1h2txyewy\Settings\settings.dat was cleared updating 26 keys and creating 4 modified pages.
Warning,08-Sep-20 2:40:35 PM,Microsoft-Windows-DistributedCOM,10016,None,"The application-specific permission settings do not grant Local Activation permission for the COM Server application with CLSID 
{2593F8B9-4EAF-457C-B68A-50F6B8EA6B54}
 and APPID 
{15C20B67-12E7-4BB6-92BB-7AFF07997402}
 to the user DESKTOP-C1R04V7\sakov SID (S-1-5-21-1674230623-2899171402-1259877898-1001) from address LocalHost (Using LRPC) running in the application container Unavailable SID (Unavailable). This security permission can be modified using the Component Services administrative tool."
Information,08-Sep-20 2:26:29 PM,Microsoft-Windows-Kernel-General,16,None,The access history in hive \??\C:\Users\sakov\AppData\Local\Packages\Microsoft.MicrosoftEdge_8wekyb3d8bbwe\Settings\settings.dat was cleared updating 5 keys and creating 1 modified pages.
Warning,08-Sep-20 2:23:54 PM,Microsoft-Windows-DistributedCOM,10016,None,"The application-specific permission settings do not grant Local Activation permission for the COM Server application with CLSID 
{2593F8B9-4EAF-457C-B68A-50F6B8EA6B54}
 and APPID 
{15C20B67-12E7-4BB6-92BB-7AFF07997402}
 to the user DESKTOP-C1R04V7\sakov SID (S-1-5-21-1674230623-2899171402-1259877898-1001) from address LocalHost (Using LRPC) running in the application container Unavailable SID (Unavailable). This security permission can be modified using the Component Services administrative tool."
Warning,08-Sep-20 2:11:00 PM,Microsoft-Windows-DistributedCOM,10016,None,"The application-specific permission settings do not grant Local Activation permission for the COM Server application with CLSID 
{2593F8B9-4EAF-457C-B68A-50F6B8EA6B54}
 and APPID 
{15C20B67-12E7-4BB6-92BB-7AFF07997402}
 to the user DESKTOP-C1R04V7\sakov SID (S-1-5-21-1674230623-2899171402-1259877898-1001) from address LocalHost (Using LRPC) running in the application container Unavailable SID (Unavailable). This security permission can be modified using the Component Services administrative tool."
Information,08-Sep-20 2:10:51 PM,Microsoft-Windows-FilterManager,1,None,"File System Filter 'EasyAntiCheatSys' (Version 6.1, ‎2020‎-‎06‎-‎30T00:04:54.000000000Z) unloaded successfully."
Information,08-Sep-20 1:38:58 PM,Service Control Manager,7040,None,The start type of the Background Intelligent Transfer Service service was changed from pieprasīt startēšanu to startēt automātiski.
Information,08-Sep-20 1:37:23 PM,Microsoft-Windows-Kernel-General,16,None,The access history in hive \??\C:\ProgramData\Packages\Microsoft.XboxGamingOverlay_8wekyb3d8bbwe\S-1-5-21-1674230623-2899171402-1259877898-1001\SystemAppData\Helium\Cache\82759a84ae2a6c3_COM15.dat was cleared updating 1 keys and creating 1 modified pages.
Information,08-Sep-20 1:37:23 PM,Microsoft-Windows-Kernel-General,16,None,The access history in hive \??\C:\Users\sakov\AppData\Local\Packages\Microsoft.XboxGamingOverlay_8wekyb3d8bbwe\SystemAppData\Helium\UserClasses.dat was cleared updating 1 keys and creating 1 modified pages.
Information,08-Sep-20 1:37:23 PM,Microsoft-Windows-Kernel-General,16,None,The access history in hive \??\C:\Users\sakov\AppData\Local\Packages\Microsoft.XboxGamingOverlay_8wekyb3d8bbwe\SystemAppData\Helium\User.dat was cleared updating 1 keys and creating 1 modified pages.
Information,08-Sep-20 1:37:23 PM,Microsoft-Windows-Kernel-General,16,None,The access history in hive \??\C:\Users\sakov\AppData\Local\Packages\Microsoft.XboxGamingOverlay_8wekyb3d8bbwe\Settings\settings.dat was cleared updating 7 keys and creating 2 modified pages.
Information,08-Sep-20 1:37:08 PM,Microsoft-Windows-FilterManager,6,None,"File System Filter 'EasyAntiCheatSys' (6.1, ‎2020‎-‎06‎-‎30T00:04:54.000000000Z) has successfully loaded and registered with Filter Manager."
Information,08-Sep-20 1:37:05 PM,Service Control Manager,7045,None,"A service was installed in the system.

Service Name:  MpKslDrv
Service File Name:  C:\ProgramData\Microsoft\Windows Defender\Definition Updates\{08F89CC0-DD5C-422F-B2D4-EE48354C90B6}\MpKslDrv.sys
Service Type:  kodola režīma draiveris
Service Start Type:  sistēmas startēšana
Service Account:  "
Information,08-Sep-20 1:37:05 PM,Service Control Manager,7045,None,"A service was installed in the system.

Service Name:  EasyAntiCheatSys
Service File Name:  C:\Program Files (x86)\EasyAntiCheat\EasyAntiCheat.sys
Service Type:  kodola režīma draiveris
Service Start Type:  pieprasīt startēšanu
Service Account:  "
Information,08-Sep-20 1:37:02 PM,Service Control Manager,7045,None,"A service was installed in the system.

Service Name:  EasyAntiCheat
Service File Name:  ""C:\Program Files (x86)\EasyAntiCheat\EasyAntiCheat.exe""
Service Type:  lietotāja režīma pakalpojums
Service Start Type:  pieprasīt startēšanu
Service Account:  LocalSystem"
Information,08-Sep-20 1:19:52 PM,Microsoft-Windows-Kernel-General,16,None,The access history in hive \??\C:\Users\sakov\AppData\Local\Packages\Microsoft.WindowsFeedbackHub_8wekyb3d8bbwe\Settings\settings.dat was cleared updating 3 keys and creating 1 modified pages.
Warning,08-Sep-20 12:40:27 PM,Microsoft-Windows-DistributedCOM,10016,None,"The application-specific permission settings do not grant Local Activation permission for the COM Server application with CLSID 
{2593F8B9-4EAF-457C-B68A-50F6B8EA6B54}
 and APPID 
{15C20B67-12E7-4BB6-92BB-7AFF07997402}
 to the user DESKTOP-C1R04V7\sakov SID (S-1-5-21-1674230623-2899171402-1259877898-1001) from address LocalHost (Using LRPC) running in the application container Unavailable SID (Unavailable). This security permission can be modified using the Component Services administrative tool."
Warning,08-Sep-20 12:30:39 PM,Microsoft-Windows-DistributedCOM,10016,None,"The application-specific permission settings do not grant Local Activation permission for the COM Server application with CLSID 
{2593F8B9-4EAF-457C-B68A-50F6B8EA6B54}
 and APPID 
{15C20B67-12E7-4BB6-92BB-7AFF07997402}
 to the user DESKTOP-C1R04V7\sakov SID (S-1-5-21-1674230623-2899171402-1259877898-1001) from address LocalHost (Using LRPC) running in the application container Unavailable SID (Unavailable). This security permission can be modified using the Component Services administrative tool."
Warning,08-Sep-20 12:29:24 PM,Microsoft-Windows-DistributedCOM,10016,None,"The application-specific permission settings do not grant Local Activation permission for the COM Server application with CLSID 
{2593F8B9-4EAF-457C-B68A-50F6B8EA6B54}
 and APPID 
{15C20B67-12E7-4BB6-92BB-7AFF07997402}
 to the user DESKTOP-C1R04V7\sakov SID (S-1-5-21-1674230623-2899171402-1259877898-1001) from address LocalHost (Using LRPC) running in the application container Unavailable SID (Unavailable). This security permission can be modified using the Component Services administrative tool."
Warning,08-Sep-20 12:29:00 PM,Microsoft-Windows-DistributedCOM,10016,None,"The application-specific permission settings do not grant Local Activation permission for the COM Server application with CLSID 
{2593F8B9-4EAF-457C-B68A-50F6B8EA6B54}
 and APPID 
{15C20B67-12E7-4BB6-92BB-7AFF07997402}
 to the user DESKTOP-C1R04V7\sakov SID (S-1-5-21-1674230623-2899171402-1259877898-1001) from address LocalHost (Using LRPC) running in the application container Unavailable SID (Unavailable). This security permission can be modified using the Component Services administrative tool."
Warning,08-Sep-20 12:21:28 PM,Microsoft-Windows-DistributedCOM,10016,None,"The application-specific permission settings do not grant Local Activation permission for the COM Server application with CLSID 
{2593F8B9-4EAF-457C-B68A-50F6B8EA6B54}
 and APPID 
{15C20B67-12E7-4BB6-92BB-7AFF07997402}
 to the user DESKTOP-C1R04V7\sakov SID (S-1-5-21-1674230623-2899171402-1259877898-1001) from address LocalHost (Using LRPC) running in the application container Unavailable SID (Unavailable). This security permission can be modified using the Component Services administrative tool."
Warning,08-Sep-20 12:21:28 PM,Microsoft-Windows-DistributedCOM,10016,None,"The application-specific permission settings do not grant Local Activation permission for the COM Server application with CLSID 
{2593F8B9-4EAF-457C-B68A-50F6B8EA6B54}
 and APPID 
{15C20B67-12E7-4BB6-92BB-7AFF07997402}
 to the user DESKTOP-C1R04V7\sakov SID (S-1-5-21-1674230623-2899171402-1259877898-1001) from address LocalHost (Using LRPC) running in the application container Unavailable SID (Unavailable). This security permission can be modified using the Component Services administrative tool."
Information,08-Sep-20 12:19:52 PM,Microsoft-Windows-Kernel-General,16,None,The access history in hive \??\C:\Users\sakov\AppData\Local\Packages\microsoft.windowscommunicationsapps_8wekyb3d8bbwe\Settings\settings.dat was cleared updating 27 keys and creating 4 modified pages.
Information,08-Sep-20 12:00:00 PM,EventLog,6013,None,The system uptime is 397619 seconds.
Information,08-Sep-20 11:32:46 AM,Microsoft-Windows-Kernel-General,16,None,The access history in hive \??\C:\Users\sakov\AppData\Local\Packages\Microsoft.MicrosoftOfficeHub_8wekyb3d8bbwe\Settings\settings.dat was cleared updating 11 keys and creating 2 modified pages.
Information,08-Sep-20 11:32:46 AM,Microsoft-Windows-Kernel-General,16,None,The access history in hive \??\C:\Users\sakov\AppData\Local\Packages\Microsoft.MicrosoftOfficeHub_8wekyb3d8bbwe\SystemAppData\Helium\UserClasses.dat was cleared updating 1 keys and creating 1 modified pages.
Information,08-Sep-20 11:32:46 AM,Microsoft-Windows-Kernel-General,16,None,The access history in hive \??\C:\Users\sakov\AppData\Local\Packages\Microsoft.MicrosoftOfficeHub_8wekyb3d8bbwe\SystemAppData\Helium\User.dat was cleared updating 6 keys and creating 1 modified pages.
Information,08-Sep-20 11:32:04 AM,Service Control Manager,7040,None,The start type of the Background Intelligent Transfer Service service was changed from startēt automātiski to pieprasīt startēšanu.
Information,08-Sep-20 11:29:59 AM,Service Control Manager,7040,None,The start type of the Background Intelligent Transfer Service service was changed from pieprasīt startēšanu to startēt automātiski.
Information,08-Sep-20 11:12:44 AM,Service Control Manager,7040,None,The start type of the Background Intelligent Transfer Service service was changed from startēt automātiski to pieprasīt startēšanu.
Warning,08-Sep-20 11:10:12 AM,Microsoft-Windows-DistributedCOM,10016,None,"The application-specific permission settings do not grant Local Activation permission for the COM Server application with CLSID 
{2593F8B9-4EAF-457C-B68A-50F6B8EA6B54}
 and APPID 
{15C20B67-12E7-4BB6-92BB-7AFF07997402}
 to the user DESKTOP-C1R04V7\sakov SID (S-1-5-21-1674230623-2899171402-1259877898-1001) from address LocalHost (Using LRPC) running in the application container Unavailable SID (Unavailable). This security permission can be modified using the Component Services administrative tool."
Warning,08-Sep-20 11:08:34 AM,Microsoft-Windows-DistributedCOM,10016,None,"The application-specific permission settings do not grant Local Activation permission for the COM Server application with CLSID 
{2593F8B9-4EAF-457C-B68A-50F6B8EA6B54}
 and APPID 
{15C20B67-12E7-4BB6-92BB-7AFF07997402}
 to the user DESKTOP-C1R04V7\sakov SID (S-1-5-21-1674230623-2899171402-1259877898-1001) from address LocalHost (Using LRPC) running in the application container Unavailable SID (Unavailable). This security permission can be modified using the Component Services administrative tool."
Warning,08-Sep-20 11:07:43 AM,Microsoft-Windows-DistributedCOM,10016,None,"The application-specific permission settings do not grant Local Activation permission for the COM Server application with CLSID 
{2593F8B9-4EAF-457C-B68A-50F6B8EA6B54}
 and APPID 
{15C20B67-12E7-4BB6-92BB-7AFF07997402}
 to the user DESKTOP-C1R04V7\sakov SID (S-1-5-21-1674230623-2899171402-1259877898-1001) from address LocalHost (Using LRPC) running in the application container Unavailable SID (Unavailable). This security permission can be modified using the Component Services administrative tool."
Warning,08-Sep-20 11:07:43 AM,Microsoft-Windows-DistributedCOM,10016,None,"The application-specific permission settings do not grant Local Activation permission for the COM Server application with CLSID 
{2593F8B9-4EAF-457C-B68A-50F6B8EA6B54}
 and APPID 
{15C20B67-12E7-4BB6-92BB-7AFF07997402}
 to the user DESKTOP-C1R04V7\sakov SID (S-1-5-21-1674230623-2899171402-1259877898-1001) from address LocalHost (Using LRPC) running in the application container Unavailable SID (Unavailable). This security permission can be modified using the Component Services administrative tool."
Information,08-Sep-20 11:04:29 AM,Microsoft-Windows-Kernel-General,16,None,The access history in hive \??\C:\Users\sakov\AppData\Local\Packages\Microsoft.Windows.ContentDeliveryManager_cw5n1h2txyewy\Settings\settings.dat was cleared updating 318 keys and creating 35 modified pages.
Warning,08-Sep-20 11:03:35 AM,Microsoft-Windows-DistributedCOM,10016,None,"The application-specific permission settings do not grant Local Activation permission for the COM Server application with CLSID 
{2593F8B9-4EAF-457C-B68A-50F6B8EA6B54}
 and APPID 
{15C20B67-12E7-4BB6-92BB-7AFF07997402}
 to the user DESKTOP-C1R04V7\sakov SID (S-1-5-21-1674230623-2899171402-1259877898-1001) from address LocalHost (Using LRPC) running in the application container Unavailable SID (Unavailable). This security permission can be modified using the Component Services administrative tool."
Warning,08-Sep-20 11:03:05 AM,Microsoft-Windows-DistributedCOM,10016,None,"The application-specific permission settings do not grant Local Activation permission for the COM Server application with CLSID 
{2593F8B9-4EAF-457C-B68A-50F6B8EA6B54}
 and APPID 
{15C20B67-12E7-4BB6-92BB-7AFF07997402}
 to the user DESKTOP-C1R04V7\sakov SID (S-1-5-21-1674230623-2899171402-1259877898-1001) from address LocalHost (Using LRPC) running in the application container SpotifyAB.SpotifyMusic_1.141.634.0_x86__zpdnekdrzrea0 SID (Unavailable). This security permission can be modified using the Component Services administrative tool."
Warning,08-Sep-20 11:03:03 AM,Microsoft-Windows-DistributedCOM,10016,None,"The application-specific permission settings do not grant Local Activation permission for the COM Server application with CLSID 
{2593F8B9-4EAF-457C-B68A-50F6B8EA6B54}
 and APPID 
{15C20B67-12E7-4BB6-92BB-7AFF07997402}
 to the user DESKTOP-C1R04V7\sakov SID (S-1-5-21-1674230623-2899171402-1259877898-1001) from address LocalHost (Using LRPC) running in the application container Unavailable SID (Unavailable). This security permission can be modified using the Component Services administrative tool."
Warning,08-Sep-20 11:03:02 AM,Microsoft-Windows-DistributedCOM,10016,None,"The application-specific permission settings do not grant Local Activation permission for the COM Server application with CLSID 
{2593F8B9-4EAF-457C-B68A-50F6B8EA6B54}
 and APPID 
{15C20B67-12E7-4BB6-92BB-7AFF07997402}
 to the user DESKTOP-C1R04V7\sakov SID (S-1-5-21-1674230623-2899171402-1259877898-1001) from address LocalHost (Using LRPC) running in the application container Unavailable SID (Unavailable). This security permission can be modified using the Component Services administrative tool."
Warning,08-Sep-20 11:02:46 AM,Netwtw08,6062,None,6062 - Lso was triggered
Information,08-Sep-20 11:02:45 AM,Microsoft-Windows-Power-Troubleshooter,1,None,"The system has returned from a low power state.

Sleep Time: ‎2020‎-‎09‎-‎08T05:59:51.156405500Z
Wake Time: ‎2020‎-‎09‎-‎08T18:02:43.449886300Z

Wake Source: Unknown"
Warning,08-Sep-20 11:02:44 AM,Microsoft-Windows-DistributedCOM,10016,None,"The application-specific permission settings do not grant Local Activation permission for the COM Server application with CLSID 
{6B3B8D23-FA8D-40B9-8DBD-B950333E2C52}
 and APPID 
{4839DDB7-58C2-48F5-8283-E1D1807D0D7D}
 to the user NT AUTHORITY\LOCAL SERVICE SID (S-1-5-19) from address LocalHost (Using LRPC) running in the application container Unavailable SID (Unavailable). This security permission can be modified using the Component Services administrative tool."
Warning,08-Sep-20 11:02:44 AM,Microsoft-Windows-DistributedCOM,10016,None,"The application-specific permission settings do not grant Local Activation permission for the COM Server application with CLSID 
{6B3B8D23-FA8D-40B9-8DBD-B950333E2C52}
 and APPID 
{4839DDB7-58C2-48F5-8283-E1D1807D0D7D}
 to the user NT AUTHORITY\LOCAL SERVICE SID (S-1-5-19) from address LocalHost (Using LRPC) running in the application container Unavailable SID (Unavailable). This security permission can be modified using the Component Services administrative tool."
Information,08-Sep-20 11:02:44 AM,BTHUSB,18,None,Windows cannot store Bluetooth authentication codes (link keys) on the local adapter. Bluetooth keyboards might not work in the system BIOS during startup.
Information,08-Sep-20 11:02:44 AM,Netwtw08,7021,None,7021 - Connection telemetry fields and analysis usage
Information,08-Sep-20 11:02:43 AM,Microsoft-Windows-Winlogon,7001,(1101),User Logon Notification for Customer Experience Improvement Program
Information,08-Sep-20 11:02:43 AM,Microsoft-Windows-Kernel-Boot,27,(33),The boot type was 0x1.
Information,08-Sep-20 11:02:43 AM,Microsoft-Windows-Kernel-Boot,25,(32),The boot menu policy was 0x1.
Information,08-Sep-20 11:02:43 AM,Microsoft-Windows-Kernel-Boot,32,(58),The bootmgr spent 0 ms waiting for user input.
Information,08-Sep-20 11:02:43 AM,Microsoft-Windows-Kernel-Boot,18,(57),There are 0x1 boot options on this system.
Information,08-Sep-20 11:02:43 AM,Microsoft-Windows-Kernel-Boot,30,(21),The firmware reported boot metrics.
Information,08-Sep-20 11:02:43 AM,Netwtw08,7026,None,7026 - Dump after return from D3 after cmd
Information,08-Sep-20 11:02:43 AM,Netwtw08,7025,None,7025 - Dump after return from D3 before cmd 
Information,08-Sep-20 11:02:42 AM,Microsoft-Windows-Kernel-General,1,(5),"The system time has changed to ‎2020‎-‎09‎-‎08T18:02:42.500000000Z from ‎2020‎-‎09‎-‎08T05:59:53.657557900Z.

Change Reason: System time synchronized with the hardware clock.
Process: '' (PID 4)."
Information,07-Sep-20 10:59:53 PM,Microsoft-Windows-Kernel-Power,107,(102),The system has resumed from sleep.
Information,07-Sep-20 10:59:51 PM,Microsoft-Windows-Kernel-Power,42,(64),"The system is entering sleep.

Sleep Reason: Application API"
Information,07-Sep-20 10:59:51 PM,Microsoft-Windows-Kernel-Power,187,(243),User-mode process attempted to change the system state by calling SetSuspendState or SetSystemPowerState APIs.
Information,07-Sep-20 10:59:50 PM,Microsoft-Windows-Winlogon,7002,(1102),User Logoff Notification for Customer Experience Improvement Program
Warning,07-Sep-20 10:52:27 PM,Microsoft-Windows-DistributedCOM,10016,None,"The application-specific permission settings do not grant Local Activation permission for the COM Server application with CLSID 
{37399C92-DC3F-4B55-AE5B-811EE82398AD}
 and APPID 
{37399C92-DC3F-4B55-AE5B-811EE82398AD}
 to the user DESKTOP-C1R04V7\sakov SID (S-1-5-21-1674230623-2899171402-1259877898-1001) from address LocalHost (Using LRPC) running in the application container Microsoft.GamingApp_2008.1001.11.0_x64__8wekyb3d8bbwe SID (S-1-15-2-1723189366-2159580849-2248400763-1481059666-1951766778-2756563051-3565589001). This security permission can be modified using the Component Services administrative tool."
Warning,07-Sep-20 10:52:17 PM,Microsoft-Windows-DistributedCOM,10016,None,"The application-specific permission settings do not grant Local Activation permission for the COM Server application with CLSID 
{37399C92-DC3F-4B55-AE5B-811EE82398AD}
 and APPID 
{37399C92-DC3F-4B55-AE5B-811EE82398AD}
 to the user DESKTOP-C1R04V7\sakov SID (S-1-5-21-1674230623-2899171402-1259877898-1001) from address LocalHost (Using LRPC) running in the application container Microsoft.GamingApp_2008.1001.11.0_x64__8wekyb3d8bbwe SID (S-1-15-2-1723189366-2159580849-2248400763-1481059666-1951766778-2756563051-3565589001). This security permission can be modified using the Component Services administrative tool."
Warning,07-Sep-20 10:52:07 PM,Microsoft-Windows-DistributedCOM,10016,None,"The application-specific permission settings do not grant Local Activation permission for the COM Server application with CLSID 
{37399C92-DC3F-4B55-AE5B-811EE82398AD}
 and APPID 
{37399C92-DC3F-4B55-AE5B-811EE82398AD}
 to the user DESKTOP-C1R04V7\sakov SID (S-1-5-21-1674230623-2899171402-1259877898-1001) from address LocalHost (Using LRPC) running in the application container Microsoft.GamingApp_2008.1001.11.0_x64__8wekyb3d8bbwe SID (S-1-15-2-1723189366-2159580849-2248400763-1481059666-1951766778-2756563051-3565589001). This security permission can be modified using the Component Services administrative tool."
Warning,07-Sep-20 10:51:57 PM,Microsoft-Windows-DistributedCOM,10016,None,"The application-specific permission settings do not grant Local Activation permission for the COM Server application with CLSID 
{37399C92-DC3F-4B55-AE5B-811EE82398AD}
 and APPID 
{37399C92-DC3F-4B55-AE5B-811EE82398AD}
 to the user DESKTOP-C1R04V7\sakov SID (S-1-5-21-1674230623-2899171402-1259877898-1001) from address LocalHost (Using LRPC) running in the application container Microsoft.GamingApp_2008.1001.11.0_x64__8wekyb3d8bbwe SID (S-1-15-2-1723189366-2159580849-2248400763-1481059666-1951766778-2756563051-3565589001). This security permission can be modified using the Component Services administrative tool."
Warning,07-Sep-20 10:51:47 PM,Microsoft-Windows-DistributedCOM,10016,None,"The application-specific permission settings do not grant Local Activation permission for the COM Server application with CLSID 
{37399C92-DC3F-4B55-AE5B-811EE82398AD}
 and APPID 
{37399C92-DC3F-4B55-AE5B-811EE82398AD}
 to the user DESKTOP-C1R04V7\sakov SID (S-1-5-21-1674230623-2899171402-1259877898-1001) from address LocalHost (Using LRPC) running in the application container Microsoft.GamingApp_2008.1001.11.0_x64__8wekyb3d8bbwe SID (S-1-15-2-1723189366-2159580849-2248400763-1481059666-1951766778-2756563051-3565589001). This security permission can be modified using the Component Services administrative tool."
Warning,07-Sep-20 10:51:37 PM,Microsoft-Windows-DistributedCOM,10016,None,"The application-specific permission settings do not grant Local Activation permission for the COM Server application with CLSID 
{37399C92-DC3F-4B55-AE5B-811EE82398AD}
 and APPID 
{37399C92-DC3F-4B55-AE5B-811EE82398AD}
 to the user DESKTOP-C1R04V7\sakov SID (S-1-5-21-1674230623-2899171402-1259877898-1001) from address LocalHost (Using LRPC) running in the application container Microsoft.GamingApp_2008.1001.11.0_x64__8wekyb3d8bbwe SID (S-1-15-2-1723189366-2159580849-2248400763-1481059666-1951766778-2756563051-3565589001). This security permission can be modified using the Component Services administrative tool."
Warning,07-Sep-20 10:51:27 PM,Microsoft-Windows-DistributedCOM,10016,None,"The application-specific permission settings do not grant Local Activation permission for the COM Server application with CLSID 
{37399C92-DC3F-4B55-AE5B-811EE82398AD}
 and APPID 
{37399C92-DC3F-4B55-AE5B-811EE82398AD}
 to the user DESKTOP-C1R04V7\sakov SID (S-1-5-21-1674230623-2899171402-1259877898-1001) from address LocalHost (Using LRPC) running in the application container Microsoft.GamingApp_2008.1001.11.0_x64__8wekyb3d8bbwe SID (S-1-15-2-1723189366-2159580849-2248400763-1481059666-1951766778-2756563051-3565589001). This security permission can be modified using the Component Services administrative tool."
Warning,07-Sep-20 10:51:17 PM,Microsoft-Windows-DistributedCOM,10016,None,"The application-specific permission settings do not grant Local Activation permission for the COM Server application with CLSID 
{37399C92-DC3F-4B55-AE5B-811EE82398AD}
 and APPID 
{37399C92-DC3F-4B55-AE5B-811EE82398AD}
 to the user DESKTOP-C1R04V7\sakov SID (S-1-5-21-1674230623-2899171402-1259877898-1001) from address LocalHost (Using LRPC) running in the application container Microsoft.GamingApp_2008.1001.11.0_x64__8wekyb3d8bbwe SID (S-1-15-2-1723189366-2159580849-2248400763-1481059666-1951766778-2756563051-3565589001). This security permission can be modified using the Component Services administrative tool."
Warning,07-Sep-20 10:51:07 PM,Microsoft-Windows-DistributedCOM,10016,None,"The application-specific permission settings do not grant Local Activation permission for the COM Server application with CLSID 
{37399C92-DC3F-4B55-AE5B-811EE82398AD}
 and APPID 
{37399C92-DC3F-4B55-AE5B-811EE82398AD}
 to the user DESKTOP-C1R04V7\sakov SID (S-1-5-21-1674230623-2899171402-1259877898-1001) from address LocalHost (Using LRPC) running in the application container Microsoft.GamingApp_2008.1001.11.0_x64__8wekyb3d8bbwe SID (S-1-15-2-1723189366-2159580849-2248400763-1481059666-1951766778-2756563051-3565589001). This security permission can be modified using the Component Services administrative tool."
Warning,07-Sep-20 10:50:57 PM,Microsoft-Windows-DistributedCOM,10016,None,"The application-specific permission settings do not grant Local Activation permission for the COM Server application with CLSID 
{37399C92-DC3F-4B55-AE5B-811EE82398AD}
 and APPID 
{37399C92-DC3F-4B55-AE5B-811EE82398AD}
 to the user DESKTOP-C1R04V7\sakov SID (S-1-5-21-1674230623-2899171402-1259877898-1001) from address LocalHost (Using LRPC) running in the application container Microsoft.GamingApp_2008.1001.11.0_x64__8wekyb3d8bbwe SID (S-1-15-2-1723189366-2159580849-2248400763-1481059666-1951766778-2756563051-3565589001). This security permission can be modified using the Component Services administrative tool."
Warning,07-Sep-20 10:50:47 PM,Microsoft-Windows-DistributedCOM,10016,None,"The application-specific permission settings do not grant Local Activation permission for the COM Server application with CLSID 
{37399C92-DC3F-4B55-AE5B-811EE82398AD}
 and APPID 
{37399C92-DC3F-4B55-AE5B-811EE82398AD}
 to the user DESKTOP-C1R04V7\sakov SID (S-1-5-21-1674230623-2899171402-1259877898-1001) from address LocalHost (Using LRPC) running in the application container Microsoft.GamingApp_2008.1001.11.0_x64__8wekyb3d8bbwe SID (S-1-15-2-1723189366-2159580849-2248400763-1481059666-1951766778-2756563051-3565589001). This security permission can be modified using the Component Services administrative tool."
Warning,07-Sep-20 10:50:37 PM,Microsoft-Windows-DistributedCOM,10016,None,"The application-specific permission settings do not grant Local Activation permission for the COM Server application with CLSID 
{37399C92-DC3F-4B55-AE5B-811EE82398AD}
 and APPID 
{37399C92-DC3F-4B55-AE5B-811EE82398AD}
 to the user DESKTOP-C1R04V7\sakov SID (S-1-5-21-1674230623-2899171402-1259877898-1001) from address LocalHost (Using LRPC) running in the application container Microsoft.GamingApp_2008.1001.11.0_x64__8wekyb3d8bbwe SID (S-1-15-2-1723189366-2159580849-2248400763-1481059666-1951766778-2756563051-3565589001). This security permission can be modified using the Component Services administrative tool."
Warning,07-Sep-20 10:50:27 PM,Microsoft-Windows-DistributedCOM,10016,None,"The application-specific permission settings do not grant Local Activation permission for the COM Server application with CLSID 
{37399C92-DC3F-4B55-AE5B-811EE82398AD}
 and APPID 
{37399C92-DC3F-4B55-AE5B-811EE82398AD}
 to the user DESKTOP-C1R04V7\sakov SID (S-1-5-21-1674230623-2899171402-1259877898-1001) from address LocalHost (Using LRPC) running in the application container Microsoft.GamingApp_2008.1001.11.0_x64__8wekyb3d8bbwe SID (S-1-15-2-1723189366-2159580849-2248400763-1481059666-1951766778-2756563051-3565589001). This security permission can be modified using the Component Services administrative tool."
Warning,07-Sep-20 10:50:17 PM,Microsoft-Windows-DistributedCOM,10016,None,"The application-specific permission settings do not grant Local Activation permission for the COM Server application with CLSID 
{37399C92-DC3F-4B55-AE5B-811EE82398AD}
 and APPID 
{37399C92-DC3F-4B55-AE5B-811EE82398AD}
 to the user DESKTOP-C1R04V7\sakov SID (S-1-5-21-1674230623-2899171402-1259877898-1001) from address LocalHost (Using LRPC) running in the application container Microsoft.GamingApp_2008.1001.11.0_x64__8wekyb3d8bbwe SID (S-1-15-2-1723189366-2159580849-2248400763-1481059666-1951766778-2756563051-3565589001). This security permission can be modified using the Component Services administrative tool."
Warning,07-Sep-20 10:50:07 PM,Microsoft-Windows-DistributedCOM,10016,None,"The application-specific permission settings do not grant Local Activation permission for the COM Server application with CLSID 
{37399C92-DC3F-4B55-AE5B-811EE82398AD}
 and APPID 
{37399C92-DC3F-4B55-AE5B-811EE82398AD}
 to the user DESKTOP-C1R04V7\sakov SID (S-1-5-21-1674230623-2899171402-1259877898-1001) from address LocalHost (Using LRPC) running in the application container Microsoft.GamingApp_2008.1001.11.0_x64__8wekyb3d8bbwe SID (S-1-15-2-1723189366-2159580849-2248400763-1481059666-1951766778-2756563051-3565589001). This security permission can be modified using the Component Services administrative tool."
Warning,07-Sep-20 10:49:56 PM,Microsoft-Windows-DistributedCOM,10016,None,"The application-specific permission settings do not grant Local Activation permission for the COM Server application with CLSID 
{37399C92-DC3F-4B55-AE5B-811EE82398AD}
 and APPID 
{37399C92-DC3F-4B55-AE5B-811EE82398AD}
 to the user DESKTOP-C1R04V7\sakov SID (S-1-5-21-1674230623-2899171402-1259877898-1001) from address LocalHost (Using LRPC) running in the application container Microsoft.GamingApp_2008.1001.11.0_x64__8wekyb3d8bbwe SID (S-1-15-2-1723189366-2159580849-2248400763-1481059666-1951766778-2756563051-3565589001). This security permission can be modified using the Component Services administrative tool."
Warning,07-Sep-20 10:49:44 PM,Microsoft-Windows-DistributedCOM,10016,None,"The application-specific permission settings do not grant Local Activation permission for the COM Server application with CLSID 
{37399C92-DC3F-4B55-AE5B-811EE82398AD}
 and APPID 
{37399C92-DC3F-4B55-AE5B-811EE82398AD}
 to the user DESKTOP-C1R04V7\sakov SID (S-1-5-21-1674230623-2899171402-1259877898-1001) from address LocalHost (Using LRPC) running in the application container Microsoft.GamingApp_2008.1001.11.0_x64__8wekyb3d8bbwe SID (S-1-15-2-1723189366-2159580849-2248400763-1481059666-1951766778-2756563051-3565589001). This security permission can be modified using the Component Services administrative tool."
