Information,03-Sep-20 5:28:00 PM,Microsoft-Windows-Kernel-Boot,25,(32),The boot menu policy was 0x1.
Information,03-Sep-20 5:28:00 PM,Microsoft-Windows-Kernel-Boot,238,(101),EFI time zone bias: 2047. Daylight flags: 0
Information,03-Sep-20 5:28:00 PM,Microsoft-Windows-Kernel-Boot,20,(31),The last shutdown's success status was false. The last boot's success status was true.
Information,03-Sep-20 5:28:00 PM,Microsoft-Windows-Kernel-Boot,153,(62),Virtualization-based security (policies: 0) is disabled.
Information,03-Sep-20 5:28:00 PM,Microsoft-Windows-Kernel-General,12,(1),The operating system started at system time ‎2020‎-‎09‎-‎04T00:28:00.500000000Z.
Warning,03-Sep-20 5:26:44 PM,Microsoft-Windows-DistributedCOM,10016,None,"The application-specific permission settings do not grant Local Activation permission for the COM Server application with CLSID 
{2593F8B9-4EAF-457C-B68A-50F6B8EA6B54}
 and APPID 
{15C20B67-12E7-4BB6-92BB-7AFF07997402}
 to the user DESKTOP-C1R04V7\sakov SID (S-1-5-21-1674230623-2899171402-1259877898-1001) from address LocalHost (Using LRPC) running in the application container SpotifyAB.SpotifyMusic_1.140.508.0_x86__zpdnekdrzrea0 SID (Unavailable). This security permission can be modified using the Component Services administrative tool."
Warning,03-Sep-20 5:26:32 PM,Microsoft-Windows-DistributedCOM,10016,None,"The application-specific permission settings do not grant Local Activation permission for the COM Server application with CLSID 
{2593F8B9-4EAF-457C-B68A-50F6B8EA6B54}
 and APPID 
{15C20B67-12E7-4BB6-92BB-7AFF07997402}
 to the user DESKTOP-C1R04V7\sakov SID (S-1-5-21-1674230623-2899171402-1259877898-1001) from address LocalHost (Using LRPC) running in the application container Unavailable SID (Unavailable). This security permission can be modified using the Component Services administrative tool."
Warning,03-Sep-20 5:26:31 PM,Microsoft-Windows-DistributedCOM,10016,None,"The application-specific permission settings do not grant Local Activation permission for the COM Server application with CLSID 
{2593F8B9-4EAF-457C-B68A-50F6B8EA6B54}
 and APPID 
{15C20B67-12E7-4BB6-92BB-7AFF07997402}
 to the user DESKTOP-C1R04V7\sakov SID (S-1-5-21-1674230623-2899171402-1259877898-1001) from address LocalHost (Using LRPC) running in the application container Unavailable SID (Unavailable). This security permission can be modified using the Component Services administrative tool."
Warning,03-Sep-20 5:26:28 PM,Microsoft-Windows-DistributedCOM,10016,None,"The application-specific permission settings do not grant Local Launch permission for the COM Server application with CLSID 
Windows.SecurityCenter.WscCloudBackupProvider
 and APPID 
Unavailable
 to the user DESKTOP-C1R04V7\sakov SID (S-1-5-21-1674230623-2899171402-1259877898-1001) from address LocalHost (Using LRPC) running in the application container Unavailable SID (Unavailable). This security permission can be modified using the Component Services administrative tool."
Warning,03-Sep-20 5:26:23 PM,Microsoft-Windows-DistributedCOM,10016,None,"The application-specific permission settings do not grant Local Activation permission for the COM Server application with CLSID 
{2593F8B9-4EAF-457C-B68A-50F6B8EA6B54}
 and APPID 
{15C20B67-12E7-4BB6-92BB-7AFF07997402}
 to the user DESKTOP-C1R04V7\sakov SID (S-1-5-21-1674230623-2899171402-1259877898-1001) from address LocalHost (Using LRPC) running in the application container Unavailable SID (Unavailable). This security permission can be modified using the Component Services administrative tool."
Warning,03-Sep-20 5:26:11 PM,Microsoft-Windows-DistributedCOM,10016,None,"The application-specific permission settings do not grant Local Activation permission for the COM Server application with CLSID 
{6B3B8D23-FA8D-40B9-8DBD-B950333E2C52}
 and APPID 
{4839DDB7-58C2-48F5-8283-E1D1807D0D7D}
 to the user NT AUTHORITY\LOCAL SERVICE SID (S-1-5-19) from address LocalHost (Using LRPC) running in the application container Unavailable SID (Unavailable). This security permission can be modified using the Component Services administrative tool."
Warning,03-Sep-20 5:26:11 PM,Microsoft-Windows-DistributedCOM,10016,None,"The application-specific permission settings do not grant Local Activation permission for the COM Server application with CLSID 
{6B3B8D23-FA8D-40B9-8DBD-B950333E2C52}
 and APPID 
{4839DDB7-58C2-48F5-8283-E1D1807D0D7D}
 to the user NT AUTHORITY\LOCAL SERVICE SID (S-1-5-19) from address LocalHost (Using LRPC) running in the application container Unavailable SID (Unavailable). This security permission can be modified using the Component Services administrative tool."
Information,03-Sep-20 5:26:11 PM,Microsoft-Windows-Winlogon,7001,(1101),User Logon Notification for Customer Experience Improvement Program
Warning,03-Sep-20 5:25:50 PM,Netwtw08,6062,None,6062 - Lso was triggered
Information,03-Sep-20 5:25:49 PM,Netwtw08,7021,None,7021 - Connection telemetry fields and analysis usage
Information,03-Sep-20 5:25:46 PM,Microsoft-Windows-FilterManager,6,None,"File System Filter 'gameflt' (10.0, ‎2097‎-‎12‎-‎16T00:14:12.000000000Z) has successfully loaded and registered with Filter Manager."
Information,03-Sep-20 5:25:45 PM,Service Control Manager,7026,None,"The following boot-start or system-start driver(s) did not load: 
dam"
Information,03-Sep-20 5:25:44 PM,Microsoft-Windows-WLAN-AutoConfig,10001,None,"WLAN Extensibility Module has successfully started.

Module Path: C:\WINDOWS\system32\IntelIHVRouter08.dll
"
Information,03-Sep-20 5:25:44 PM,Microsoft-Windows-WLAN-AutoConfig,4000,None,"WLAN AutoConfig service has successfully started.
"
Information,03-Sep-20 5:25:43 PM,Microsoft-Windows-FilterManager,6,None,"File System Filter 'bindflt' (10.0, ‎2090‎-‎10‎-‎31T12:47:32.000000000Z) has successfully loaded and registered with Filter Manager."
Information,03-Sep-20 5:25:43 PM,Microsoft-Windows-FilterManager,6,None,"File System Filter 'storqosflt' (10.0, ‎2007‎-‎04‎-‎09T11:08:30.000000000Z) has successfully loaded and registered with Filter Manager."
Information,03-Sep-20 5:25:43 PM,Microsoft-Windows-FilterManager,6,None,"File System Filter 'CldFlt' (10.0, ‎1994‎-‎04‎-‎04T15:13:14.000000000Z) has successfully loaded and registered with Filter Manager."
Information,03-Sep-20 5:25:43 PM,Microsoft-Windows-FilterManager,1,None,"File System Filter 'CldFlt' (Version 10.0, ‎1994‎-‎04‎-‎04T15:13:14.000000000Z) unloaded successfully."
Information,03-Sep-20 5:25:43 PM,Microsoft-Windows-FilterManager,6,None,"File System Filter 'CldFlt' (10.0, ‎1994‎-‎04‎-‎04T15:13:14.000000000Z) has successfully loaded and registered with Filter Manager."
Information,03-Sep-20 5:25:43 PM,Microsoft-Windows-DHCPv6-Client,51046,Service State Event,DHCPv6 client service is started
Information,03-Sep-20 5:25:43 PM,Microsoft-Windows-FilterManager,6,None,"File System Filter 'wcifs' (10.0, ‎2027‎-‎01‎-‎31T19:32:49.000000000Z) has successfully loaded and registered with Filter Manager."
Information,03-Sep-20 5:25:43 PM,Microsoft-Windows-FilterManager,6,None,"File System Filter 'luafv' (10.0, ‎2016‎-‎01‎-‎23T19:15:51.000000000Z) has successfully loaded and registered with Filter Manager."
Information,03-Sep-20 5:25:43 PM,Microsoft-Windows-Dhcp-Client,50103,Service State Event,DHCPv4 client registered for shutdown notification
Information,03-Sep-20 5:25:43 PM,Microsoft-Windows-Dhcp-Client,50036,Service State Event,DHCPv4 client service is started
Information,03-Sep-20 5:25:43 PM,Microsoft-Windows-Kernel-General,16,None,The access history in hive \??\C:\WINDOWS\ServiceProfiles\LocalService\NTUSER.DAT was cleared updating 686 keys and creating 38 modified pages.
Information,03-Sep-20 5:25:43 PM,Microsoft-Windows-Kernel-General,16,None,The access history in hive \SystemRoot\System32\Config\BBI was cleared updating 357 keys and creating 81 modified pages.
Information,03-Sep-20 5:25:42 PM,Microsoft-Windows-Kernel-General,16,None,The access history in hive \??\C:\WINDOWS\ServiceProfiles\NetworkService\NTUSER.DAT was cleared updating 678 keys and creating 37 modified pages.
Information,03-Sep-20 5:25:42 PM,Microsoft-Windows-Directory-Services-SAM,16977,None,"The domain is configured with the following minimum password length-related settings.

MinimumPasswordLength: 0

RelaxMinimumPasswordLengthLimits: 0

MinimumPasswordLengthAudit: -1

For more information see https://go.microsoft.com/fwlink/?LinkId=2097191.
"
Information,03-Sep-20 5:25:42 PM,Microsoft-Windows-Kernel-General,16,None,The access history in hive \SystemRoot\System32\Config\SAM was cleared updating 80 keys and creating 8 modified pages.
Information,03-Sep-20 5:25:42 PM,Microsoft-Windows-Directory-Services-SAM,16962,None,"Remote calls to the SAM database are being restricted using the default security descriptor: O:SYG:SYD:(A;;RC;;;BA).
For more information please see http://go.microsoft.com/fwlink/?LinkId=787651."
Information,03-Sep-20 5:25:42 PM,Microsoft-Windows-Kernel-General,16,None,The access history in hive \SystemRoot\System32\Config\SECURITY was cleared updating 94 keys and creating 3 modified pages.
Information,03-Sep-20 5:25:42 PM,Microsoft-Windows-Wininit,14,None,"Credential Guard configuration: 0x0, 0"
Information,03-Sep-20 5:25:34 PM,BTHUSB,18,None,Windows cannot store Bluetooth authentication codes (link keys) on the local adapter. Bluetooth keyboards might not work in the system BIOS during startup.
Information,03-Sep-20 5:25:33 PM,Netwtw08,7017,None,7017 - secure boot (SB) configuration
Information,03-Sep-20 5:25:33 PM,Netwtw08,7010,None,7010 - driver enabled (miniport init)
Information,03-Sep-20 5:25:33 PM,Netwtw08,7005,None,7005 - SAR value max TX power (WRDS)
Information,03-Sep-20 5:25:33 PM,Netwtw08,7036,None,The \Device\NDMP2 service entered the Intel(R) Wireless-AC 9260 160MHz state.
Information,03-Sep-20 5:25:32 PM,Microsoft-Windows-Kernel-Processor-Power,55,(47),"Processor 11 in group 0 exposes the following power management capabilities:

Idle state type: ACPI Idle (C) States (2 state(s))

Performance state type: ACPI Performance (P) / Throttle (T) States
Nominal Frequency (MHz): 3400
Maximum performance percentage: 100
Minimum performance percentage: 45
Minimum throttle percentage: 45"
Information,03-Sep-20 5:25:32 PM,Microsoft-Windows-Kernel-Processor-Power,55,(47),"Processor 10 in group 0 exposes the following power management capabilities:

Idle state type: ACPI Idle (C) States (2 state(s))

Performance state type: ACPI Performance (P) / Throttle (T) States
Nominal Frequency (MHz): 3400
Maximum performance percentage: 100
Minimum performance percentage: 45
Minimum throttle percentage: 45"
Information,03-Sep-20 5:25:32 PM,Microsoft-Windows-Kernel-Processor-Power,55,(47),"Processor 9 in group 0 exposes the following power management capabilities:

Idle state type: ACPI Idle (C) States (2 state(s))

Performance state type: ACPI Performance (P) / Throttle (T) States
Nominal Frequency (MHz): 3400
Maximum performance percentage: 100
Minimum performance percentage: 45
Minimum throttle percentage: 45"
Information,03-Sep-20 5:25:32 PM,Microsoft-Windows-Kernel-Processor-Power,55,(47),"Processor 8 in group 0 exposes the following power management capabilities:

Idle state type: ACPI Idle (C) States (2 state(s))

Performance state type: ACPI Performance (P) / Throttle (T) States
Nominal Frequency (MHz): 3400
Maximum performance percentage: 100
Minimum performance percentage: 45
Minimum throttle percentage: 45"
Information,03-Sep-20 5:25:32 PM,Microsoft-Windows-Kernel-Processor-Power,55,(47),"Processor 7 in group 0 exposes the following power management capabilities:

Idle state type: ACPI Idle (C) States (2 state(s))

Performance state type: ACPI Performance (P) / Throttle (T) States
Nominal Frequency (MHz): 3400
Maximum performance percentage: 100
Minimum performance percentage: 45
Minimum throttle percentage: 45"
Information,03-Sep-20 5:25:32 PM,Microsoft-Windows-Kernel-Processor-Power,55,(47),"Processor 6 in group 0 exposes the following power management capabilities:

Idle state type: ACPI Idle (C) States (2 state(s))

Performance state type: ACPI Performance (P) / Throttle (T) States
Nominal Frequency (MHz): 3400
Maximum performance percentage: 100
Minimum performance percentage: 45
Minimum throttle percentage: 45"
Information,03-Sep-20 5:25:32 PM,Microsoft-Windows-Kernel-Processor-Power,55,(47),"Processor 5 in group 0 exposes the following power management capabilities:

Idle state type: ACPI Idle (C) States (2 state(s))

Performance state type: ACPI Performance (P) / Throttle (T) States
Nominal Frequency (MHz): 3400
Maximum performance percentage: 100
Minimum performance percentage: 45
Minimum throttle percentage: 45"
Information,03-Sep-20 5:25:32 PM,Microsoft-Windows-Kernel-Processor-Power,55,(47),"Processor 4 in group 0 exposes the following power management capabilities:

Idle state type: ACPI Idle (C) States (2 state(s))

Performance state type: ACPI Performance (P) / Throttle (T) States
Nominal Frequency (MHz): 3400
Maximum performance percentage: 100
Minimum performance percentage: 45
Minimum throttle percentage: 45"
Information,03-Sep-20 5:25:32 PM,Microsoft-Windows-Kernel-Processor-Power,55,(47),"Processor 3 in group 0 exposes the following power management capabilities:

Idle state type: ACPI Idle (C) States (2 state(s))

Performance state type: ACPI Performance (P) / Throttle (T) States
Nominal Frequency (MHz): 3400
Maximum performance percentage: 100
Minimum performance percentage: 45
Minimum throttle percentage: 45"
Information,03-Sep-20 5:25:32 PM,Microsoft-Windows-Kernel-Processor-Power,55,(47),"Processor 2 in group 0 exposes the following power management capabilities:

Idle state type: ACPI Idle (C) States (2 state(s))

Performance state type: ACPI Performance (P) / Throttle (T) States
Nominal Frequency (MHz): 3400
Maximum performance percentage: 100
Minimum performance percentage: 45
Minimum throttle percentage: 45"
Information,03-Sep-20 5:25:32 PM,Microsoft-Windows-Kernel-Processor-Power,55,(47),"Processor 1 in group 0 exposes the following power management capabilities:

Idle state type: ACPI Idle (C) States (2 state(s))

Performance state type: ACPI Performance (P) / Throttle (T) States
Nominal Frequency (MHz): 3400
Maximum performance percentage: 100
Minimum performance percentage: 45
Minimum throttle percentage: 45"
Information,03-Sep-20 5:25:32 PM,Microsoft-Windows-Kernel-Processor-Power,55,(47),"Processor 0 in group 0 exposes the following power management capabilities:

Idle state type: ACPI Idle (C) States (2 state(s))

Performance state type: ACPI Performance (P) / Throttle (T) States
Nominal Frequency (MHz): 3400
Maximum performance percentage: 100
Minimum performance percentage: 45
Minimum throttle percentage: 45"
Information,03-Sep-20 5:25:31 PM,Microsoft-Windows-Kernel-General,16,None,The access history in hive \SystemRoot\System32\Config\DEFAULT was cleared updating 663 keys and creating 65 modified pages.
Information,03-Sep-20 5:25:31 PM,Microsoft-Windows-Kernel-General,24,(11),The time zone information was refreshed with exit reason 0. Current time zone bias is 420.
Information,03-Sep-20 5:25:31 PM,Microsoft-Windows-Kernel-General,15,(10),Hive \SystemRoot\System32\Config\SOFTWARE was reorganized with a starting size of 103198720 bytes and an ending size of 95191040 bytes.
Information,03-Sep-20 5:25:28 PM,Microsoft-Windows-Ntfs,98,None,Volume E: (\Device\HarddiskVolume2) is healthy.  No action is needed.
Information,03-Sep-20 5:25:28 PM,Microsoft-Windows-Ntfs,98,None,Volume \\?\Volume{e77e4054-d94f-409a-b7a5-1934afc8f2e8} (\Device\HarddiskVolume5) is healthy.  No action is needed.
Information,03-Sep-20 5:25:28 PM,Microsoft-Windows-Ntfs,98,None,Volume D: (\Device\HarddiskVolume1) is healthy.  No action is needed.
Information,03-Sep-20 5:25:28 PM,Microsoft-Windows-Kernel-Power,172,(203),"Connectivity state in standby: Disconnected, Reason: NIC compliance"
Information,03-Sep-20 5:25:28 PM,Microsoft-Windows-FilterManager,6,None,"File System Filter 'npsvctrig' (10.0, ‎2025‎-‎01‎-‎05T19:41:12.000000000Z) has successfully loaded and registered with Filter Manager."
Information,03-Sep-20 5:25:27 PM,Microsoft-Windows-FilterManager,6,None,"File System Filter 'FileCrypt' (10.0, ‎2002‎-‎03‎-‎01T04:12:42.000000000Z) has successfully loaded and registered with Filter Manager."
Information,03-Sep-20 5:25:24 PM,Microsoft-Windows-Ntfs,98,None,Volume C: (\Device\HarddiskVolume4) is healthy.  No action is needed.
Information,03-Sep-20 5:25:22 PM,Microsoft-Windows-FilterManager,6,None,"File System Filter 'WdFilter' (10.0, ‎2012‎-‎07‎-‎05T15:48:10.000000000Z) has successfully loaded and registered with Filter Manager."
Information,03-Sep-20 5:25:22 PM,Microsoft-Windows-FilterManager,6,None,"File System Filter 'Wof' (10.0, ‎2050‎-‎10‎-‎18T06:21:08.000000000Z) has successfully loaded and registered with Filter Manager."
Information,03-Sep-20 5:25:22 PM,Microsoft-Windows-FilterManager,6,None,"File System Filter 'FileInfo' (10.0, ‎2062‎-‎12‎-‎22T22:21:06.000000000Z) has successfully loaded and registered with Filter Manager."
Information,03-Sep-20 5:25:21 PM,Microsoft-Windows-HAL,16,None,The iommu fault reporting has been initialized.
Information,03-Sep-20 5:25:21 PM,Microsoft-Windows-Kernel-General,20,(6),"The leap second configuration has been updated.
Reason: Leap second data initialized from registry during boot
Leap seconds enabled: true
New leap second count: 0
Old leap second count: 0"
Information,03-Sep-20 5:25:21 PM,Microsoft-Windows-Kernel-Boot,30,(21),The firmware reported boot metrics.
Information,03-Sep-20 5:25:21 PM,Microsoft-Windows-Kernel-Boot,32,(58),The bootmgr spent 0 ms waiting for user input.
Information,03-Sep-20 5:25:21 PM,Microsoft-Windows-Kernel-Boot,18,(57),There are 0x1 boot options on this system.
Information,03-Sep-20 5:25:21 PM,Microsoft-Windows-Kernel-Boot,27,(33),The boot type was 0x0.
Information,03-Sep-20 5:25:21 PM,Microsoft-Windows-Kernel-Boot,25,(32),The boot menu policy was 0x1.
Information,03-Sep-20 5:25:21 PM,Microsoft-Windows-Kernel-Boot,238,(101),EFI time zone bias: 2047. Daylight flags: 0
Information,03-Sep-20 5:25:21 PM,Microsoft-Windows-Kernel-Boot,20,(31),The last shutdown's success status was true. The last boot's success status was true.
Information,03-Sep-20 5:25:21 PM,Microsoft-Windows-Kernel-Boot,153,(62),Virtualization-based security (policies: 0) is disabled.
Information,03-Sep-20 5:25:21 PM,Microsoft-Windows-Kernel-General,12,(1),The operating system started at system time ‎2020‎-‎09‎-‎04T00:25:21.500000000Z.
Information,03-Sep-20 5:25:03 PM,Microsoft-Windows-Kernel-General,13,(2),The operating system is shutting down at system time ‎2020‎-‎09‎-‎04T00:25:03.369994700Z.
Information,03-Sep-20 5:25:02 PM,Microsoft-Windows-Kernel-Power,109,(103),"The kernel power manager has initiated a shutdown transition.

Shutdown Reason: Kernel API"
Information,03-Sep-20 5:24:58 PM,Microsoft-Windows-WLAN-AutoConfig,4001,None,"WLAN AutoConfig service has successfully stopped.
"
Warning,03-Sep-20 5:24:58 PM,Microsoft-Windows-WLAN-AutoConfig,10002,None,"WLAN Extensibility Module has stopped.

Module Path: C:\WINDOWS\system32\IntelIHVRouter08.dll
"
Information,03-Sep-20 5:25:43 PM,EventLog,6013,None,The system uptime is 21 seconds.
Information,03-Sep-20 5:25:43 PM,EventLog,6005,None,The Event log service was started.
Information,03-Sep-20 5:25:43 PM,EventLog,6009,None,Microsoft (R) Windows (R) 10.00. 19041  Multiprocessor Free.
Information,03-Sep-20 5:24:57 PM,Microsoft-Windows-Dhcp-Client,50037,Service State Event,DHCPv4 client service is stopped. ShutDown Flag value is 1
Information,03-Sep-20 5:24:57 PM,Microsoft-Windows-Dhcp-Client,50106,Service State Event,DHCPv4 is waiting on DHCPv6 service to stop
Information,03-Sep-20 5:24:57 PM,Microsoft-Windows-DHCPv6-Client,51057,Service State Event,DHCPv6 client service stop is almost done.DHCP Context Ref count is 1
Information,03-Sep-20 5:24:57 PM,Microsoft-Windows-DHCPv6-Client,51047,Service State Event,DHCPv6 client service is stopped. ShutDown Flag value is 1
Information,03-Sep-20 5:24:57 PM,Microsoft-Windows-Dhcp-Client,50105,Service State Event,DHCPv4 client ProcessDHCPRequestForever received TERMINATE_EVENT
Information,03-Sep-20 5:24:57 PM,Microsoft-Windows-Dhcp-Client,50104,Service State Event,DHCPv4 client received shutdown notification
Information,03-Sep-20 5:24:57 PM,Microsoft-Windows-Winlogon,7002,(1102),User Logoff Notification for Customer Experience Improvement Program
Information,03-Sep-20 5:24:57 PM,EventLog,6006,None,The Event log service was stopped.
Error,03-Sep-20 5:24:56 PM,Microsoft-Windows-DistributedCOM,10010,None,The server {AB8902B4-09CA-4BB6-B78D-A8F59079A8D5} did not register with DCOM within the required timeout.
Error,03-Sep-20 5:24:56 PM,Microsoft-Windows-DistributedCOM,10010,None,The server {AB8902B4-09CA-4BB6-B78D-A8F59079A8D5} did not register with DCOM within the required timeout.
Information,03-Sep-20 5:24:04 PM,Service Control Manager,7045,None,"A service was installed in the system.

Service Name:  Chrome attālās darbvirsmas pakalpojums
Service File Name:  ""C:\Program Files (x86)\Google\Chrome Remote Desktop\85.0.4183.6\remoting_host.exe"" --type=daemon --host-config=""C:\ProgramData\Google\Chrome Remote Desktop\host.json""
Service Type:  lietotāja režīma pakalpojums
Service Start Type:  pieprasīt startēšanu
Service Account:  LocalSystem"
Warning,03-Sep-20 5:22:28 PM,Microsoft-Windows-DistributedCOM,10016,None,"The application-specific permission settings do not grant Local Activation permission for the COM Server application with CLSID 
{2593F8B9-4EAF-457C-B68A-50F6B8EA6B54}
 and APPID 
{15C20B67-12E7-4BB6-92BB-7AFF07997402}
 to the user DESKTOP-C1R04V7\sakov SID (S-1-5-21-1674230623-2899171402-1259877898-1001) from address LocalHost (Using LRPC) running in the application container Unavailable SID (Unavailable). This security permission can be modified using the Component Services administrative tool."
Warning,03-Sep-20 4:36:01 PM,disk,157,None,Disk 3 has been surprise removed.
Information,03-Sep-20 4:32:37 PM,Microsoft-Windows-Kernel-General,16,None,The access history in hive \??\Volume{a2d38700-69f5-4fea-a646-04252ef9eae0}\System Volume Information\SPP\SppCbsHiveStore\{cd42efe1-f6f1-427c-b004-033192c625a4}{FD77CC4B-BCEE-44B8-8193-89C77E1208D5} was cleared updating 324094 keys and creating 21834 modified pages.
Information,03-Sep-20 4:32:36 PM,Microsoft-Windows-Kernel-General,16,None,The access history in hive \??\Volume{a2d38700-69f5-4fea-a646-04252ef9eae0}\System Volume Information\SPP\SppCbsHiveStore\{cd42efe1-f6f1-427c-b004-033192c625a4}{FBF3CB4E-6E48-4A97-BEE8-B1B405F13E86} was cleared updating 630 keys and creating 65 modified pages.
Information,03-Sep-20 4:32:36 PM,Microsoft-Windows-Kernel-General,16,None,The access history in hive \??\Volume{a2d38700-69f5-4fea-a646-04252ef9eae0}\System Volume Information\SPP\SppCbsHiveStore\{cd42efe1-f6f1-427c-b004-033192c625a4}{84C367F1-48A5-48FE-AA69-7B70CAFAE8DE} was cleared updating 15842 keys and creating 2692 modified pages.
Information,03-Sep-20 4:32:35 PM,Microsoft-Windows-Kernel-General,16,None,The access history in hive \??\Volume{a2d38700-69f5-4fea-a646-04252ef9eae0}\System Volume Information\SPP\SppCbsHiveStore\{cd42efe1-f6f1-427c-b004-033192c625a4}{5A9C0F14-8B68-4ED2-80CA-E39A8200ED69} was cleared updating 62636 keys and creating 6936 modified pages.
Information,03-Sep-20 4:32:35 PM,Microsoft-Windows-Kernel-General,16,None,The access history in hive \??\Volume{a2d38700-69f5-4fea-a646-04252ef9eae0}\System Volume Information\SPP\SppCbsHiveStore\{cd42efe1-f6f1-427c-b004-033192c625a4}{5282817B-0CC6-4993-89B2-62F7D338C543} was cleared updating 94 keys and creating 4 modified pages.
Information,03-Sep-20 4:32:35 PM,Microsoft-Windows-Kernel-General,16,None,The access history in hive \??\Volume{a2d38700-69f5-4fea-a646-04252ef9eae0}\System Volume Information\SPP\SppCbsHiveStore\{cd42efe1-f6f1-427c-b004-033192c625a4}{394DE326-3F46-4B5F-8E8C-666F30D4A585} was cleared updating 80 keys and creating 8 modified pages.
Information,03-Sep-20 4:32:35 PM,Microsoft-Windows-Kernel-General,16,None,The access history in hive \??\Volume{a2d38700-69f5-4fea-a646-04252ef9eae0}\System Volume Information\SPP\SppCbsHiveStore\{cd42efe1-f6f1-427c-b004-033192c625a4}{6AF1027E-0A45-4320-AC97-71D4230AEC76} was cleared updating 42404 keys and creating 2846 modified pages.
Information,03-Sep-20 4:32:32 PM,Microsoft-Windows-Kernel-General,11,None,"TxR init phase for hive \??\GLOBALROOT\Device\HarddiskVolumeShadowCopy1\WINDOWS\System32\config\DRIVERS (TM: {2d43021e-ed51-11ea-b372-5c879cd94ecc}, RM: {2d43021d-ed51-11ea-b372-5c879cd94ecc}) finished with result=0xC00000A2 (Internal code=7)."
Information,03-Sep-20 4:32:32 PM,Microsoft-Windows-Kernel-General,16,None,The access history in hive \??\GLOBALROOT\Device\HarddiskVolumeShadowCopy1\WINDOWS\System32\config\DRIVERS was cleared updating 29750 keys and creating 1366 modified pages.
Information,03-Sep-20 4:32:32 PM,Microsoft-Windows-Kernel-General,11,None,"TxR init phase for hive \??\GLOBALROOT\Device\HarddiskVolumeShadowCopy1\WINDOWS\System32\config\SYSTEM (TM: {2d43021b-ed51-11ea-b372-5c879cd94ecc}, RM: {2d43021a-ed51-11ea-b372-5c879cd94ecc}) finished with result=0xC00000A2 (Internal code=7)."
Information,03-Sep-20 4:32:32 PM,Microsoft-Windows-Kernel-General,16,None,The access history in hive \??\GLOBALROOT\Device\HarddiskVolumeShadowCopy1\WINDOWS\System32\config\SYSTEM was cleared updating 42404 keys and creating 2846 modified pages.
Information,03-Sep-20 4:32:31 PM,Microsoft-Windows-Kernel-General,15,(10),Hive \??\Volume{a2d38700-69f5-4fea-a646-04252ef9eae0}\System Volume Information\SPP\SppCbsHiveStore\{cd42efe1-f6f1-427c-b004-033192c625a4}{6A024129-ED50-4CE2-BC13-DA2085414917} was reorganized with a starting size of 103198720 bytes and an ending size of 95322112 bytes.
Information,03-Sep-20 4:32:27 PM,Microsoft-Windows-Kernel-General,16,None,The access history in hive \??\Volume{a2d38700-69f5-4fea-a646-04252ef9eae0}\System Volume Information\SPP\SppCbsHiveStore\{cd42efe1-f6f1-427c-b004-033192c625a4}{505739EA-2662-4CCB-B537-007B87ACAAF2} was cleared updating 644 keys and creating 62 modified pages.
Information,03-Sep-20 4:32:27 PM,Microsoft-Windows-Kernel-General,16,None,The access history in hive \??\Volume{a2d38700-69f5-4fea-a646-04252ef9eae0}\System Volume Information\SPP\SppCbsHiveStore\{cd42efe1-f6f1-427c-b004-033192c625a4}{A66CDF56-56B1-440C-A54A-04C8DC0A3D36} was cleared updating 15842 keys and creating 2692 modified pages.
Information,03-Sep-20 4:32:27 PM,Microsoft-Windows-Kernel-General,16,None,The access history in hive \??\Volume{a2d38700-69f5-4fea-a646-04252ef9eae0}\System Volume Information\SPP\SppCbsHiveStore\{cd42efe1-f6f1-427c-b004-033192c625a4}{96201D5B-5F45-47EC-BD02-280F34698F59} was cleared updating 62636 keys and creating 6936 modified pages.
Information,03-Sep-20 4:32:26 PM,Microsoft-Windows-Kernel-General,16,None,The access history in hive \??\Volume{a2d38700-69f5-4fea-a646-04252ef9eae0}\System Volume Information\SPP\SppCbsHiveStore\{cd42efe1-f6f1-427c-b004-033192c625a4}{F16C4732-C14A-4963-93AD-4891CE2E4449} was cleared updating 94 keys and creating 3 modified pages.
Information,03-Sep-20 4:32:26 PM,Microsoft-Windows-Kernel-General,16,None,The access history in hive \??\Volume{a2d38700-69f5-4fea-a646-04252ef9eae0}\System Volume Information\SPP\SppCbsHiveStore\{cd42efe1-f6f1-427c-b004-033192c625a4}{80326C66-61DE-4773-8D48-86BE577D7DD5} was cleared updating 80 keys and creating 8 modified pages.
Information,03-Sep-20 4:32:26 PM,Microsoft-Windows-Kernel-General,16,None,The access history in hive \??\Volume{a2d38700-69f5-4fea-a646-04252ef9eae0}\System Volume Information\SPP\SppCbsHiveStore\{cd42efe1-f6f1-427c-b004-033192c625a4}{A8CB9D25-501C-4056-89DB-57F39CA11918} was cleared updating 42540 keys and creating 2856 modified pages.
Information,03-Sep-20 4:32:24 PM,Microsoft-Windows-Kernel-General,11,None,"TxR init phase for hive \??\GLOBALROOT\Device\HarddiskVolumeShadowCopy2\WINDOWS\System32\config\DRIVERS (TM: {2d4301f6-ed51-11ea-b372-5c879cd94ecc}, RM: {2d4301f5-ed51-11ea-b372-5c879cd94ecc}) finished with result=0xC00000A2 (Internal code=7)."
Information,03-Sep-20 4:32:24 PM,Microsoft-Windows-Kernel-General,11,None,"TxR init phase for hive \??\GLOBALROOT\Device\HarddiskVolumeShadowCopy2\WINDOWS\System32\config\SYSTEM (TM: {2d4301f3-ed51-11ea-b372-5c879cd94ecc}, RM: {2d4301f2-ed51-11ea-b372-5c879cd94ecc}) finished with result=0xC00000A2 (Internal code=7)."
Information,03-Sep-20 4:32:24 PM,Microsoft-Windows-Kernel-General,16,None,The access history in hive \??\GLOBALROOT\Device\HarddiskVolumeShadowCopy2\WINDOWS\System32\config\SYSTEM was cleared updating 42540 keys and creating 2856 modified pages.
Information,03-Sep-20 4:15:26 PM,Service Control Manager,7040,None,The start type of the Windows Modules Installer service was changed from startēt automātiski to pieprasīt startēšanu.
Warning,03-Sep-20 4:15:22 PM,disk,157,None,Disk 3 has been surprise removed.
Information,03-Sep-20 4:15:20 PM,Microsoft-Windows-WindowsUpdateClient,19,Windows Update Agent,Installation Successful: Windows successfully installed the following update: 9WZDNCRFJ3PR-MICROSOFT.WINDOWSALARMS
Information,03-Sep-20 4:15:16 PM,Microsoft-Windows-WindowsUpdateClient,43,Windows Update Agent,Installation Started: Windows has started installing the following update: 9WZDNCRFJ3PR-MICROSOFT.WINDOWSALARMS
Information,03-Sep-20 4:15:14 PM,Microsoft-Windows-WindowsUpdateClient,19,Windows Update Agent,Installation Successful: Windows successfully installed the following update: 9WZDNCRFHVN5-MICROSOFT.WINDOWSCALCULATOR
Information,03-Sep-20 4:15:11 PM,Microsoft-Windows-WindowsUpdateClient,43,Windows Update Agent,Installation Started: Windows has started installing the following update: 9WZDNCRFHVN5-MICROSOFT.WINDOWSCALCULATOR
Information,03-Sep-20 4:14:53 PM,Microsoft-Windows-Kernel-General,16,None,The access history in hive \??\C:\Users\sakov\AppData\Local\Packages\spotifyab.spotifymusic_zpdnekdrzrea0\Settings\settings.dat was cleared updating 2 keys and creating 1 modified pages.
Information,03-Sep-20 4:14:53 PM,Microsoft-Windows-Kernel-General,16,None,The access history in hive \??\C:\Users\sakov\AppData\Local\Packages\nvidiacorp.nvidiacontrolpanel_56jybvy8sckqj\Settings\settings.dat was cleared updating 2 keys and creating 1 modified pages.
Information,03-Sep-20 4:14:52 PM,Microsoft-Windows-WindowsUpdateClient,44,Windows Update Agent,Windows Update started downloading an update.
Information,03-Sep-20 4:14:52 PM,Microsoft-Windows-WindowsUpdateClient,44,Windows Update Agent,Windows Update started downloading an update.
Information,03-Sep-20 4:14:50 PM,Microsoft-Windows-Kernel-General,16,None,The access history in hive \??\C:\Users\sakov\AppData\Local\Packages\microsoft.windows.cloudexperiencehost_cw5n1h2txyewy\Settings\settings.dat was cleared updating 4 keys and creating 1 modified pages.
Information,03-Sep-20 4:14:50 PM,Microsoft-Windows-Kernel-General,16,None,The access history in hive \??\C:\Users\sakov\AppData\Local\Packages\microsoft.wallet_8wekyb3d8bbwe\Settings\settings.dat was cleared updating 2 keys and creating 1 modified pages.
Information,03-Sep-20 4:14:48 PM,Service Control Manager,7045,None,"A service was installed in the system.

Service Name:  MpKsl2d71a220
Service File Name:  C:\ProgramData\Microsoft\Windows Defender\Definition Updates\{99B01A57-BD27-48C1-A423-3C5CF37DD729}\MpKsl2d71a220.sys
Service Type:  kodola režīma draiveris
Service Start Type:  sistēmas startēšana
Service Account:  "
Information,03-Sep-20 4:14:42 PM,Service Control Manager,7040,None,The start type of the Windows Modules Installer service was changed from pieprasīt startēšanu to startēt automātiski.
Information,03-Sep-20 4:14:42 PM,Microsoft-Windows-WindowsUpdateClient,44,Windows Update Agent,Windows Update started downloading an update.
Information,03-Sep-20 4:14:42 PM,Microsoft-Windows-WindowsUpdateClient,44,Windows Update Agent,Windows Update started downloading an update.
Information,03-Sep-20 4:14:42 PM,Service Control Manager,7040,None,The start type of the Windows Modules Installer service was changed from startēt automātiski to pieprasīt startēšanu.
Information,03-Sep-20 4:14:41 PM,Microsoft-Windows-Kernel-General,16,None,The access history in hive \??\C:\Users\sakov\AppData\Local\Packages\microsoft.languageexperiencepacklv-lv_8wekyb3d8bbwe\Settings\settings.dat was cleared updating 2 keys and creating 1 modified pages.
Information,03-Sep-20 4:14:41 PM,Microsoft-Windows-Kernel-General,16,None,The access history in hive \??\C:\Users\sakov\AppData\Local\Packages\microsoft.flightsimulator_8wekyb3d8bbwe\Settings\settings.dat was cleared updating 2 keys and creating 1 modified pages.
Information,03-Sep-20 4:14:38 PM,Microsoft-Windows-Kernel-General,16,None,The access history in hive \??\C:\WINDOWS\System32\SMI\Store\Machine\SCHEMA.DAT was cleared updating 15842 keys and creating 2692 modified pages.
Information,03-Sep-20 4:14:36 PM,Microsoft-Windows-Kernel-General,16,None,The access history in hive \??\C:\ProgramData\Microsoft\Provisioning\Microsoft-Desktop-Provisioning-Sequence.dat was cleared updating 0 keys and creating 0 modified pages.
Information,03-Sep-20 4:14:33 PM,Microsoft-Windows-Kernel-General,16,None,The access history in hive \??\C:\WINDOWS\System32\config\COMPONENTS was cleared updating 62636 keys and creating 6936 modified pages.
Information,03-Sep-20 4:14:32 PM,Service Control Manager,7040,None,The start type of the Windows Modules Installer service was changed from pieprasīt startēšanu to startēt automātiski.
Warning,03-Sep-20 4:09:07 PM,Microsoft-Windows-DistributedCOM,10016,None,"The application-specific permission settings do not grant Local Activation permission for the COM Server application with CLSID 
{2593F8B9-4EAF-457C-B68A-50F6B8EA6B54}
 and APPID 
{15C20B67-12E7-4BB6-92BB-7AFF07997402}
 to the user DESKTOP-C1R04V7\sakov SID (S-1-5-21-1674230623-2899171402-1259877898-1001) from address LocalHost (Using LRPC) running in the application container Unavailable SID (Unavailable). This security permission can be modified using the Component Services administrative tool."
Warning,03-Sep-20 4:03:57 PM,Microsoft-Windows-DistributedCOM,10016,None,"The application-specific permission settings do not grant Local Activation permission for the COM Server application with CLSID 
{2593F8B9-4EAF-457C-B68A-50F6B8EA6B54}
 and APPID 
{15C20B67-12E7-4BB6-92BB-7AFF07997402}
 to the user DESKTOP-C1R04V7\sakov SID (S-1-5-21-1674230623-2899171402-1259877898-1001) from address LocalHost (Using LRPC) running in the application container Unavailable SID (Unavailable). This security permission can be modified using the Component Services administrative tool."
Warning,03-Sep-20 3:58:07 PM,Microsoft-Windows-DistributedCOM,10016,None,"The application-specific permission settings do not grant Local Activation permission for the COM Server application with CLSID 
{2593F8B9-4EAF-457C-B68A-50F6B8EA6B54}
 and APPID 
{15C20B67-12E7-4BB6-92BB-7AFF07997402}
 to the user DESKTOP-C1R04V7\sakov SID (S-1-5-21-1674230623-2899171402-1259877898-1001) from address LocalHost (Using LRPC) running in the application container Unavailable SID (Unavailable). This security permission can be modified using the Component Services administrative tool."
Information,03-Sep-20 3:54:04 PM,Service Control Manager,7045,None,"A service was installed in the system.

Service Name:  DisplayFusionService
Service File Name:  ""C:\Program Files (x86)\DisplayFusion\DisplayFusionService.exe""
Service Type:  lietotāja režīma pakalpojums
Service Start Type:  startēt automātiski
Service Account:  LocalSystem"
Warning,03-Sep-20 3:53:08 PM,Microsoft-Windows-DistributedCOM,10016,None,"The application-specific permission settings do not grant Local Activation permission for the COM Server application with CLSID 
{2593F8B9-4EAF-457C-B68A-50F6B8EA6B54}
 and APPID 
{15C20B67-12E7-4BB6-92BB-7AFF07997402}
 to the user DESKTOP-C1R04V7\sakov SID (S-1-5-21-1674230623-2899171402-1259877898-1001) from address LocalHost (Using LRPC) running in the application container Unavailable SID (Unavailable). This security permission can be modified using the Component Services administrative tool."
Warning,03-Sep-20 3:49:06 PM,Microsoft-Windows-DistributedCOM,10016,None,"The application-specific permission settings do not grant Local Activation permission for the COM Server application with CLSID 
{2593F8B9-4EAF-457C-B68A-50F6B8EA6B54}
 and APPID 
{15C20B67-12E7-4BB6-92BB-7AFF07997402}
 to the user DESKTOP-C1R04V7\sakov SID (S-1-5-21-1674230623-2899171402-1259877898-1001) from address LocalHost (Using LRPC) running in the application container Unavailable SID (Unavailable). This security permission can be modified using the Component Services administrative tool."
Warning,03-Sep-20 3:33:58 PM,Microsoft-Windows-DistributedCOM,10016,None,"The application-specific permission settings do not grant Local Activation permission for the COM Server application with CLSID 
{2593F8B9-4EAF-457C-B68A-50F6B8EA6B54}
 and APPID 
{15C20B67-12E7-4BB6-92BB-7AFF07997402}
 to the user DESKTOP-C1R04V7\sakov SID (S-1-5-21-1674230623-2899171402-1259877898-1001) from address LocalHost (Using LRPC) running in the application container Unavailable SID (Unavailable). This security permission can be modified using the Component Services administrative tool."
Warning,03-Sep-20 3:30:27 PM,Microsoft-Windows-DistributedCOM,10016,None,"The application-specific permission settings do not grant Local Activation permission for the COM Server application with CLSID 
{2593F8B9-4EAF-457C-B68A-50F6B8EA6B54}
 and APPID 
{15C20B67-12E7-4BB6-92BB-7AFF07997402}
 to the user DESKTOP-C1R04V7\sakov SID (S-1-5-21-1674230623-2899171402-1259877898-1001) from address LocalHost (Using LRPC) running in the application container Unavailable SID (Unavailable). This security permission can be modified using the Component Services administrative tool."
Warning,03-Sep-20 3:11:27 PM,Microsoft-Windows-DistributedCOM,10016,None,"The application-specific permission settings do not grant Local Activation permission for the COM Server application with CLSID 
{2593F8B9-4EAF-457C-B68A-50F6B8EA6B54}
 and APPID 
{15C20B67-12E7-4BB6-92BB-7AFF07997402}
 to the user DESKTOP-C1R04V7\sakov SID (S-1-5-21-1674230623-2899171402-1259877898-1001) from address LocalHost (Using LRPC) running in the application container Unavailable SID (Unavailable). This security permission can be modified using the Component Services administrative tool."
Warning,03-Sep-20 3:09:29 PM,Microsoft-Windows-DistributedCOM,10016,None,"The application-specific permission settings do not grant Local Activation permission for the COM Server application with CLSID 
{2593F8B9-4EAF-457C-B68A-50F6B8EA6B54}
 and APPID 
{15C20B67-12E7-4BB6-92BB-7AFF07997402}
 to the user DESKTOP-C1R04V7\sakov SID (S-1-5-21-1674230623-2899171402-1259877898-1001) from address LocalHost (Using LRPC) running in the application container Unavailable SID (Unavailable). This security permission can be modified using the Component Services administrative tool."
Warning,03-Sep-20 3:09:12 PM,Microsoft-Windows-DistributedCOM,10016,None,"The application-specific permission settings do not grant Local Activation permission for the COM Server application with CLSID 
{2593F8B9-4EAF-457C-B68A-50F6B8EA6B54}
 and APPID 
{15C20B67-12E7-4BB6-92BB-7AFF07997402}
 to the user DESKTOP-C1R04V7\sakov SID (S-1-5-21-1674230623-2899171402-1259877898-1001) from address LocalHost (Using LRPC) running in the application container Unavailable SID (Unavailable). This security permission can be modified using the Component Services administrative tool."
Warning,03-Sep-20 3:08:06 PM,Microsoft-Windows-DistributedCOM,10016,None,"The application-specific permission settings do not grant Local Activation permission for the COM Server application with CLSID 
{2593F8B9-4EAF-457C-B68A-50F6B8EA6B54}
 and APPID 
{15C20B67-12E7-4BB6-92BB-7AFF07997402}
 to the user DESKTOP-C1R04V7\sakov SID (S-1-5-21-1674230623-2899171402-1259877898-1001) from address LocalHost (Using LRPC) running in the application container Unavailable SID (Unavailable). This security permission can be modified using the Component Services administrative tool."
Warning,03-Sep-20 2:59:45 PM,Microsoft-Windows-DistributedCOM,10016,None,"The application-specific permission settings do not grant Local Activation permission for the COM Server application with CLSID 
{2593F8B9-4EAF-457C-B68A-50F6B8EA6B54}
 and APPID 
{15C20B67-12E7-4BB6-92BB-7AFF07997402}
 to the user DESKTOP-C1R04V7\sakov SID (S-1-5-21-1674230623-2899171402-1259877898-1001) from address LocalHost (Using LRPC) running in the application container Unavailable SID (Unavailable). This security permission can be modified using the Component Services administrative tool."
Warning,03-Sep-20 2:55:46 PM,Microsoft-Windows-DistributedCOM,10016,None,"The application-specific permission settings do not grant Local Activation permission for the COM Server application with CLSID 
{2593F8B9-4EAF-457C-B68A-50F6B8EA6B54}
 and APPID 
{15C20B67-12E7-4BB6-92BB-7AFF07997402}
 to the user DESKTOP-C1R04V7\sakov SID (S-1-5-21-1674230623-2899171402-1259877898-1001) from address LocalHost (Using LRPC) running in the application container Unavailable SID (Unavailable). This security permission can be modified using the Component Services administrative tool."
Warning,03-Sep-20 2:52:01 PM,Microsoft-Windows-DistributedCOM,10016,None,"The application-specific permission settings do not grant Local Activation permission for the COM Server application with CLSID 
{2593F8B9-4EAF-457C-B68A-50F6B8EA6B54}
 and APPID 
{15C20B67-12E7-4BB6-92BB-7AFF07997402}
 to the user DESKTOP-C1R04V7\sakov SID (S-1-5-21-1674230623-2899171402-1259877898-1001) from address LocalHost (Using LRPC) running in the application container Unavailable SID (Unavailable). This security permission can be modified using the Component Services administrative tool."
Warning,03-Sep-20 2:47:54 PM,Microsoft-Windows-DistributedCOM,10016,None,"The application-specific permission settings do not grant Local Activation permission for the COM Server application with CLSID 
{2593F8B9-4EAF-457C-B68A-50F6B8EA6B54}
 and APPID 
{15C20B67-12E7-4BB6-92BB-7AFF07997402}
 to the user DESKTOP-C1R04V7\sakov SID (S-1-5-21-1674230623-2899171402-1259877898-1001) from address LocalHost (Using LRPC) running in the application container Unavailable SID (Unavailable). This security permission can be modified using the Component Services administrative tool."
Warning,03-Sep-20 2:47:54 PM,Microsoft-Windows-DistributedCOM,10016,None,"The application-specific permission settings do not grant Local Activation permission for the COM Server application with CLSID 
{2593F8B9-4EAF-457C-B68A-50F6B8EA6B54}
 and APPID 
{15C20B67-12E7-4BB6-92BB-7AFF07997402}
 to the user DESKTOP-C1R04V7\sakov SID (S-1-5-21-1674230623-2899171402-1259877898-1001) from address LocalHost (Using LRPC) running in the application container Unavailable SID (Unavailable). This security permission can be modified using the Component Services administrative tool."
Warning,03-Sep-20 2:47:46 PM,Microsoft-Windows-DistributedCOM,10016,None,"The application-specific permission settings do not grant Local Activation permission for the COM Server application with CLSID 
{2593F8B9-4EAF-457C-B68A-50F6B8EA6B54}
 and APPID 
{15C20B67-12E7-4BB6-92BB-7AFF07997402}
 to the user DESKTOP-C1R04V7\sakov SID (S-1-5-21-1674230623-2899171402-1259877898-1001) from address LocalHost (Using LRPC) running in the application container Unavailable SID (Unavailable). This security permission can be modified using the Component Services administrative tool."
Warning,03-Sep-20 2:23:58 PM,Microsoft-Windows-DistributedCOM,10016,None,"The application-specific permission settings do not grant Local Activation permission for the COM Server application with CLSID 
{2593F8B9-4EAF-457C-B68A-50F6B8EA6B54}
 and APPID 
{15C20B67-12E7-4BB6-92BB-7AFF07997402}
 to the user DESKTOP-C1R04V7\sakov SID (S-1-5-21-1674230623-2899171402-1259877898-1001) from address LocalHost (Using LRPC) running in the application container Unavailable SID (Unavailable). This security permission can be modified using the Component Services administrative tool."
Information,03-Sep-20 2:10:25 PM,Microsoft-Windows-Ntfs,98,None,Volume ?? (\Device\HarddiskVolumeShadowCopy2) is healthy.  No action is needed.
Warning,03-Sep-20 2:09:34 PM,Microsoft-Windows-DistributedCOM,10016,None,"The application-specific permission settings do not grant Local Activation permission for the COM Server application with CLSID 
{2593F8B9-4EAF-457C-B68A-50F6B8EA6B54}
 and APPID 
{15C20B67-12E7-4BB6-92BB-7AFF07997402}
 to the user DESKTOP-C1R04V7\sakov SID (S-1-5-21-1674230623-2899171402-1259877898-1001) from address LocalHost (Using LRPC) running in the application container Unavailable SID (Unavailable). This security permission can be modified using the Component Services administrative tool."
Warning,03-Sep-20 2:02:52 PM,Microsoft-Windows-DistributedCOM,10016,None,"The application-specific permission settings do not grant Local Activation permission for the COM Server application with CLSID 
{2593F8B9-4EAF-457C-B68A-50F6B8EA6B54}
 and APPID 
{15C20B67-12E7-4BB6-92BB-7AFF07997402}
 to the user DESKTOP-C1R04V7\sakov SID (S-1-5-21-1674230623-2899171402-1259877898-1001) from address LocalHost (Using LRPC) running in the application container Unavailable SID (Unavailable). This security permission can be modified using the Component Services administrative tool."
Warning,03-Sep-20 2:02:18 PM,Microsoft-Windows-DistributedCOM,10016,None,"The application-specific permission settings do not grant Local Activation permission for the COM Server application with CLSID 
{2593F8B9-4EAF-457C-B68A-50F6B8EA6B54}
 and APPID 
{15C20B67-12E7-4BB6-92BB-7AFF07997402}
 to the user DESKTOP-C1R04V7\sakov SID (S-1-5-21-1674230623-2899171402-1259877898-1001) from address LocalHost (Using LRPC) running in the application container Unavailable SID (Unavailable). This security permission can be modified using the Component Services administrative tool."
Warning,03-Sep-20 2:01:01 PM,Microsoft-Windows-DistributedCOM,10016,None,"The application-specific permission settings do not grant Local Activation permission for the COM Server application with CLSID 
{2593F8B9-4EAF-457C-B68A-50F6B8EA6B54}
 and APPID 
{15C20B67-12E7-4BB6-92BB-7AFF07997402}
 to the user DESKTOP-C1R04V7\sakov SID (S-1-5-21-1674230623-2899171402-1259877898-1001) from address LocalHost (Using LRPC) running in the application container Unavailable SID (Unavailable). This security permission can be modified using the Component Services administrative tool."
Warning,03-Sep-20 2:00:43 PM,Microsoft-Windows-DistributedCOM,10016,None,"The application-specific permission settings do not grant Local Activation permission for the COM Server application with CLSID 
{2593F8B9-4EAF-457C-B68A-50F6B8EA6B54}
 and APPID 
{15C20B67-12E7-4BB6-92BB-7AFF07997402}
 to the user DESKTOP-C1R04V7\sakov SID (S-1-5-21-1674230623-2899171402-1259877898-1001) from address LocalHost (Using LRPC) running in the application container Unavailable SID (Unavailable). This security permission can be modified using the Component Services administrative tool."
Warning,03-Sep-20 1:56:55 PM,Microsoft-Windows-DistributedCOM,10016,None,"The application-specific permission settings do not grant Local Activation permission for the COM Server application with CLSID 
{2593F8B9-4EAF-457C-B68A-50F6B8EA6B54}
 and APPID 
{15C20B67-12E7-4BB6-92BB-7AFF07997402}
 to the user DESKTOP-C1R04V7\sakov SID (S-1-5-21-1674230623-2899171402-1259877898-1001) from address LocalHost (Using LRPC) running in the application container Unavailable SID (Unavailable). This security permission can be modified using the Component Services administrative tool."
Warning,03-Sep-20 1:54:53 PM,Microsoft-Windows-DistributedCOM,10016,None,"The application-specific permission settings do not grant Local Activation permission for the COM Server application with CLSID 
{2593F8B9-4EAF-457C-B68A-50F6B8EA6B54}
 and APPID 
{15C20B67-12E7-4BB6-92BB-7AFF07997402}
 to the user DESKTOP-C1R04V7\sakov SID (S-1-5-21-1674230623-2899171402-1259877898-1001) from address LocalHost (Using LRPC) running in the application container Unavailable SID (Unavailable). This security permission can be modified using the Component Services administrative tool."
Warning,03-Sep-20 1:48:54 PM,Microsoft-Windows-DistributedCOM,10016,None,"The application-specific permission settings do not grant Local Activation permission for the COM Server application with CLSID 
{2593F8B9-4EAF-457C-B68A-50F6B8EA6B54}
 and APPID 
{15C20B67-12E7-4BB6-92BB-7AFF07997402}
 to the user DESKTOP-C1R04V7\sakov SID (S-1-5-21-1674230623-2899171402-1259877898-1001) from address LocalHost (Using LRPC) running in the application container Unavailable SID (Unavailable). This security permission can be modified using the Component Services administrative tool."
