Warning,29-Aug-20 1:52:32 PM,Microsoft-Windows-DistributedCOM,10016,None,"The application-specific permission settings do not grant Local Activation permission for the COM Server application with CLSID 
{2593F8B9-4EAF-457C-B68A-50F6B8EA6B54}
 and APPID 
{15C20B67-12E7-4BB6-92BB-7AFF07997402}
 to the user DESKTOP-C1R04V7\sakov SID (S-1-5-21-1674230623-2899171402-1259877898-1001) from address LocalHost (Using LRPC) running in the application container Unavailable SID (Unavailable). This security permission can be modified using the Component Services administrative tool."
Warning,29-Aug-20 1:51:54 PM,Microsoft-Windows-DistributedCOM,10016,None,"The application-specific permission settings do not grant Local Activation permission for the COM Server application with CLSID 
{2593F8B9-4EAF-457C-B68A-50F6B8EA6B54}
 and APPID 
{15C20B67-12E7-4BB6-92BB-7AFF07997402}
 to the user DESKTOP-C1R04V7\sakov SID (S-1-5-21-1674230623-2899171402-1259877898-1001) from address LocalHost (Using LRPC) running in the application container Unavailable SID (Unavailable). This security permission can be modified using the Component Services administrative tool."
Warning,29-Aug-20 1:51:54 PM,Microsoft-Windows-DistributedCOM,10016,None,"The application-specific permission settings do not grant Local Activation permission for the COM Server application with CLSID 
{2593F8B9-4EAF-457C-B68A-50F6B8EA6B54}
 and APPID 
{15C20B67-12E7-4BB6-92BB-7AFF07997402}
 to the user DESKTOP-C1R04V7\sakov SID (S-1-5-21-1674230623-2899171402-1259877898-1001) from address LocalHost (Using LRPC) running in the application container Unavailable SID (Unavailable). This security permission can be modified using the Component Services administrative tool."
Warning,29-Aug-20 1:49:11 PM,Microsoft-Windows-DistributedCOM,10016,None,"The application-specific permission settings do not grant Local Activation permission for the COM Server application with CLSID 
{2593F8B9-4EAF-457C-B68A-50F6B8EA6B54}
 and APPID 
{15C20B67-12E7-4BB6-92BB-7AFF07997402}
 to the user DESKTOP-C1R04V7\sakov SID (S-1-5-21-1674230623-2899171402-1259877898-1001) from address LocalHost (Using LRPC) running in the application container Unavailable SID (Unavailable). This security permission can be modified using the Component Services administrative tool."
Warning,29-Aug-20 1:48:44 PM,Microsoft-Windows-DistributedCOM,10016,None,"The application-specific permission settings do not grant Local Activation permission for the COM Server application with CLSID 
{2593F8B9-4EAF-457C-B68A-50F6B8EA6B54}
 and APPID 
{15C20B67-12E7-4BB6-92BB-7AFF07997402}
 to the user DESKTOP-C1R04V7\sakov SID (S-1-5-21-1674230623-2899171402-1259877898-1001) from address LocalHost (Using LRPC) running in the application container Unavailable SID (Unavailable). This security permission can be modified using the Component Services administrative tool."
Warning,29-Aug-20 1:12:06 PM,Microsoft-Windows-DistributedCOM,10016,None,"The application-specific permission settings do not grant Local Activation permission for the COM Server application with CLSID 
{2593F8B9-4EAF-457C-B68A-50F6B8EA6B54}
 and APPID 
{15C20B67-12E7-4BB6-92BB-7AFF07997402}
 to the user DESKTOP-C1R04V7\sakov SID (S-1-5-21-1674230623-2899171402-1259877898-1001) from address LocalHost (Using LRPC) running in the application container Unavailable SID (Unavailable). This security permission can be modified using the Component Services administrative tool."
Warning,29-Aug-20 1:11:39 PM,Microsoft-Windows-DistributedCOM,10016,None,"The application-specific permission settings do not grant Local Activation permission for the COM Server application with CLSID 
{2593F8B9-4EAF-457C-B68A-50F6B8EA6B54}
 and APPID 
{15C20B67-12E7-4BB6-92BB-7AFF07997402}
 to the user DESKTOP-C1R04V7\sakov SID (S-1-5-21-1674230623-2899171402-1259877898-1001) from address LocalHost (Using LRPC) running in the application container Unavailable SID (Unavailable). This security permission can be modified using the Component Services administrative tool."
Warning,29-Aug-20 1:11:17 PM,Microsoft-Windows-DistributedCOM,10016,None,"The application-specific permission settings do not grant Local Activation permission for the COM Server application with CLSID 
{2593F8B9-4EAF-457C-B68A-50F6B8EA6B54}
 and APPID 
{15C20B67-12E7-4BB6-92BB-7AFF07997402}
 to the user DESKTOP-C1R04V7\sakov SID (S-1-5-21-1674230623-2899171402-1259877898-1001) from address LocalHost (Using LRPC) running in the application container Unavailable SID (Unavailable). This security permission can be modified using the Component Services administrative tool."
Warning,29-Aug-20 12:58:10 PM,Microsoft-Windows-DistributedCOM,10016,None,"The application-specific permission settings do not grant Local Activation permission for the COM Server application with CLSID 
{2593F8B9-4EAF-457C-B68A-50F6B8EA6B54}
 and APPID 
{15C20B67-12E7-4BB6-92BB-7AFF07997402}
 to the user DESKTOP-C1R04V7\sakov SID (S-1-5-21-1674230623-2899171402-1259877898-1001) from address LocalHost (Using LRPC) running in the application container Unavailable SID (Unavailable). This security permission can be modified using the Component Services administrative tool."
Warning,29-Aug-20 12:57:47 PM,Microsoft-Windows-DistributedCOM,10016,None,"The application-specific permission settings do not grant Local Activation permission for the COM Server application with CLSID 
{37399C92-DC3F-4B55-AE5B-811EE82398AD}
 and APPID 
{37399C92-DC3F-4B55-AE5B-811EE82398AD}
 to the user DESKTOP-C1R04V7\sakov SID (S-1-5-21-1674230623-2899171402-1259877898-1001) from address LocalHost (Using LRPC) running in the application container Microsoft.GamingApp_2008.1001.11.0_x64__8wekyb3d8bbwe SID (S-1-15-2-1723189366-2159580849-2248400763-1481059666-1951766778-2756563051-3565589001). This security permission can be modified using the Component Services administrative tool."
Warning,29-Aug-20 12:57:37 PM,Microsoft-Windows-DistributedCOM,10016,None,"The application-specific permission settings do not grant Local Activation permission for the COM Server application with CLSID 
{37399C92-DC3F-4B55-AE5B-811EE82398AD}
 and APPID 
{37399C92-DC3F-4B55-AE5B-811EE82398AD}
 to the user DESKTOP-C1R04V7\sakov SID (S-1-5-21-1674230623-2899171402-1259877898-1001) from address LocalHost (Using LRPC) running in the application container Microsoft.GamingApp_2008.1001.11.0_x64__8wekyb3d8bbwe SID (S-1-15-2-1723189366-2159580849-2248400763-1481059666-1951766778-2756563051-3565589001). This security permission can be modified using the Component Services administrative tool."
Warning,29-Aug-20 12:57:27 PM,Microsoft-Windows-DistributedCOM,10016,None,"The application-specific permission settings do not grant Local Activation permission for the COM Server application with CLSID 
{37399C92-DC3F-4B55-AE5B-811EE82398AD}
 and APPID 
{37399C92-DC3F-4B55-AE5B-811EE82398AD}
 to the user DESKTOP-C1R04V7\sakov SID (S-1-5-21-1674230623-2899171402-1259877898-1001) from address LocalHost (Using LRPC) running in the application container Microsoft.GamingApp_2008.1001.11.0_x64__8wekyb3d8bbwe SID (S-1-15-2-1723189366-2159580849-2248400763-1481059666-1951766778-2756563051-3565589001). This security permission can be modified using the Component Services administrative tool."
Warning,29-Aug-20 12:57:17 PM,Microsoft-Windows-DistributedCOM,10016,None,"The application-specific permission settings do not grant Local Activation permission for the COM Server application with CLSID 
{37399C92-DC3F-4B55-AE5B-811EE82398AD}
 and APPID 
{37399C92-DC3F-4B55-AE5B-811EE82398AD}
 to the user DESKTOP-C1R04V7\sakov SID (S-1-5-21-1674230623-2899171402-1259877898-1001) from address LocalHost (Using LRPC) running in the application container Microsoft.GamingApp_2008.1001.11.0_x64__8wekyb3d8bbwe SID (S-1-15-2-1723189366-2159580849-2248400763-1481059666-1951766778-2756563051-3565589001). This security permission can be modified using the Component Services administrative tool."
Warning,29-Aug-20 12:57:07 PM,Microsoft-Windows-DistributedCOM,10016,None,"The application-specific permission settings do not grant Local Activation permission for the COM Server application with CLSID 
{37399C92-DC3F-4B55-AE5B-811EE82398AD}
 and APPID 
{37399C92-DC3F-4B55-AE5B-811EE82398AD}
 to the user DESKTOP-C1R04V7\sakov SID (S-1-5-21-1674230623-2899171402-1259877898-1001) from address LocalHost (Using LRPC) running in the application container Microsoft.GamingApp_2008.1001.11.0_x64__8wekyb3d8bbwe SID (S-1-15-2-1723189366-2159580849-2248400763-1481059666-1951766778-2756563051-3565589001). This security permission can be modified using the Component Services administrative tool."
Warning,29-Aug-20 12:56:57 PM,Microsoft-Windows-DistributedCOM,10016,None,"The application-specific permission settings do not grant Local Activation permission for the COM Server application with CLSID 
{37399C92-DC3F-4B55-AE5B-811EE82398AD}
 and APPID 
{37399C92-DC3F-4B55-AE5B-811EE82398AD}
 to the user DESKTOP-C1R04V7\sakov SID (S-1-5-21-1674230623-2899171402-1259877898-1001) from address LocalHost (Using LRPC) running in the application container Microsoft.GamingApp_2008.1001.11.0_x64__8wekyb3d8bbwe SID (S-1-15-2-1723189366-2159580849-2248400763-1481059666-1951766778-2756563051-3565589001). This security permission can be modified using the Component Services administrative tool."
Warning,29-Aug-20 12:56:47 PM,Microsoft-Windows-DistributedCOM,10016,None,"The application-specific permission settings do not grant Local Activation permission for the COM Server application with CLSID 
{37399C92-DC3F-4B55-AE5B-811EE82398AD}
 and APPID 
{37399C92-DC3F-4B55-AE5B-811EE82398AD}
 to the user DESKTOP-C1R04V7\sakov SID (S-1-5-21-1674230623-2899171402-1259877898-1001) from address LocalHost (Using LRPC) running in the application container Microsoft.GamingApp_2008.1001.11.0_x64__8wekyb3d8bbwe SID (S-1-15-2-1723189366-2159580849-2248400763-1481059666-1951766778-2756563051-3565589001). This security permission can be modified using the Component Services administrative tool."
Warning,29-Aug-20 12:56:37 PM,Microsoft-Windows-DistributedCOM,10016,None,"The application-specific permission settings do not grant Local Activation permission for the COM Server application with CLSID 
{37399C92-DC3F-4B55-AE5B-811EE82398AD}
 and APPID 
{37399C92-DC3F-4B55-AE5B-811EE82398AD}
 to the user DESKTOP-C1R04V7\sakov SID (S-1-5-21-1674230623-2899171402-1259877898-1001) from address LocalHost (Using LRPC) running in the application container Microsoft.GamingApp_2008.1001.11.0_x64__8wekyb3d8bbwe SID (S-1-15-2-1723189366-2159580849-2248400763-1481059666-1951766778-2756563051-3565589001). This security permission can be modified using the Component Services administrative tool."
Warning,29-Aug-20 12:56:27 PM,Microsoft-Windows-DistributedCOM,10016,None,"The application-specific permission settings do not grant Local Activation permission for the COM Server application with CLSID 
{37399C92-DC3F-4B55-AE5B-811EE82398AD}
 and APPID 
{37399C92-DC3F-4B55-AE5B-811EE82398AD}
 to the user DESKTOP-C1R04V7\sakov SID (S-1-5-21-1674230623-2899171402-1259877898-1001) from address LocalHost (Using LRPC) running in the application container Microsoft.GamingApp_2008.1001.11.0_x64__8wekyb3d8bbwe SID (S-1-15-2-1723189366-2159580849-2248400763-1481059666-1951766778-2756563051-3565589001). This security permission can be modified using the Component Services administrative tool."
Warning,29-Aug-20 12:56:17 PM,Microsoft-Windows-DistributedCOM,10016,None,"The application-specific permission settings do not grant Local Activation permission for the COM Server application with CLSID 
{37399C92-DC3F-4B55-AE5B-811EE82398AD}
 and APPID 
{37399C92-DC3F-4B55-AE5B-811EE82398AD}
 to the user DESKTOP-C1R04V7\sakov SID (S-1-5-21-1674230623-2899171402-1259877898-1001) from address LocalHost (Using LRPC) running in the application container Microsoft.GamingApp_2008.1001.11.0_x64__8wekyb3d8bbwe SID (S-1-15-2-1723189366-2159580849-2248400763-1481059666-1951766778-2756563051-3565589001). This security permission can be modified using the Component Services administrative tool."
Warning,29-Aug-20 12:56:07 PM,Microsoft-Windows-DistributedCOM,10016,None,"The application-specific permission settings do not grant Local Activation permission for the COM Server application with CLSID 
{37399C92-DC3F-4B55-AE5B-811EE82398AD}
 and APPID 
{37399C92-DC3F-4B55-AE5B-811EE82398AD}
 to the user DESKTOP-C1R04V7\sakov SID (S-1-5-21-1674230623-2899171402-1259877898-1001) from address LocalHost (Using LRPC) running in the application container Microsoft.GamingApp_2008.1001.11.0_x64__8wekyb3d8bbwe SID (S-1-15-2-1723189366-2159580849-2248400763-1481059666-1951766778-2756563051-3565589001). This security permission can be modified using the Component Services administrative tool."
Warning,29-Aug-20 12:55:57 PM,Microsoft-Windows-DistributedCOM,10016,None,"The application-specific permission settings do not grant Local Activation permission for the COM Server application with CLSID 
{37399C92-DC3F-4B55-AE5B-811EE82398AD}
 and APPID 
{37399C92-DC3F-4B55-AE5B-811EE82398AD}
 to the user DESKTOP-C1R04V7\sakov SID (S-1-5-21-1674230623-2899171402-1259877898-1001) from address LocalHost (Using LRPC) running in the application container Microsoft.GamingApp_2008.1001.11.0_x64__8wekyb3d8bbwe SID (S-1-15-2-1723189366-2159580849-2248400763-1481059666-1951766778-2756563051-3565589001). This security permission can be modified using the Component Services administrative tool."
Warning,29-Aug-20 12:55:47 PM,Microsoft-Windows-DistributedCOM,10016,None,"The application-specific permission settings do not grant Local Activation permission for the COM Server application with CLSID 
{37399C92-DC3F-4B55-AE5B-811EE82398AD}
 and APPID 
{37399C92-DC3F-4B55-AE5B-811EE82398AD}
 to the user DESKTOP-C1R04V7\sakov SID (S-1-5-21-1674230623-2899171402-1259877898-1001) from address LocalHost (Using LRPC) running in the application container Microsoft.GamingApp_2008.1001.11.0_x64__8wekyb3d8bbwe SID (S-1-15-2-1723189366-2159580849-2248400763-1481059666-1951766778-2756563051-3565589001). This security permission can be modified using the Component Services administrative tool."
Warning,29-Aug-20 12:55:37 PM,Microsoft-Windows-DistributedCOM,10016,None,"The application-specific permission settings do not grant Local Activation permission for the COM Server application with CLSID 
{37399C92-DC3F-4B55-AE5B-811EE82398AD}
 and APPID 
{37399C92-DC3F-4B55-AE5B-811EE82398AD}
 to the user DESKTOP-C1R04V7\sakov SID (S-1-5-21-1674230623-2899171402-1259877898-1001) from address LocalHost (Using LRPC) running in the application container Microsoft.GamingApp_2008.1001.11.0_x64__8wekyb3d8bbwe SID (S-1-15-2-1723189366-2159580849-2248400763-1481059666-1951766778-2756563051-3565589001). This security permission can be modified using the Component Services administrative tool."
Warning,29-Aug-20 12:55:26 PM,Microsoft-Windows-DistributedCOM,10016,None,"The application-specific permission settings do not grant Local Activation permission for the COM Server application with CLSID 
{37399C92-DC3F-4B55-AE5B-811EE82398AD}
 and APPID 
{37399C92-DC3F-4B55-AE5B-811EE82398AD}
 to the user DESKTOP-C1R04V7\sakov SID (S-1-5-21-1674230623-2899171402-1259877898-1001) from address LocalHost (Using LRPC) running in the application container Microsoft.GamingApp_2008.1001.11.0_x64__8wekyb3d8bbwe SID (S-1-15-2-1723189366-2159580849-2248400763-1481059666-1951766778-2756563051-3565589001). This security permission can be modified using the Component Services administrative tool."
Warning,29-Aug-20 12:55:16 PM,Microsoft-Windows-DistributedCOM,10016,None,"The application-specific permission settings do not grant Local Activation permission for the COM Server application with CLSID 
{37399C92-DC3F-4B55-AE5B-811EE82398AD}
 and APPID 
{37399C92-DC3F-4B55-AE5B-811EE82398AD}
 to the user DESKTOP-C1R04V7\sakov SID (S-1-5-21-1674230623-2899171402-1259877898-1001) from address LocalHost (Using LRPC) running in the application container Microsoft.GamingApp_2008.1001.11.0_x64__8wekyb3d8bbwe SID (S-1-15-2-1723189366-2159580849-2248400763-1481059666-1951766778-2756563051-3565589001). This security permission can be modified using the Component Services administrative tool."
Warning,29-Aug-20 12:55:06 PM,Microsoft-Windows-DistributedCOM,10016,None,"The application-specific permission settings do not grant Local Activation permission for the COM Server application with CLSID 
{37399C92-DC3F-4B55-AE5B-811EE82398AD}
 and APPID 
{37399C92-DC3F-4B55-AE5B-811EE82398AD}
 to the user DESKTOP-C1R04V7\sakov SID (S-1-5-21-1674230623-2899171402-1259877898-1001) from address LocalHost (Using LRPC) running in the application container Microsoft.GamingApp_2008.1001.11.0_x64__8wekyb3d8bbwe SID (S-1-15-2-1723189366-2159580849-2248400763-1481059666-1951766778-2756563051-3565589001). This security permission can be modified using the Component Services administrative tool."
Warning,29-Aug-20 12:54:56 PM,Microsoft-Windows-DistributedCOM,10016,None,"The application-specific permission settings do not grant Local Activation permission for the COM Server application with CLSID 
{37399C92-DC3F-4B55-AE5B-811EE82398AD}
 and APPID 
{37399C92-DC3F-4B55-AE5B-811EE82398AD}
 to the user DESKTOP-C1R04V7\sakov SID (S-1-5-21-1674230623-2899171402-1259877898-1001) from address LocalHost (Using LRPC) running in the application container Microsoft.GamingApp_2008.1001.11.0_x64__8wekyb3d8bbwe SID (S-1-15-2-1723189366-2159580849-2248400763-1481059666-1951766778-2756563051-3565589001). This security permission can be modified using the Component Services administrative tool."
Warning,29-Aug-20 12:54:46 PM,Microsoft-Windows-DistributedCOM,10016,None,"The application-specific permission settings do not grant Local Activation permission for the COM Server application with CLSID 
{37399C92-DC3F-4B55-AE5B-811EE82398AD}
 and APPID 
{37399C92-DC3F-4B55-AE5B-811EE82398AD}
 to the user DESKTOP-C1R04V7\sakov SID (S-1-5-21-1674230623-2899171402-1259877898-1001) from address LocalHost (Using LRPC) running in the application container Microsoft.GamingApp_2008.1001.11.0_x64__8wekyb3d8bbwe SID (S-1-15-2-1723189366-2159580849-2248400763-1481059666-1951766778-2756563051-3565589001). This security permission can be modified using the Component Services administrative tool."
Warning,29-Aug-20 12:54:36 PM,Microsoft-Windows-DistributedCOM,10016,None,"The application-specific permission settings do not grant Local Activation permission for the COM Server application with CLSID 
{37399C92-DC3F-4B55-AE5B-811EE82398AD}
 and APPID 
{37399C92-DC3F-4B55-AE5B-811EE82398AD}
 to the user DESKTOP-C1R04V7\sakov SID (S-1-5-21-1674230623-2899171402-1259877898-1001) from address LocalHost (Using LRPC) running in the application container Microsoft.GamingApp_2008.1001.11.0_x64__8wekyb3d8bbwe SID (S-1-15-2-1723189366-2159580849-2248400763-1481059666-1951766778-2756563051-3565589001). This security permission can be modified using the Component Services administrative tool."
Warning,29-Aug-20 12:54:26 PM,Microsoft-Windows-DistributedCOM,10016,None,"The application-specific permission settings do not grant Local Activation permission for the COM Server application with CLSID 
{37399C92-DC3F-4B55-AE5B-811EE82398AD}
 and APPID 
{37399C92-DC3F-4B55-AE5B-811EE82398AD}
 to the user DESKTOP-C1R04V7\sakov SID (S-1-5-21-1674230623-2899171402-1259877898-1001) from address LocalHost (Using LRPC) running in the application container Microsoft.GamingApp_2008.1001.11.0_x64__8wekyb3d8bbwe SID (S-1-15-2-1723189366-2159580849-2248400763-1481059666-1951766778-2756563051-3565589001). This security permission can be modified using the Component Services administrative tool."
Warning,29-Aug-20 12:54:16 PM,Microsoft-Windows-DistributedCOM,10016,None,"The application-specific permission settings do not grant Local Activation permission for the COM Server application with CLSID 
{37399C92-DC3F-4B55-AE5B-811EE82398AD}
 and APPID 
{37399C92-DC3F-4B55-AE5B-811EE82398AD}
 to the user DESKTOP-C1R04V7\sakov SID (S-1-5-21-1674230623-2899171402-1259877898-1001) from address LocalHost (Using LRPC) running in the application container Microsoft.GamingApp_2008.1001.11.0_x64__8wekyb3d8bbwe SID (S-1-15-2-1723189366-2159580849-2248400763-1481059666-1951766778-2756563051-3565589001). This security permission can be modified using the Component Services administrative tool."
Warning,29-Aug-20 12:54:06 PM,Microsoft-Windows-DistributedCOM,10016,None,"The application-specific permission settings do not grant Local Activation permission for the COM Server application with CLSID 
{37399C92-DC3F-4B55-AE5B-811EE82398AD}
 and APPID 
{37399C92-DC3F-4B55-AE5B-811EE82398AD}
 to the user DESKTOP-C1R04V7\sakov SID (S-1-5-21-1674230623-2899171402-1259877898-1001) from address LocalHost (Using LRPC) running in the application container Microsoft.GamingApp_2008.1001.11.0_x64__8wekyb3d8bbwe SID (S-1-15-2-1723189366-2159580849-2248400763-1481059666-1951766778-2756563051-3565589001). This security permission can be modified using the Component Services administrative tool."
Warning,29-Aug-20 12:53:56 PM,Microsoft-Windows-DistributedCOM,10016,None,"The application-specific permission settings do not grant Local Activation permission for the COM Server application with CLSID 
{37399C92-DC3F-4B55-AE5B-811EE82398AD}
 and APPID 
{37399C92-DC3F-4B55-AE5B-811EE82398AD}
 to the user DESKTOP-C1R04V7\sakov SID (S-1-5-21-1674230623-2899171402-1259877898-1001) from address LocalHost (Using LRPC) running in the application container Microsoft.GamingApp_2008.1001.11.0_x64__8wekyb3d8bbwe SID (S-1-15-2-1723189366-2159580849-2248400763-1481059666-1951766778-2756563051-3565589001). This security permission can be modified using the Component Services administrative tool."
Warning,29-Aug-20 12:53:50 PM,Microsoft-Windows-DistributedCOM,10016,None,"The application-specific permission settings do not grant Local Activation permission for the COM Server application with CLSID 
{2593F8B9-4EAF-457C-B68A-50F6B8EA6B54}
 and APPID 
{15C20B67-12E7-4BB6-92BB-7AFF07997402}
 to the user DESKTOP-C1R04V7\sakov SID (S-1-5-21-1674230623-2899171402-1259877898-1001) from address LocalHost (Using LRPC) running in the application container Unavailable SID (Unavailable). This security permission can be modified using the Component Services administrative tool."
Warning,29-Aug-20 12:53:46 PM,Microsoft-Windows-DistributedCOM,10016,None,"The application-specific permission settings do not grant Local Activation permission for the COM Server application with CLSID 
{37399C92-DC3F-4B55-AE5B-811EE82398AD}
 and APPID 
{37399C92-DC3F-4B55-AE5B-811EE82398AD}
 to the user DESKTOP-C1R04V7\sakov SID (S-1-5-21-1674230623-2899171402-1259877898-1001) from address LocalHost (Using LRPC) running in the application container Microsoft.GamingApp_2008.1001.11.0_x64__8wekyb3d8bbwe SID (S-1-15-2-1723189366-2159580849-2248400763-1481059666-1951766778-2756563051-3565589001). This security permission can be modified using the Component Services administrative tool."
Warning,29-Aug-20 12:53:36 PM,Microsoft-Windows-DistributedCOM,10016,None,"The application-specific permission settings do not grant Local Activation permission for the COM Server application with CLSID 
{37399C92-DC3F-4B55-AE5B-811EE82398AD}
 and APPID 
{37399C92-DC3F-4B55-AE5B-811EE82398AD}
 to the user DESKTOP-C1R04V7\sakov SID (S-1-5-21-1674230623-2899171402-1259877898-1001) from address LocalHost (Using LRPC) running in the application container Microsoft.GamingApp_2008.1001.11.0_x64__8wekyb3d8bbwe SID (S-1-15-2-1723189366-2159580849-2248400763-1481059666-1951766778-2756563051-3565589001). This security permission can be modified using the Component Services administrative tool."
Warning,29-Aug-20 12:53:26 PM,Microsoft-Windows-DistributedCOM,10016,None,"The application-specific permission settings do not grant Local Activation permission for the COM Server application with CLSID 
{37399C92-DC3F-4B55-AE5B-811EE82398AD}
 and APPID 
{37399C92-DC3F-4B55-AE5B-811EE82398AD}
 to the user DESKTOP-C1R04V7\sakov SID (S-1-5-21-1674230623-2899171402-1259877898-1001) from address LocalHost (Using LRPC) running in the application container Microsoft.GamingApp_2008.1001.11.0_x64__8wekyb3d8bbwe SID (S-1-15-2-1723189366-2159580849-2248400763-1481059666-1951766778-2756563051-3565589001). This security permission can be modified using the Component Services administrative tool."
Warning,29-Aug-20 12:53:16 PM,Microsoft-Windows-DistributedCOM,10016,None,"The application-specific permission settings do not grant Local Activation permission for the COM Server application with CLSID 
{37399C92-DC3F-4B55-AE5B-811EE82398AD}
 and APPID 
{37399C92-DC3F-4B55-AE5B-811EE82398AD}
 to the user DESKTOP-C1R04V7\sakov SID (S-1-5-21-1674230623-2899171402-1259877898-1001) from address LocalHost (Using LRPC) running in the application container Microsoft.GamingApp_2008.1001.11.0_x64__8wekyb3d8bbwe SID (S-1-15-2-1723189366-2159580849-2248400763-1481059666-1951766778-2756563051-3565589001). This security permission can be modified using the Component Services administrative tool."
Warning,29-Aug-20 12:53:06 PM,Microsoft-Windows-DistributedCOM,10016,None,"The application-specific permission settings do not grant Local Activation permission for the COM Server application with CLSID 
{37399C92-DC3F-4B55-AE5B-811EE82398AD}
 and APPID 
{37399C92-DC3F-4B55-AE5B-811EE82398AD}
 to the user DESKTOP-C1R04V7\sakov SID (S-1-5-21-1674230623-2899171402-1259877898-1001) from address LocalHost (Using LRPC) running in the application container Microsoft.GamingApp_2008.1001.11.0_x64__8wekyb3d8bbwe SID (S-1-15-2-1723189366-2159580849-2248400763-1481059666-1951766778-2756563051-3565589001). This security permission can be modified using the Component Services administrative tool."
Warning,29-Aug-20 12:52:56 PM,Microsoft-Windows-DistributedCOM,10016,None,"The application-specific permission settings do not grant Local Activation permission for the COM Server application with CLSID 
{37399C92-DC3F-4B55-AE5B-811EE82398AD}
 and APPID 
{37399C92-DC3F-4B55-AE5B-811EE82398AD}
 to the user DESKTOP-C1R04V7\sakov SID (S-1-5-21-1674230623-2899171402-1259877898-1001) from address LocalHost (Using LRPC) running in the application container Microsoft.GamingApp_2008.1001.11.0_x64__8wekyb3d8bbwe SID (S-1-15-2-1723189366-2159580849-2248400763-1481059666-1951766778-2756563051-3565589001). This security permission can be modified using the Component Services administrative tool."
Warning,29-Aug-20 12:52:46 PM,Microsoft-Windows-DistributedCOM,10016,None,"The application-specific permission settings do not grant Local Activation permission for the COM Server application with CLSID 
{37399C92-DC3F-4B55-AE5B-811EE82398AD}
 and APPID 
{37399C92-DC3F-4B55-AE5B-811EE82398AD}
 to the user DESKTOP-C1R04V7\sakov SID (S-1-5-21-1674230623-2899171402-1259877898-1001) from address LocalHost (Using LRPC) running in the application container Microsoft.GamingApp_2008.1001.11.0_x64__8wekyb3d8bbwe SID (S-1-15-2-1723189366-2159580849-2248400763-1481059666-1951766778-2756563051-3565589001). This security permission can be modified using the Component Services administrative tool."
Warning,29-Aug-20 12:52:36 PM,Microsoft-Windows-DistributedCOM,10016,None,"The application-specific permission settings do not grant Local Activation permission for the COM Server application with CLSID 
{37399C92-DC3F-4B55-AE5B-811EE82398AD}
 and APPID 
{37399C92-DC3F-4B55-AE5B-811EE82398AD}
 to the user DESKTOP-C1R04V7\sakov SID (S-1-5-21-1674230623-2899171402-1259877898-1001) from address LocalHost (Using LRPC) running in the application container Microsoft.GamingApp_2008.1001.11.0_x64__8wekyb3d8bbwe SID (S-1-15-2-1723189366-2159580849-2248400763-1481059666-1951766778-2756563051-3565589001). This security permission can be modified using the Component Services administrative tool."
Warning,29-Aug-20 12:52:28 PM,Microsoft-Windows-DistributedCOM,10016,None,"The application-specific permission settings do not grant Local Activation permission for the COM Server application with CLSID 
{2593F8B9-4EAF-457C-B68A-50F6B8EA6B54}
 and APPID 
{15C20B67-12E7-4BB6-92BB-7AFF07997402}
 to the user DESKTOP-C1R04V7\sakov SID (S-1-5-21-1674230623-2899171402-1259877898-1001) from address LocalHost (Using LRPC) running in the application container Unavailable SID (Unavailable). This security permission can be modified using the Component Services administrative tool."
Warning,29-Aug-20 12:52:28 PM,Microsoft-Windows-DistributedCOM,10016,None,"The application-specific permission settings do not grant Local Activation permission for the COM Server application with CLSID 
{2593F8B9-4EAF-457C-B68A-50F6B8EA6B54}
 and APPID 
{15C20B67-12E7-4BB6-92BB-7AFF07997402}
 to the user DESKTOP-C1R04V7\sakov SID (S-1-5-21-1674230623-2899171402-1259877898-1001) from address LocalHost (Using LRPC) running in the application container Unavailable SID (Unavailable). This security permission can be modified using the Component Services administrative tool."
Warning,29-Aug-20 12:52:26 PM,Microsoft-Windows-DistributedCOM,10016,None,"The application-specific permission settings do not grant Local Activation permission for the COM Server application with CLSID 
{37399C92-DC3F-4B55-AE5B-811EE82398AD}
 and APPID 
{37399C92-DC3F-4B55-AE5B-811EE82398AD}
 to the user DESKTOP-C1R04V7\sakov SID (S-1-5-21-1674230623-2899171402-1259877898-1001) from address LocalHost (Using LRPC) running in the application container Microsoft.GamingApp_2008.1001.11.0_x64__8wekyb3d8bbwe SID (S-1-15-2-1723189366-2159580849-2248400763-1481059666-1951766778-2756563051-3565589001). This security permission can be modified using the Component Services administrative tool."
Warning,29-Aug-20 12:52:16 PM,Microsoft-Windows-DistributedCOM,10016,None,"The application-specific permission settings do not grant Local Activation permission for the COM Server application with CLSID 
{37399C92-DC3F-4B55-AE5B-811EE82398AD}
 and APPID 
{37399C92-DC3F-4B55-AE5B-811EE82398AD}
 to the user DESKTOP-C1R04V7\sakov SID (S-1-5-21-1674230623-2899171402-1259877898-1001) from address LocalHost (Using LRPC) running in the application container Microsoft.GamingApp_2008.1001.11.0_x64__8wekyb3d8bbwe SID (S-1-15-2-1723189366-2159580849-2248400763-1481059666-1951766778-2756563051-3565589001). This security permission can be modified using the Component Services administrative tool."
Warning,29-Aug-20 12:52:06 PM,Microsoft-Windows-DistributedCOM,10016,None,"The application-specific permission settings do not grant Local Activation permission for the COM Server application with CLSID 
{37399C92-DC3F-4B55-AE5B-811EE82398AD}
 and APPID 
{37399C92-DC3F-4B55-AE5B-811EE82398AD}
 to the user DESKTOP-C1R04V7\sakov SID (S-1-5-21-1674230623-2899171402-1259877898-1001) from address LocalHost (Using LRPC) running in the application container Microsoft.GamingApp_2008.1001.11.0_x64__8wekyb3d8bbwe SID (S-1-15-2-1723189366-2159580849-2248400763-1481059666-1951766778-2756563051-3565589001). This security permission can be modified using the Component Services administrative tool."
Warning,29-Aug-20 12:51:56 PM,Microsoft-Windows-DistributedCOM,10016,None,"The application-specific permission settings do not grant Local Activation permission for the COM Server application with CLSID 
{37399C92-DC3F-4B55-AE5B-811EE82398AD}
 and APPID 
{37399C92-DC3F-4B55-AE5B-811EE82398AD}
 to the user DESKTOP-C1R04V7\sakov SID (S-1-5-21-1674230623-2899171402-1259877898-1001) from address LocalHost (Using LRPC) running in the application container Microsoft.GamingApp_2008.1001.11.0_x64__8wekyb3d8bbwe SID (S-1-15-2-1723189366-2159580849-2248400763-1481059666-1951766778-2756563051-3565589001). This security permission can be modified using the Component Services administrative tool."
Warning,29-Aug-20 12:51:56 PM,Microsoft-Windows-DistributedCOM,10016,None,"The application-specific permission settings do not grant Local Activation permission for the COM Server application with CLSID 
{37399C92-DC3F-4B55-AE5B-811EE82398AD}
 and APPID 
{37399C92-DC3F-4B55-AE5B-811EE82398AD}
 to the user DESKTOP-C1R04V7\sakov SID (S-1-5-21-1674230623-2899171402-1259877898-1001) from address LocalHost (Using LRPC) running in the application container Microsoft.GamingApp_2008.1001.11.0_x64__8wekyb3d8bbwe SID (S-1-15-2-1723189366-2159580849-2248400763-1481059666-1951766778-2756563051-3565589001). This security permission can be modified using the Component Services administrative tool."
Warning,29-Aug-20 12:51:56 PM,Microsoft-Windows-DistributedCOM,10016,None,"The application-specific permission settings do not grant Local Activation permission for the COM Server application with CLSID 
{37399C92-DC3F-4B55-AE5B-811EE82398AD}
 and APPID 
{37399C92-DC3F-4B55-AE5B-811EE82398AD}
 to the user DESKTOP-C1R04V7\sakov SID (S-1-5-21-1674230623-2899171402-1259877898-1001) from address LocalHost (Using LRPC) running in the application container Microsoft.GamingApp_2008.1001.11.0_x64__8wekyb3d8bbwe SID (S-1-15-2-1723189366-2159580849-2248400763-1481059666-1951766778-2756563051-3565589001). This security permission can be modified using the Component Services administrative tool."
Warning,29-Aug-20 12:51:55 PM,Microsoft-Windows-DistributedCOM,10016,None,"The application-specific permission settings do not grant Local Activation permission for the COM Server application with CLSID 
{37399C92-DC3F-4B55-AE5B-811EE82398AD}
 and APPID 
{37399C92-DC3F-4B55-AE5B-811EE82398AD}
 to the user DESKTOP-C1R04V7\sakov SID (S-1-5-21-1674230623-2899171402-1259877898-1001) from address LocalHost (Using LRPC) running in the application container Microsoft.GamingApp_2008.1001.11.0_x64__8wekyb3d8bbwe SID (S-1-15-2-1723189366-2159580849-2248400763-1481059666-1951766778-2756563051-3565589001). This security permission can be modified using the Component Services administrative tool."
Information,29-Aug-20 12:49:32 PM,Service Control Manager,7040,None,The start type of the Background Intelligent Transfer Service service was changed from pieprasīt startēšanu to startēt automātiski.
Warning,29-Aug-20 12:49:13 PM,Microsoft-Windows-DistributedCOM,10016,None,"The application-specific permission settings do not grant Local Activation permission for the COM Server application with CLSID 
{2593F8B9-4EAF-457C-B68A-50F6B8EA6B54}
 and APPID 
{15C20B67-12E7-4BB6-92BB-7AFF07997402}
 to the user DESKTOP-C1R04V7\sakov SID (S-1-5-21-1674230623-2899171402-1259877898-1001) from address LocalHost (Using LRPC) running in the application container Unavailable SID (Unavailable). This security permission can be modified using the Component Services administrative tool."
Warning,29-Aug-20 12:49:00 PM,Microsoft-Windows-DistributedCOM,10016,None,"The application-specific permission settings do not grant Local Activation permission for the COM Server application with CLSID 
{2593F8B9-4EAF-457C-B68A-50F6B8EA6B54}
 and APPID 
{15C20B67-12E7-4BB6-92BB-7AFF07997402}
 to the user DESKTOP-C1R04V7\sakov SID (S-1-5-21-1674230623-2899171402-1259877898-1001) from address LocalHost (Using LRPC) running in the application container Unavailable SID (Unavailable). This security permission can be modified using the Component Services administrative tool."
Warning,29-Aug-20 12:47:25 PM,Microsoft-Windows-DistributedCOM,10016,None,"The application-specific permission settings do not grant Local Activation permission for the COM Server application with CLSID 
{2593F8B9-4EAF-457C-B68A-50F6B8EA6B54}
 and APPID 
{15C20B67-12E7-4BB6-92BB-7AFF07997402}
 to the user DESKTOP-C1R04V7\sakov SID (S-1-5-21-1674230623-2899171402-1259877898-1001) from address LocalHost (Using LRPC) running in the application container Unavailable SID (Unavailable). This security permission can be modified using the Component Services administrative tool."
Warning,29-Aug-20 12:43:30 PM,Microsoft-Windows-DistributedCOM,10016,None,"The application-specific permission settings do not grant Local Activation permission for the COM Server application with CLSID 
{2593F8B9-4EAF-457C-B68A-50F6B8EA6B54}
 and APPID 
{15C20B67-12E7-4BB6-92BB-7AFF07997402}
 to the user DESKTOP-C1R04V7\sakov SID (S-1-5-21-1674230623-2899171402-1259877898-1001) from address LocalHost (Using LRPC) running in the application container Unavailable SID (Unavailable). This security permission can be modified using the Component Services administrative tool."
Warning,29-Aug-20 12:40:13 PM,Microsoft-Windows-DistributedCOM,10016,None,"The application-specific permission settings do not grant Local Activation permission for the COM Server application with CLSID 
{2593F8B9-4EAF-457C-B68A-50F6B8EA6B54}
 and APPID 
{15C20B67-12E7-4BB6-92BB-7AFF07997402}
 to the user DESKTOP-C1R04V7\sakov SID (S-1-5-21-1674230623-2899171402-1259877898-1001) from address LocalHost (Using LRPC) running in the application container Unavailable SID (Unavailable). This security permission can be modified using the Component Services administrative tool."
Warning,29-Aug-20 12:06:39 PM,Microsoft-Windows-DistributedCOM,10016,None,"The application-specific permission settings do not grant Local Activation permission for the COM Server application with CLSID 
{2593F8B9-4EAF-457C-B68A-50F6B8EA6B54}
 and APPID 
{15C20B67-12E7-4BB6-92BB-7AFF07997402}
 to the user DESKTOP-C1R04V7\sakov SID (S-1-5-21-1674230623-2899171402-1259877898-1001) from address LocalHost (Using LRPC) running in the application container Unavailable SID (Unavailable). This security permission can be modified using the Component Services administrative tool."
Information,29-Aug-20 12:00:00 PM,EventLog,6013,None,The system uptime is 171558 seconds.
Warning,29-Aug-20 11:54:32 AM,Microsoft-Windows-DistributedCOM,10016,None,"The application-specific permission settings do not grant Local Activation permission for the COM Server application with CLSID 
{2593F8B9-4EAF-457C-B68A-50F6B8EA6B54}
 and APPID 
{15C20B67-12E7-4BB6-92BB-7AFF07997402}
 to the user DESKTOP-C1R04V7\sakov SID (S-1-5-21-1674230623-2899171402-1259877898-1001) from address LocalHost (Using LRPC) running in the application container Unavailable SID (Unavailable). This security permission can be modified using the Component Services administrative tool."
Warning,29-Aug-20 11:52:20 AM,Microsoft-Windows-DistributedCOM,10016,None,"The application-specific permission settings do not grant Local Activation permission for the COM Server application with CLSID 
{2593F8B9-4EAF-457C-B68A-50F6B8EA6B54}
 and APPID 
{15C20B67-12E7-4BB6-92BB-7AFF07997402}
 to the user DESKTOP-C1R04V7\sakov SID (S-1-5-21-1674230623-2899171402-1259877898-1001) from address LocalHost (Using LRPC) running in the application container Unavailable SID (Unavailable). This security permission can be modified using the Component Services administrative tool."
Warning,29-Aug-20 11:48:29 AM,Microsoft-Windows-DNS-Client,1014,(1014),Name resolution for the name images.evgaqas.com timed out after none of the configured DNS servers responded.
Warning,29-Aug-20 11:45:01 AM,Microsoft-Windows-DistributedCOM,10016,None,"The application-specific permission settings do not grant Local Activation permission for the COM Server application with CLSID 
{2593F8B9-4EAF-457C-B68A-50F6B8EA6B54}
 and APPID 
{15C20B67-12E7-4BB6-92BB-7AFF07997402}
 to the user DESKTOP-C1R04V7\sakov SID (S-1-5-21-1674230623-2899171402-1259877898-1001) from address LocalHost (Using LRPC) running in the application container Unavailable SID (Unavailable). This security permission can be modified using the Component Services administrative tool."
Warning,29-Aug-20 11:37:39 AM,Microsoft-Windows-DistributedCOM,10016,None,"The application-specific permission settings do not grant Local Activation permission for the COM Server application with CLSID 
{2593F8B9-4EAF-457C-B68A-50F6B8EA6B54}
 and APPID 
{15C20B67-12E7-4BB6-92BB-7AFF07997402}
 to the user DESKTOP-C1R04V7\sakov SID (S-1-5-21-1674230623-2899171402-1259877898-1001) from address LocalHost (Using LRPC) running in the application container Unavailable SID (Unavailable). This security permission can be modified using the Component Services administrative tool."
Warning,29-Aug-20 11:33:48 AM,Microsoft-Windows-DistributedCOM,10016,None,"The application-specific permission settings do not grant Local Activation permission for the COM Server application with CLSID 
{2593F8B9-4EAF-457C-B68A-50F6B8EA6B54}
 and APPID 
{15C20B67-12E7-4BB6-92BB-7AFF07997402}
 to the user DESKTOP-C1R04V7\sakov SID (S-1-5-21-1674230623-2899171402-1259877898-1001) from address LocalHost (Using LRPC) running in the application container Unavailable SID (Unavailable). This security permission can be modified using the Component Services administrative tool."
Information,29-Aug-20 11:26:09 AM,Service Control Manager,7040,None,The start type of the Background Intelligent Transfer Service service was changed from startēt automātiski to pieprasīt startēšanu.
Warning,29-Aug-20 11:25:46 AM,Microsoft-Windows-DistributedCOM,10016,None,"The application-specific permission settings do not grant Local Activation permission for the COM Server application with CLSID 
{2593F8B9-4EAF-457C-B68A-50F6B8EA6B54}
 and APPID 
{15C20B67-12E7-4BB6-92BB-7AFF07997402}
 to the user DESKTOP-C1R04V7\sakov SID (S-1-5-21-1674230623-2899171402-1259877898-1001) from address LocalHost (Using LRPC) running in the application container Unavailable SID (Unavailable). This security permission can be modified using the Component Services administrative tool."
Warning,29-Aug-20 11:24:29 AM,Microsoft-Windows-DistributedCOM,10016,None,"The application-specific permission settings do not grant Local Activation permission for the COM Server application with CLSID 
{2593F8B9-4EAF-457C-B68A-50F6B8EA6B54}
 and APPID 
{15C20B67-12E7-4BB6-92BB-7AFF07997402}
 to the user DESKTOP-C1R04V7\sakov SID (S-1-5-21-1674230623-2899171402-1259877898-1001) from address LocalHost (Using LRPC) running in the application container Unavailable SID (Unavailable). This security permission can be modified using the Component Services administrative tool."
Warning,29-Aug-20 11:22:28 AM,Microsoft-Windows-DistributedCOM,10016,None,"The application-specific permission settings do not grant Local Activation permission for the COM Server application with CLSID 
{2593F8B9-4EAF-457C-B68A-50F6B8EA6B54}
 and APPID 
{15C20B67-12E7-4BB6-92BB-7AFF07997402}
 to the user DESKTOP-C1R04V7\sakov SID (S-1-5-21-1674230623-2899171402-1259877898-1001) from address LocalHost (Using LRPC) running in the application container Unavailable SID (Unavailable). This security permission can be modified using the Component Services administrative tool."
Warning,29-Aug-20 11:22:28 AM,Microsoft-Windows-DistributedCOM,10016,None,"The application-specific permission settings do not grant Local Activation permission for the COM Server application with CLSID 
{2593F8B9-4EAF-457C-B68A-50F6B8EA6B54}
 and APPID 
{15C20B67-12E7-4BB6-92BB-7AFF07997402}
 to the user DESKTOP-C1R04V7\sakov SID (S-1-5-21-1674230623-2899171402-1259877898-1001) from address LocalHost (Using LRPC) running in the application container Unavailable SID (Unavailable). This security permission can be modified using the Component Services administrative tool."
Information,29-Aug-20 11:19:36 AM,Microsoft-Windows-WindowsUpdateClient,19,Windows Update Agent,Installation Successful: Windows successfully installed the following update: Drošības informācijas atjauninājums produktam Microsoft Defender Antivirus - KB2267602 (versija 1.323.90.0)
Information,29-Aug-20 11:19:31 AM,Microsoft-Windows-WindowsUpdateClient,43,Windows Update Agent,Installation Started: Windows has started installing the following update: Drošības informācijas atjauninājums produktam Microsoft Defender Antivirus - KB2267602 (versija 1.323.90.0)
Information,29-Aug-20 11:19:31 AM,Microsoft-Windows-WindowsUpdateClient,44,Windows Update Agent,Windows Update started downloading an update.
Warning,29-Aug-20 11:18:05 AM,Microsoft-Windows-DistributedCOM,10016,None,"The application-specific permission settings do not grant Local Activation permission for the COM Server application with CLSID 
{2593F8B9-4EAF-457C-B68A-50F6B8EA6B54}
 and APPID 
{15C20B67-12E7-4BB6-92BB-7AFF07997402}
 to the user DESKTOP-C1R04V7\sakov SID (S-1-5-21-1674230623-2899171402-1259877898-1001) from address LocalHost (Using LRPC) running in the application container Unavailable SID (Unavailable). This security permission can be modified using the Component Services administrative tool."
Warning,29-Aug-20 11:16:33 AM,Microsoft-Windows-DistributedCOM,10016,None,"The application-specific permission settings do not grant Local Activation permission for the COM Server application with CLSID 
{2593F8B9-4EAF-457C-B68A-50F6B8EA6B54}
 and APPID 
{15C20B67-12E7-4BB6-92BB-7AFF07997402}
 to the user DESKTOP-C1R04V7\sakov SID (S-1-5-21-1674230623-2899171402-1259877898-1001) from address LocalHost (Using LRPC) running in the application container SpotifyAB.SpotifyMusic_1.140.508.0_x86__zpdnekdrzrea0 SID (Unavailable). This security permission can be modified using the Component Services administrative tool."
Warning,29-Aug-20 11:16:30 AM,Microsoft-Windows-DistributedCOM,10016,None,"The application-specific permission settings do not grant Local Activation permission for the COM Server application with CLSID 
{2593F8B9-4EAF-457C-B68A-50F6B8EA6B54}
 and APPID 
{15C20B67-12E7-4BB6-92BB-7AFF07997402}
 to the user DESKTOP-C1R04V7\sakov SID (S-1-5-21-1674230623-2899171402-1259877898-1001) from address LocalHost (Using LRPC) running in the application container Unavailable SID (Unavailable). This security permission can be modified using the Component Services administrative tool."
Warning,29-Aug-20 11:16:29 AM,Microsoft-Windows-DistributedCOM,10016,None,"The application-specific permission settings do not grant Local Activation permission for the COM Server application with CLSID 
{2593F8B9-4EAF-457C-B68A-50F6B8EA6B54}
 and APPID 
{15C20B67-12E7-4BB6-92BB-7AFF07997402}
 to the user DESKTOP-C1R04V7\sakov SID (S-1-5-21-1674230623-2899171402-1259877898-1001) from address LocalHost (Using LRPC) running in the application container Unavailable SID (Unavailable). This security permission can be modified using the Component Services administrative tool."
Warning,29-Aug-20 11:16:10 AM,Netwtw08,6062,None,6062 - Lso was triggered
Information,29-Aug-20 11:16:10 AM,Microsoft-Windows-Power-Troubleshooter,1,None,"The system has returned from a low power state.

Sleep Time: ‎2020‎-‎08‎-‎29T06:17:18.499274500Z
Wake Time: ‎2020‎-‎08‎-‎29T18:16:08.834212300Z

Wake Source: Unknown"
Warning,29-Aug-20 11:16:09 AM,Microsoft-Windows-DistributedCOM,10016,None,"The application-specific permission settings do not grant Local Activation permission for the COM Server application with CLSID 
{6B3B8D23-FA8D-40B9-8DBD-B950333E2C52}
 and APPID 
{4839DDB7-58C2-48F5-8283-E1D1807D0D7D}
 to the user NT AUTHORITY\LOCAL SERVICE SID (S-1-5-19) from address LocalHost (Using LRPC) running in the application container Unavailable SID (Unavailable). This security permission can be modified using the Component Services administrative tool."
Warning,29-Aug-20 11:16:09 AM,Microsoft-Windows-DistributedCOM,10016,None,"The application-specific permission settings do not grant Local Activation permission for the COM Server application with CLSID 
{6B3B8D23-FA8D-40B9-8DBD-B950333E2C52}
 and APPID 
{4839DDB7-58C2-48F5-8283-E1D1807D0D7D}
 to the user NT AUTHORITY\LOCAL SERVICE SID (S-1-5-19) from address LocalHost (Using LRPC) running in the application container Unavailable SID (Unavailable). This security permission can be modified using the Component Services administrative tool."
Information,29-Aug-20 11:16:09 AM,Microsoft-Windows-Winlogon,7001,(1101),User Logon Notification for Customer Experience Improvement Program
Information,29-Aug-20 11:16:09 AM,BTHUSB,18,None,Windows cannot store Bluetooth authentication codes (link keys) on the local adapter. Bluetooth keyboards might not work in the system BIOS during startup.
Information,29-Aug-20 11:16:09 AM,Netwtw08,7021,None,7021 - Connection telemetry fields and analysis usage
Information,29-Aug-20 11:16:08 AM,Microsoft-Windows-Kernel-Boot,27,(33),The boot type was 0x1.
Information,29-Aug-20 11:16:08 AM,Microsoft-Windows-Kernel-Boot,25,(32),The boot menu policy was 0x1.
Information,29-Aug-20 11:16:08 AM,Microsoft-Windows-Kernel-Boot,32,(58),The bootmgr spent 0 ms waiting for user input.
Information,29-Aug-20 11:16:08 AM,Microsoft-Windows-Kernel-Boot,18,(57),There are 0x1 boot options on this system.
Information,29-Aug-20 11:16:08 AM,Microsoft-Windows-Kernel-Boot,30,(21),The firmware reported boot metrics.
Information,29-Aug-20 11:16:08 AM,Netwtw08,7026,None,7026 - Dump after return from D3 after cmd
Information,29-Aug-20 11:16:08 AM,Netwtw08,7025,None,7025 - Dump after return from D3 before cmd 
Information,29-Aug-20 11:16:07 AM,Microsoft-Windows-Kernel-General,1,(5),"The system time has changed to ‎2020‎-‎08‎-‎29T18:16:07.500000000Z from ‎2020‎-‎08‎-‎29T06:17:21.163292000Z.

Change Reason: System time synchronized with the hardware clock.
Process: '' (PID 4)."
Information,28-Aug-20 11:17:21 PM,Microsoft-Windows-Kernel-Power,107,(102),The system has resumed from sleep.
