Warning,26-Aug-20 5:37:35 PM,Microsoft-Windows-DistributedCOM,10016,None,"The application-specific permission settings do not grant Local Activation permission for the COM Server application with CLSID 
{37399C92-DC3F-4B55-AE5B-811EE82398AD}
 and APPID 
{37399C92-DC3F-4B55-AE5B-811EE82398AD}
 to the user DESKTOP-C1R04V7\sakov SID (S-1-5-21-1674230623-2899171402-1259877898-1001) from address LocalHost (Using LRPC) running in the application container Microsoft.GamingApp_2008.1001.11.0_x64__8wekyb3d8bbwe SID (S-1-15-2-1723189366-2159580849-2248400763-1481059666-1951766778-2756563051-3565589001). This security permission can be modified using the Component Services administrative tool."
Warning,26-Aug-20 5:37:25 PM,Microsoft-Windows-DistributedCOM,10016,None,"The application-specific permission settings do not grant Local Activation permission for the COM Server application with CLSID 
{37399C92-DC3F-4B55-AE5B-811EE82398AD}
 and APPID 
{37399C92-DC3F-4B55-AE5B-811EE82398AD}
 to the user DESKTOP-C1R04V7\sakov SID (S-1-5-21-1674230623-2899171402-1259877898-1001) from address LocalHost (Using LRPC) running in the application container Microsoft.GamingApp_2008.1001.11.0_x64__8wekyb3d8bbwe SID (S-1-15-2-1723189366-2159580849-2248400763-1481059666-1951766778-2756563051-3565589001). This security permission can be modified using the Component Services administrative tool."
Warning,26-Aug-20 5:37:15 PM,Microsoft-Windows-DistributedCOM,10016,None,"The application-specific permission settings do not grant Local Activation permission for the COM Server application with CLSID 
{37399C92-DC3F-4B55-AE5B-811EE82398AD}
 and APPID 
{37399C92-DC3F-4B55-AE5B-811EE82398AD}
 to the user DESKTOP-C1R04V7\sakov SID (S-1-5-21-1674230623-2899171402-1259877898-1001) from address LocalHost (Using LRPC) running in the application container Microsoft.GamingApp_2008.1001.11.0_x64__8wekyb3d8bbwe SID (S-1-15-2-1723189366-2159580849-2248400763-1481059666-1951766778-2756563051-3565589001). This security permission can be modified using the Component Services administrative tool."
Warning,26-Aug-20 5:37:05 PM,Microsoft-Windows-DistributedCOM,10016,None,"The application-specific permission settings do not grant Local Activation permission for the COM Server application with CLSID 
{37399C92-DC3F-4B55-AE5B-811EE82398AD}
 and APPID 
{37399C92-DC3F-4B55-AE5B-811EE82398AD}
 to the user DESKTOP-C1R04V7\sakov SID (S-1-5-21-1674230623-2899171402-1259877898-1001) from address LocalHost (Using LRPC) running in the application container Microsoft.GamingApp_2008.1001.11.0_x64__8wekyb3d8bbwe SID (S-1-15-2-1723189366-2159580849-2248400763-1481059666-1951766778-2756563051-3565589001). This security permission can be modified using the Component Services administrative tool."
Warning,26-Aug-20 5:36:55 PM,Microsoft-Windows-DistributedCOM,10016,None,"The application-specific permission settings do not grant Local Activation permission for the COM Server application with CLSID 
{37399C92-DC3F-4B55-AE5B-811EE82398AD}
 and APPID 
{37399C92-DC3F-4B55-AE5B-811EE82398AD}
 to the user DESKTOP-C1R04V7\sakov SID (S-1-5-21-1674230623-2899171402-1259877898-1001) from address LocalHost (Using LRPC) running in the application container Microsoft.GamingApp_2008.1001.11.0_x64__8wekyb3d8bbwe SID (S-1-15-2-1723189366-2159580849-2248400763-1481059666-1951766778-2756563051-3565589001). This security permission can be modified using the Component Services administrative tool."
Warning,26-Aug-20 5:36:45 PM,Microsoft-Windows-DistributedCOM,10016,None,"The application-specific permission settings do not grant Local Activation permission for the COM Server application with CLSID 
{37399C92-DC3F-4B55-AE5B-811EE82398AD}
 and APPID 
{37399C92-DC3F-4B55-AE5B-811EE82398AD}
 to the user DESKTOP-C1R04V7\sakov SID (S-1-5-21-1674230623-2899171402-1259877898-1001) from address LocalHost (Using LRPC) running in the application container Microsoft.GamingApp_2008.1001.11.0_x64__8wekyb3d8bbwe SID (S-1-15-2-1723189366-2159580849-2248400763-1481059666-1951766778-2756563051-3565589001). This security permission can be modified using the Component Services administrative tool."
Warning,26-Aug-20 5:36:35 PM,Microsoft-Windows-DistributedCOM,10016,None,"The application-specific permission settings do not grant Local Activation permission for the COM Server application with CLSID 
{37399C92-DC3F-4B55-AE5B-811EE82398AD}
 and APPID 
{37399C92-DC3F-4B55-AE5B-811EE82398AD}
 to the user DESKTOP-C1R04V7\sakov SID (S-1-5-21-1674230623-2899171402-1259877898-1001) from address LocalHost (Using LRPC) running in the application container Microsoft.GamingApp_2008.1001.11.0_x64__8wekyb3d8bbwe SID (S-1-15-2-1723189366-2159580849-2248400763-1481059666-1951766778-2756563051-3565589001). This security permission can be modified using the Component Services administrative tool."
Warning,26-Aug-20 5:36:25 PM,Microsoft-Windows-DistributedCOM,10016,None,"The application-specific permission settings do not grant Local Activation permission for the COM Server application with CLSID 
{37399C92-DC3F-4B55-AE5B-811EE82398AD}
 and APPID 
{37399C92-DC3F-4B55-AE5B-811EE82398AD}
 to the user DESKTOP-C1R04V7\sakov SID (S-1-5-21-1674230623-2899171402-1259877898-1001) from address LocalHost (Using LRPC) running in the application container Microsoft.GamingApp_2008.1001.11.0_x64__8wekyb3d8bbwe SID (S-1-15-2-1723189366-2159580849-2248400763-1481059666-1951766778-2756563051-3565589001). This security permission can be modified using the Component Services administrative tool."
Warning,26-Aug-20 5:36:15 PM,Microsoft-Windows-DistributedCOM,10016,None,"The application-specific permission settings do not grant Local Activation permission for the COM Server application with CLSID 
{37399C92-DC3F-4B55-AE5B-811EE82398AD}
 and APPID 
{37399C92-DC3F-4B55-AE5B-811EE82398AD}
 to the user DESKTOP-C1R04V7\sakov SID (S-1-5-21-1674230623-2899171402-1259877898-1001) from address LocalHost (Using LRPC) running in the application container Microsoft.GamingApp_2008.1001.11.0_x64__8wekyb3d8bbwe SID (S-1-15-2-1723189366-2159580849-2248400763-1481059666-1951766778-2756563051-3565589001). This security permission can be modified using the Component Services administrative tool."
Warning,26-Aug-20 5:36:05 PM,Microsoft-Windows-DistributedCOM,10016,None,"The application-specific permission settings do not grant Local Activation permission for the COM Server application with CLSID 
{37399C92-DC3F-4B55-AE5B-811EE82398AD}
 and APPID 
{37399C92-DC3F-4B55-AE5B-811EE82398AD}
 to the user DESKTOP-C1R04V7\sakov SID (S-1-5-21-1674230623-2899171402-1259877898-1001) from address LocalHost (Using LRPC) running in the application container Microsoft.GamingApp_2008.1001.11.0_x64__8wekyb3d8bbwe SID (S-1-15-2-1723189366-2159580849-2248400763-1481059666-1951766778-2756563051-3565589001). This security permission can be modified using the Component Services administrative tool."
Warning,26-Aug-20 5:36:05 PM,Microsoft-Windows-DistributedCOM,10016,None,"The application-specific permission settings do not grant Local Activation permission for the COM Server application with CLSID 
{37399C92-DC3F-4B55-AE5B-811EE82398AD}
 and APPID 
{37399C92-DC3F-4B55-AE5B-811EE82398AD}
 to the user DESKTOP-C1R04V7\sakov SID (S-1-5-21-1674230623-2899171402-1259877898-1001) from address LocalHost (Using LRPC) running in the application container Microsoft.GamingApp_2008.1001.11.0_x64__8wekyb3d8bbwe SID (S-1-15-2-1723189366-2159580849-2248400763-1481059666-1951766778-2756563051-3565589001). This security permission can be modified using the Component Services administrative tool."
Warning,26-Aug-20 5:36:05 PM,Microsoft-Windows-DistributedCOM,10016,None,"The application-specific permission settings do not grant Local Activation permission for the COM Server application with CLSID 
{37399C92-DC3F-4B55-AE5B-811EE82398AD}
 and APPID 
{37399C92-DC3F-4B55-AE5B-811EE82398AD}
 to the user DESKTOP-C1R04V7\sakov SID (S-1-5-21-1674230623-2899171402-1259877898-1001) from address LocalHost (Using LRPC) running in the application container Microsoft.GamingApp_2008.1001.11.0_x64__8wekyb3d8bbwe SID (S-1-15-2-1723189366-2159580849-2248400763-1481059666-1951766778-2756563051-3565589001). This security permission can be modified using the Component Services administrative tool."
Warning,26-Aug-20 5:36:05 PM,Microsoft-Windows-DistributedCOM,10016,None,"The application-specific permission settings do not grant Local Activation permission for the COM Server application with CLSID 
{37399C92-DC3F-4B55-AE5B-811EE82398AD}
 and APPID 
{37399C92-DC3F-4B55-AE5B-811EE82398AD}
 to the user DESKTOP-C1R04V7\sakov SID (S-1-5-21-1674230623-2899171402-1259877898-1001) from address LocalHost (Using LRPC) running in the application container Microsoft.GamingApp_2008.1001.11.0_x64__8wekyb3d8bbwe SID (S-1-15-2-1723189366-2159580849-2248400763-1481059666-1951766778-2756563051-3565589001). This security permission can be modified using the Component Services administrative tool."
Warning,26-Aug-20 4:39:52 PM,Microsoft-Windows-DistributedCOM,10016,None,"The application-specific permission settings do not grant Local Activation permission for the COM Server application with CLSID 
{2593F8B9-4EAF-457C-B68A-50F6B8EA6B54}
 and APPID 
{15C20B67-12E7-4BB6-92BB-7AFF07997402}
 to the user DESKTOP-C1R04V7\sakov SID (S-1-5-21-1674230623-2899171402-1259877898-1001) from address LocalHost (Using LRPC) running in the application container Unavailable SID (Unavailable). This security permission can be modified using the Component Services administrative tool."
Information,26-Aug-20 4:30:15 PM,Service Control Manager,7045,None,"A service was installed in the system.

Service Name:  cpuz149
Service File Name:  C:\WINDOWS\temp\cpuz149\cpuz149_x64.sys
Service Type:  kodola režīma draiveris
Service Start Type:  pieprasīt startēšanu
Service Account:  "
Information,26-Aug-20 4:30:10 PM,Service Control Manager,7045,None,"A service was installed in the system.

Service Name:  Corsair Service
Service File Name:  ""C:\Program Files (x86)\Corsair\CORSAIR iCUE Software\Corsair.Service.exe""
Service Type:  lietotāja režīma pakalpojums
Service Start Type:  startēt automātiski
Service Account:  LocalSystem"
Information,26-Aug-20 4:30:10 PM,Service Control Manager,7045,None,"A service was installed in the system.

Service Name:  Corsair LLA Service
Service File Name:  ""C:\Program Files (x86)\Corsair\CORSAIR iCUE Software\CueLLAccessService.exe""
Service Type:  lietotāja režīma pakalpojums
Service Start Type:  startēt automātiski
Service Account:  LocalSystem"
Information,26-Aug-20 4:30:08 PM,Service Control Manager,7045,None,"A service was installed in the system.

Service Name:  Corsair Gaming Audio Service
Service File Name:  C:\Windows\System32\drivers\CorsairGamingAudio64.sys
Service Type:  kodola režīma draiveris
Service Start Type:  pieprasīt startēšanu
Service Account:  "
Information,26-Aug-20 4:30:07 PM,Service Control Manager,7045,None,"A service was installed in the system.

Service Name:  Corsair Gaming Audio Configuration Service
Service File Name:  C:\Windows\System32\CorsairGamingAudioCfgService64.exe
Service Type:  lietotāja režīma pakalpojums
Service Start Type:  startēt automātiski
Service Account:  LocalSystem"
Information,26-Aug-20 4:30:02 PM,Service Control Manager,7045,None,"A service was installed in the system.

Service Name:  Corsair virtual device
Service File Name:  \SystemRoot\System32\drivers\CorsairVHidDriver.sys
Service Type:  kodola režīma draiveris
Service Start Type:  pieprasīt startēšanu
Service Account:  "
Information,26-Aug-20 4:30:02 PM,Service Control Manager,7045,None,"A service was installed in the system.

Service Name:  Corsair Bus
Service File Name:  \SystemRoot\System32\drivers\CorsairVBusDriver.sys
Service Type:  kodola režīma draiveris
Service Start Type:  pieprasīt startēšanu
Service Account:  "
Information,26-Aug-20 4:29:54 PM,Service Control Manager,7045,None,"A service was installed in the system.

Service Name:  CorsairLLAccess3B84E98236B28D4E075D5737DF9F567A1FB76E8A
Service File Name:  C:\Program Files (x86)\Corsair\CORSAIR iCUE Software\CorsairLLAccess64.sys
Service Type:  kodola režīma draiveris
Service Start Type:  startēt automātiski
Service Account:  "
Warning,26-Aug-20 4:20:49 PM,Microsoft-Windows-DistributedCOM,10016,None,"The application-specific permission settings do not grant Local Activation permission for the COM Server application with CLSID 
{2593F8B9-4EAF-457C-B68A-50F6B8EA6B54}
 and APPID 
{15C20B67-12E7-4BB6-92BB-7AFF07997402}
 to the user DESKTOP-C1R04V7\sakov SID (S-1-5-21-1674230623-2899171402-1259877898-1001) from address LocalHost (Using LRPC) running in the application container Unavailable SID (Unavailable). This security permission can be modified using the Component Services administrative tool."
Warning,26-Aug-20 4:20:03 PM,Microsoft-Windows-DistributedCOM,10016,None,"The application-specific permission settings do not grant Local Activation permission for the COM Server application with CLSID 
{2593F8B9-4EAF-457C-B68A-50F6B8EA6B54}
 and APPID 
{15C20B67-12E7-4BB6-92BB-7AFF07997402}
 to the user DESKTOP-C1R04V7\sakov SID (S-1-5-21-1674230623-2899171402-1259877898-1001) from address LocalHost (Using LRPC) running in the application container Unavailable SID (Unavailable). This security permission can be modified using the Component Services administrative tool."
Warning,26-Aug-20 4:16:37 PM,Microsoft-Windows-DistributedCOM,10016,None,"The machine-default permission settings do not grant Local Activation permission for the COM Server application with CLSID 
{C2F03A33-21F5-47FA-B4BB-156362A2F239}
 and APPID 
{316CDED5-E4AE-4B15-9113-7055D84DCC97}
 to the user DESKTOP-C1R04V7\sakov SID (S-1-5-21-1674230623-2899171402-1259877898-1001) from address LocalHost (Using LRPC) running in the application container Microsoft.Windows.ShellExperienceHost_10.0.19041.423_neutral_neutral_cw5n1h2txyewy SID (S-1-15-2-155514346-2573954481-755741238-1654018636-1233331829-3075935687-2861478708). This security permission can be modified using the Component Services administrative tool."
Information,26-Aug-20 4:10:10 PM,Microsoft-Windows-Kernel-General,16,None,The access history in hive \??\C:\Users\sakov\AppData\Local\Packages\microsoft.windowsstore_8wekyb3d8bbwe\Settings\settings.dat was cleared updating 3 keys and creating 1 modified pages.
Information,26-Aug-20 4:01:15 PM,Microsoft-Windows-WindowsUpdateClient,19,Windows Update Agent,Installation Successful: Windows successfully installed the following update: 9N5CQDPH6SQT-Microsoft.LanguageExperiencePacklv-LV
Information,26-Aug-20 4:01:14 PM,Microsoft-Windows-Kernel-General,16,None,The access history in hive \??\C:\Users\sakov\AppData\Local\Packages\Microsoft.LanguageExperiencePacklv-LV_8wekyb3d8bbwe\Settings\settings.dat was cleared updating 3 keys and creating 1 modified pages.
Information,26-Aug-20 4:01:14 PM,Microsoft-Windows-WindowsUpdateClient,43,Windows Update Agent,Installation Started: Windows has started installing the following update: 9N5CQDPH6SQT-Microsoft.LanguageExperiencePacklv-LV
Information,26-Aug-20 4:01:13 PM,Microsoft-Windows-FilterManager,6,None,"File System Filter 'gameflt' (10.0, ‎2097‎-‎12‎-‎16T00:14:12.000000000Z) has successfully loaded and registered with Filter Manager."
Information,26-Aug-20 4:01:12 PM,Microsoft-Windows-WindowsUpdateClient,19,Windows Update Agent,Installation Successful: Windows successfully installed the following update: 9MWPM2CQNLHN-Microsoft.GamingServices
Information,26-Aug-20 4:01:12 PM,Microsoft-Windows-FilterManager,1,None,"File System Filter 'gameflt' (Version 10.0, ‎2086‎-‎06‎-‎03T19:25:47.000000000Z) unloaded successfully."
Information,26-Aug-20 4:01:11 PM,Service Control Manager,7045,None,"A service was installed in the system.

Service Name:  Gaming Services
Service File Name:  C:\Program Files\WindowsApps\Microsoft.GamingServices_2.44.19001.0_x64__8wekyb3d8bbwe\GamingServices.exe
Service Type:  lietotāja režīma pakalpojums
Service Start Type:  startēt automātiski
Service Account:  LocalSystem"
Information,26-Aug-20 4:01:11 PM,Service Control Manager,7045,None,"A service was installed in the system.

Service Name:  Gaming Services
Service File Name:  C:\Program Files\WindowsApps\Microsoft.GamingServices_2.44.19001.0_x64__8wekyb3d8bbwe\GamingServicesNet.exe
Service Type:  lietotāja režīma pakalpojums
Service Start Type:  startēt automātiski
Service Account:  NT AUTHORITY\LocalService"
Warning,26-Aug-20 4:01:11 PM,disk,157,None,Disk 4 has been surprise removed.
Information,26-Aug-20 4:01:11 PM,Service Control Manager,7040,None,The start type of the Gaming Services service was changed from startēt automātiski to atspējots.
Information,26-Aug-20 4:01:11 PM,Service Control Manager,7040,None,The start type of the Gaming Services service was changed from startēt automātiski to atspējots.
Information,26-Aug-20 4:01:11 PM,Microsoft-Windows-WindowsUpdateClient,43,Windows Update Agent,Installation Started: Windows has started installing the following update: 9MWPM2CQNLHN-Microsoft.GamingServices
Information,26-Aug-20 4:01:10 PM,Microsoft-Windows-Kernel-General,16,None,The access history in hive \??\C:\ProgramData\Microsoft\Windows\AppRepository\Packages\Microsoft.GamingServices_2.44.19001.0_x64__8wekyb3d8bbwe\ActivationStore.dat was cleared updating 0 keys and creating 0 modified pages.
Information,26-Aug-20 4:01:00 PM,Microsoft-Windows-WindowsUpdateClient,44,Windows Update Agent,Windows Update started downloading an update.
Information,26-Aug-20 4:01:00 PM,Microsoft-Windows-WindowsUpdateClient,44,Windows Update Agent,Windows Update started downloading an update.
Warning,26-Aug-20 4:00:14 PM,Microsoft-Windows-DistributedCOM,10016,None,"The machine-default permission settings do not grant Local Activation permission for the COM Server application with CLSID 
{C2F03A33-21F5-47FA-B4BB-156362A2F239}
 and APPID 
{316CDED5-E4AE-4B15-9113-7055D84DCC97}
 to the user DESKTOP-C1R04V7\sakov SID (S-1-5-21-1674230623-2899171402-1259877898-1001) from address LocalHost (Using LRPC) running in the application container Microsoft.Windows.ShellExperienceHost_10.0.19041.423_neutral_neutral_cw5n1h2txyewy SID (S-1-15-2-155514346-2573954481-755741238-1654018636-1233331829-3075935687-2861478708). This security permission can be modified using the Component Services administrative tool."
Warning,26-Aug-20 4:00:02 PM,Microsoft-Windows-DistributedCOM,10016,None,"The machine-default permission settings do not grant Local Activation permission for the COM Server application with CLSID 
{C2F03A33-21F5-47FA-B4BB-156362A2F239}
 and APPID 
{316CDED5-E4AE-4B15-9113-7055D84DCC97}
 to the user DESKTOP-C1R04V7\sakov SID (S-1-5-21-1674230623-2899171402-1259877898-1001) from address LocalHost (Using LRPC) running in the application container Microsoft.Windows.ShellExperienceHost_10.0.19041.423_neutral_neutral_cw5n1h2txyewy SID (S-1-15-2-155514346-2573954481-755741238-1654018636-1233331829-3075935687-2861478708). This security permission can be modified using the Component Services administrative tool."
Warning,26-Aug-20 3:59:19 PM,Microsoft-Windows-DistributedCOM,10016,None,"The application-specific permission settings do not grant Local Activation permission for the COM Server application with CLSID 
{2593F8B9-4EAF-457C-B68A-50F6B8EA6B54}
 and APPID 
{15C20B67-12E7-4BB6-92BB-7AFF07997402}
 to the user DESKTOP-C1R04V7\sakov SID (S-1-5-21-1674230623-2899171402-1259877898-1001) from address LocalHost (Using LRPC) running in the application container Unavailable SID (Unavailable). This security permission can be modified using the Component Services administrative tool."
Warning,26-Aug-20 3:59:19 PM,Microsoft-Windows-DistributedCOM,10016,None,"The application-specific permission settings do not grant Local Activation permission for the COM Server application with CLSID 
{2593F8B9-4EAF-457C-B68A-50F6B8EA6B54}
 and APPID 
{15C20B67-12E7-4BB6-92BB-7AFF07997402}
 to the user DESKTOP-C1R04V7\sakov SID (S-1-5-21-1674230623-2899171402-1259877898-1001) from address LocalHost (Using LRPC) running in the application container Unavailable SID (Unavailable). This security permission can be modified using the Component Services administrative tool."
Warning,26-Aug-20 3:59:09 PM,Netwtw08,6062,None,6062 - Lso was triggered
Warning,26-Aug-20 3:58:59 PM,Microsoft-Windows-DNS-Client,1014,(1014),Name resolution for the name _ldap._tcp.dc._msdcs.lan timed out after none of the configured DNS servers responded.
Information,26-Aug-20 3:58:47 PM,Netwtw08,7021,None,7021 - Connection telemetry fields and analysis usage
Information,26-Aug-20 3:57:29 PM,Netwtw08,7011,None,7011 - radio ON
Information,26-Aug-20 3:57:08 PM,Netwtw08,7012,None,7012 - radio OFF
Warning,26-Aug-20 3:56:23 PM,Microsoft-Windows-DistributedCOM,10016,None,"The application-specific permission settings do not grant Local Launch permission for the COM Server application with CLSID 
Windows.SecurityCenter.SecurityAppBroker
 and APPID 
Unavailable
 to the user NT AUTHORITY\SYSTEM SID (S-1-5-18) from address LocalHost (Using LRPC) running in the application container Unavailable SID (Unavailable). This security permission can be modified using the Component Services administrative tool."
Warning,26-Aug-20 3:56:23 PM,Microsoft-Windows-DistributedCOM,10016,None,"The application-specific permission settings do not grant Local Launch permission for the COM Server application with CLSID 
Windows.SecurityCenter.WscDataProtection
 and APPID 
Unavailable
 to the user NT AUTHORITY\SYSTEM SID (S-1-5-18) from address LocalHost (Using LRPC) running in the application container Unavailable SID (Unavailable). This security permission can be modified using the Component Services administrative tool."
Warning,26-Aug-20 3:56:23 PM,Microsoft-Windows-DistributedCOM,10016,None,"The application-specific permission settings do not grant Local Launch permission for the COM Server application with CLSID 
Windows.SecurityCenter.WscBrokerManager
 and APPID 
Unavailable
 to the user NT AUTHORITY\SYSTEM SID (S-1-5-18) from address LocalHost (Using LRPC) running in the application container Unavailable SID (Unavailable). This security permission can be modified using the Component Services administrative tool."
Warning,26-Aug-20 3:55:24 PM,Microsoft-Windows-DistributedCOM,10016,None,"The application-specific permission settings do not grant Local Activation permission for the COM Server application with CLSID 
{2593F8B9-4EAF-457C-B68A-50F6B8EA6B54}
 and APPID 
{15C20B67-12E7-4BB6-92BB-7AFF07997402}
 to the user DESKTOP-C1R04V7\sakov SID (S-1-5-21-1674230623-2899171402-1259877898-1001) from address LocalHost (Using LRPC) running in the application container Unavailable SID (Unavailable). This security permission can be modified using the Component Services administrative tool."
Warning,26-Aug-20 3:55:18 PM,Microsoft-Windows-DistributedCOM,10016,None,"The application-specific permission settings do not grant Local Activation permission for the COM Server application with CLSID 
{2593F8B9-4EAF-457C-B68A-50F6B8EA6B54}
 and APPID 
{15C20B67-12E7-4BB6-92BB-7AFF07997402}
 to the user DESKTOP-C1R04V7\sakov SID (S-1-5-21-1674230623-2899171402-1259877898-1001) from address LocalHost (Using LRPC) running in the application container Unavailable SID (Unavailable). This security permission can be modified using the Component Services administrative tool."
Information,26-Aug-20 3:55:04 PM,Microsoft-Windows-Kernel-General,16,None,The access history in hive \??\C:\ProgramData\Microsoft\Windows\AppRepository\Packages\1527c705-839a-4832-9118-54d4Bd6a0c89_10.0.19041.423_neutral_neutral_cw5n1h2txyewy\ActivationStore.dat was cleared updating 0 keys and creating 0 modified pages.
Information,26-Aug-20 3:55:03 PM,Microsoft-Windows-Kernel-General,16,None,The access history in hive \??\C:\ProgramData\Microsoft\Windows\AppRepository\Packages\c5e2524a-ea46-4f67-841f-6a9465d9d515_10.0.19041.423_neutral_neutral_cw5n1h2txyewy\ActivationStore.dat was cleared updating 0 keys and creating 0 modified pages.
Information,26-Aug-20 3:55:03 PM,Microsoft-Windows-Kernel-General,16,None,The access history in hive \??\C:\ProgramData\Microsoft\Windows\AppRepository\Packages\E2A4F912-2574-4A75-9BB0-0D023378592B_10.0.19041.423_neutral_neutral_cw5n1h2txyewy\ActivationStore.dat was cleared updating 0 keys and creating 0 modified pages.
Information,26-Aug-20 3:55:03 PM,Microsoft-Windows-Kernel-General,16,None,The access history in hive \??\C:\ProgramData\Microsoft\Windows\AppRepository\Packages\F46D4000-FD22-4DB4-AC8E-4E1DDDE828FE_10.0.19041.423_neutral_neutral_cw5n1h2txyewy\ActivationStore.dat was cleared updating 0 keys and creating 0 modified pages.
Information,26-Aug-20 3:55:02 PM,Microsoft-Windows-Kernel-General,16,None,The access history in hive \??\C:\ProgramData\Microsoft\Windows\AppRepository\Packages\Microsoft.AccountsControl_10.0.19041.423_neutral__cw5n1h2txyewy\ActivationStore.dat was cleared updating 0 keys and creating 0 modified pages.
Information,26-Aug-20 3:55:02 PM,Microsoft-Windows-Kernel-General,16,None,The access history in hive \??\C:\ProgramData\Microsoft\Windows\AppRepository\Packages\Microsoft.AsyncTextService_10.0.19041.423_neutral__8wekyb3d8bbwe\ActivationStore.dat was cleared updating 0 keys and creating 0 modified pages.
Information,26-Aug-20 3:55:01 PM,Microsoft-Windows-Kernel-General,16,None,The access history in hive \??\C:\ProgramData\Microsoft\Windows\AppRepository\Packages\Microsoft.CredDialogHost_10.0.19041.423_neutral__cw5n1h2txyewy\ActivationStore.dat was cleared updating 0 keys and creating 0 modified pages.
Information,26-Aug-20 3:55:01 PM,Microsoft-Windows-Kernel-General,16,None,The access history in hive \??\C:\ProgramData\Microsoft\Windows\AppRepository\Packages\Microsoft.ECApp_10.0.19041.423_neutral__8wekyb3d8bbwe\ActivationStore.dat was cleared updating 0 keys and creating 0 modified pages.
Information,26-Aug-20 3:55:00 PM,Microsoft-Windows-Kernel-General,16,None,The access history in hive \??\C:\ProgramData\Microsoft\Windows\AppRepository\Packages\Microsoft.Win32WebViewHost_10.0.19041.423_neutral_neutral_cw5n1h2txyewy\ActivationStore.dat was cleared updating 0 keys and creating 0 modified pages.
Information,26-Aug-20 3:55:00 PM,Microsoft-Windows-Kernel-General,16,None,The access history in hive \??\C:\ProgramData\Microsoft\Windows\AppRepository\Packages\Microsoft.Windows.CapturePicker_10.0.19041.423_neutral__cw5n1h2txyewy\ActivationStore.dat was cleared updating 0 keys and creating 0 modified pages.
Information,26-Aug-20 3:54:59 PM,Microsoft-Windows-Kernel-General,16,None,The access history in hive \??\C:\ProgramData\Microsoft\Windows\AppRepository\Packages\Microsoft.Windows.NarratorQuickStart_10.0.19041.423_neutral_neutral_8wekyb3d8bbwe\ActivationStore.dat was cleared updating 0 keys and creating 0 modified pages.
Information,26-Aug-20 3:54:59 PM,Microsoft-Windows-Kernel-General,16,None,The access history in hive \??\C:\ProgramData\Microsoft\Windows\AppRepository\Packages\Microsoft.Windows.PeopleExperienceHost_10.0.19041.423_neutral_neutral_cw5n1h2txyewy\ActivationStore.dat was cleared updating 0 keys and creating 0 modified pages.
Information,26-Aug-20 3:54:58 PM,Microsoft-Windows-Kernel-General,16,None,The access history in hive \??\C:\ProgramData\Microsoft\Windows\AppRepository\Packages\Microsoft.Windows.SecHealthUI_10.0.19041.423_neutral__cw5n1h2txyewy\ActivationStore.dat was cleared updating 0 keys and creating 0 modified pages.
Information,26-Aug-20 3:54:58 PM,Microsoft-Windows-Kernel-General,16,None,The access history in hive \??\C:\ProgramData\Microsoft\Windows\AppRepository\Packages\Microsoft.Windows.SecureAssessmentBrowser_10.0.19041.423_neutral_neutral_cw5n1h2txyewy\ActivationStore.dat was cleared updating 0 keys and creating 0 modified pages.
Information,26-Aug-20 3:54:58 PM,Microsoft-Windows-Kernel-General,16,None,The access history in hive \??\C:\ProgramData\Microsoft\Windows\AppRepository\Packages\Microsoft.Windows.XGpuEjectDialog_10.0.19041.423_neutral_neutral_cw5n1h2txyewy\ActivationStore.dat was cleared updating 0 keys and creating 0 modified pages.
Information,26-Aug-20 3:54:57 PM,Microsoft-Windows-Kernel-General,16,None,The access history in hive \??\C:\ProgramData\Microsoft\Windows\AppRepository\Packages\Windows.CBSPreview_10.0.19041.423_neutral_neutral_cw5n1h2txyewy\ActivationStore.dat was cleared updating 0 keys and creating 0 modified pages.
Information,26-Aug-20 3:54:55 PM,Microsoft-Windows-Kernel-General,16,None,The access history in hive \??\C:\ProgramData\Microsoft\Windows\AppRepository\Packages\Windows.PrintDialog_6.2.1.0_neutral_neutral_cw5n1h2txyewy\ActivationStore.dat was cleared updating 0 keys and creating 0 modified pages.
Warning,26-Aug-20 3:54:54 PM,Microsoft-Windows-DistributedCOM,10016,None,"The application-specific permission settings do not grant Local Activation permission for the COM Server application with CLSID 
{2593F8B9-4EAF-457C-B68A-50F6B8EA6B54}
 and APPID 
{15C20B67-12E7-4BB6-92BB-7AFF07997402}
 to the user DESKTOP-C1R04V7\sakov SID (S-1-5-21-1674230623-2899171402-1259877898-1001) from address LocalHost (Using LRPC) running in the application container SpotifyAB.SpotifyMusic_1.140.508.0_x86__zpdnekdrzrea0 SID (Unavailable). This security permission can be modified using the Component Services administrative tool."
Warning,26-Aug-20 3:54:51 PM,Microsoft-Windows-DistributedCOM,10016,None,"The application-specific permission settings do not grant Local Activation permission for the COM Server application with CLSID 
{2593F8B9-4EAF-457C-B68A-50F6B8EA6B54}
 and APPID 
{15C20B67-12E7-4BB6-92BB-7AFF07997402}
 to the user DESKTOP-C1R04V7\sakov SID (S-1-5-21-1674230623-2899171402-1259877898-1001) from address LocalHost (Using LRPC) running in the application container Unavailable SID (Unavailable). This security permission can be modified using the Component Services administrative tool."
Warning,26-Aug-20 3:54:39 PM,Microsoft-Windows-DNS-Client,1014,(1014),Name resolution for the name www.bing.com timed out after none of the configured DNS servers responded.
Warning,26-Aug-20 3:54:31 PM,Microsoft-Windows-DistributedCOM,10016,None,"The machine-default permission settings do not grant Local Activation permission for the COM Server application with CLSID 
{C2F03A33-21F5-47FA-B4BB-156362A2F239}
 and APPID 
{316CDED5-E4AE-4B15-9113-7055D84DCC97}
 to the user DESKTOP-C1R04V7\sakov SID (S-1-5-21-1674230623-2899171402-1259877898-1001) from address LocalHost (Using LRPC) running in the application container Microsoft.Windows.ShellExperienceHost_10.0.19041.423_neutral_neutral_cw5n1h2txyewy SID (S-1-15-2-155514346-2573954481-755741238-1654018636-1233331829-3075935687-2861478708). This security permission can be modified using the Component Services administrative tool."
Information,26-Aug-20 3:54:26 PM,Microsoft-Windows-Kernel-General,16,None,The access history in hive \??\C:\ProgramData\Microsoft\Windows\AppRepository\Packages\Microsoft.LockApp_10.0.19041.423_neutral__cw5n1h2txyewy\ActivationStore.dat was cleared updating 0 keys and creating 0 modified pages.
Information,26-Aug-20 3:54:23 PM,Microsoft-Windows-FilterManager,6,None,"File System Filter 'gameflt' (10.0, ‎2086‎-‎06‎-‎03T19:25:47.000000000Z) has successfully loaded and registered with Filter Manager."
Information,26-Aug-20 3:54:22 PM,Service Control Manager,7026,None,"The following boot-start or system-start driver(s) did not load: 
dam
EhStorClass"
Warning,26-Aug-20 3:54:22 PM,Microsoft-Windows-DistributedCOM,10016,None,"The application-specific permission settings do not grant Local Activation permission for the COM Server application with CLSID 
{6B3B8D23-FA8D-40B9-8DBD-B950333E2C52}
 and APPID 
{4839DDB7-58C2-48F5-8283-E1D1807D0D7D}
 to the user NT AUTHORITY\LOCAL SERVICE SID (S-1-5-19) from address LocalHost (Using LRPC) running in the application container Unavailable SID (Unavailable). This security permission can be modified using the Component Services administrative tool."
Warning,26-Aug-20 3:54:22 PM,Microsoft-Windows-DistributedCOM,10016,None,"The application-specific permission settings do not grant Local Activation permission for the COM Server application with CLSID 
{6B3B8D23-FA8D-40B9-8DBD-B950333E2C52}
 and APPID 
{4839DDB7-58C2-48F5-8283-E1D1807D0D7D}
 to the user NT AUTHORITY\LOCAL SERVICE SID (S-1-5-19) from address LocalHost (Using LRPC) running in the application container Unavailable SID (Unavailable). This security permission can be modified using the Component Services administrative tool."
Information,26-Aug-20 3:54:21 PM,Microsoft-Windows-WLAN-AutoConfig,10001,None,"WLAN Extensibility Module has successfully started.

Module Path: C:\WINDOWS\system32\IntelIHVRouter08.dll
"
Information,26-Aug-20 3:54:21 PM,Microsoft-Windows-WLAN-AutoConfig,4000,None,"WLAN AutoConfig service has successfully started.
"
Information,26-Aug-20 3:54:20 PM,Microsoft-Windows-Winlogon,7001,(1101),User Logon Notification for Customer Experience Improvement Program
Information,26-Aug-20 3:54:20 PM,Microsoft-Windows-FilterManager,6,None,"File System Filter 'bindflt' (10.0, ‎2090‎-‎10‎-‎31T12:47:32.000000000Z) has successfully loaded and registered with Filter Manager."
Information,26-Aug-20 3:54:20 PM,Microsoft-Windows-FilterManager,6,None,"File System Filter 'storqosflt' (10.0, ‎2007‎-‎04‎-‎09T11:08:30.000000000Z) has successfully loaded and registered with Filter Manager."
Information,26-Aug-20 3:54:20 PM,Microsoft-Windows-FilterManager,6,None,"File System Filter 'CldFlt' (10.0, ‎1994‎-‎04‎-‎04T15:13:14.000000000Z) has successfully loaded and registered with Filter Manager."
Information,26-Aug-20 3:54:20 PM,Microsoft-Windows-FilterManager,1,None,"File System Filter 'CldFlt' (Version 10.0, ‎1994‎-‎04‎-‎04T15:13:14.000000000Z) unloaded successfully."
Information,26-Aug-20 3:54:20 PM,Microsoft-Windows-FilterManager,6,None,"File System Filter 'CldFlt' (10.0, ‎1994‎-‎04‎-‎04T15:13:14.000000000Z) has successfully loaded and registered with Filter Manager."
Information,26-Aug-20 3:54:20 PM,Microsoft-Windows-DHCPv6-Client,51046,Service State Event,DHCPv6 client service is started
Information,26-Aug-20 3:54:20 PM,Microsoft-Windows-FilterManager,6,None,"File System Filter 'wcifs' (10.0, ‎2027‎-‎01‎-‎31T19:32:49.000000000Z) has successfully loaded and registered with Filter Manager."
Information,26-Aug-20 3:54:20 PM,Microsoft-Windows-FilterManager,6,None,"File System Filter 'luafv' (10.0, ‎2016‎-‎01‎-‎23T19:15:51.000000000Z) has successfully loaded and registered with Filter Manager."
Information,26-Aug-20 3:54:20 PM,Microsoft-Windows-Dhcp-Client,50103,Service State Event,DHCPv4 client registered for shutdown notification
Information,26-Aug-20 3:54:20 PM,Microsoft-Windows-Dhcp-Client,50036,Service State Event,DHCPv4 client service is started
Information,26-Aug-20 3:54:19 PM,Microsoft-Windows-Directory-Services-SAM,16977,None,"The domain is configured with the following minimum password length-related settings.

MinimumPasswordLength: 0

RelaxMinimumPasswordLengthLimits: 0

MinimumPasswordLengthAudit: -1

For more information see https://go.microsoft.com/fwlink/?LinkId=2097191.
"
Information,26-Aug-20 3:54:19 PM,Microsoft-Windows-Directory-Services-SAM,16962,None,"Remote calls to the SAM database are being restricted using the default security descriptor: O:SYG:SYD:(A;;RC;;;BA).
For more information please see http://go.microsoft.com/fwlink/?LinkId=787651."
Information,26-Aug-20 3:54:19 PM,Microsoft-Windows-Wininit,14,None,"Credential Guard configuration: 0x0, 0"
Information,26-Aug-20 3:54:18 PM,Microsoft-Windows-Ntfs,98,None,Volume F: (\Device\HarddiskVolume6) is healthy.  No action is needed.
Information,26-Aug-20 3:54:11 PM,BTHUSB,18,None,Windows cannot store Bluetooth authentication codes (link keys) on the local adapter. Bluetooth keyboards might not work in the system BIOS during startup.
Information,26-Aug-20 3:54:11 PM,Netwtw08,7017,None,7017 - secure boot (SB) configuration
Information,26-Aug-20 3:54:11 PM,Netwtw08,7010,None,7010 - driver enabled (miniport init)
Information,26-Aug-20 3:54:10 PM,Netwtw08,7005,None,7005 - SAR value max TX power (WRDS)
Information,26-Aug-20 3:54:10 PM,Netwtw08,7036,None,The \Device\NDMP2 service entered the Intel(R) Wireless-AC 9260 160MHz state.
Information,26-Aug-20 3:54:10 PM,Microsoft-Windows-Kernel-Processor-Power,55,(47),"Processor 11 in group 0 exposes the following power management capabilities:

Idle state type: ACPI Idle (C) States (2 state(s))

Performance state type: ACPI Performance (P) / Throttle (T) States
Nominal Frequency (MHz): 3400
Maximum performance percentage: 100
Minimum performance percentage: 45
Minimum throttle percentage: 45"
Information,26-Aug-20 3:54:10 PM,Microsoft-Windows-Kernel-Processor-Power,55,(47),"Processor 10 in group 0 exposes the following power management capabilities:

Idle state type: ACPI Idle (C) States (2 state(s))

Performance state type: ACPI Performance (P) / Throttle (T) States
Nominal Frequency (MHz): 3400
Maximum performance percentage: 100
Minimum performance percentage: 45
Minimum throttle percentage: 45"
Information,26-Aug-20 3:54:10 PM,Microsoft-Windows-Kernel-Processor-Power,55,(47),"Processor 9 in group 0 exposes the following power management capabilities:

Idle state type: ACPI Idle (C) States (2 state(s))

Performance state type: ACPI Performance (P) / Throttle (T) States
Nominal Frequency (MHz): 3400
Maximum performance percentage: 100
Minimum performance percentage: 45
Minimum throttle percentage: 45"
Information,26-Aug-20 3:54:10 PM,Microsoft-Windows-Kernel-Processor-Power,55,(47),"Processor 8 in group 0 exposes the following power management capabilities:

Idle state type: ACPI Idle (C) States (2 state(s))

Performance state type: ACPI Performance (P) / Throttle (T) States
Nominal Frequency (MHz): 3400
Maximum performance percentage: 100
Minimum performance percentage: 45
Minimum throttle percentage: 45"
Information,26-Aug-20 3:54:10 PM,Microsoft-Windows-Kernel-Processor-Power,55,(47),"Processor 7 in group 0 exposes the following power management capabilities:

Idle state type: ACPI Idle (C) States (2 state(s))

Performance state type: ACPI Performance (P) / Throttle (T) States
Nominal Frequency (MHz): 3400
Maximum performance percentage: 100
Minimum performance percentage: 45
Minimum throttle percentage: 45"
Information,26-Aug-20 3:54:10 PM,Microsoft-Windows-Kernel-Processor-Power,55,(47),"Processor 6 in group 0 exposes the following power management capabilities:

Idle state type: ACPI Idle (C) States (2 state(s))

Performance state type: ACPI Performance (P) / Throttle (T) States
Nominal Frequency (MHz): 3400
Maximum performance percentage: 100
Minimum performance percentage: 45
Minimum throttle percentage: 45"
Information,26-Aug-20 3:54:10 PM,Microsoft-Windows-Kernel-Processor-Power,55,(47),"Processor 5 in group 0 exposes the following power management capabilities:

Idle state type: ACPI Idle (C) States (2 state(s))

Performance state type: ACPI Performance (P) / Throttle (T) States
Nominal Frequency (MHz): 3400
Maximum performance percentage: 100
Minimum performance percentage: 45
Minimum throttle percentage: 45"
Information,26-Aug-20 3:54:10 PM,Microsoft-Windows-Kernel-Processor-Power,55,(47),"Processor 4 in group 0 exposes the following power management capabilities:

Idle state type: ACPI Idle (C) States (2 state(s))

Performance state type: ACPI Performance (P) / Throttle (T) States
Nominal Frequency (MHz): 3400
Maximum performance percentage: 100
Minimum performance percentage: 45
Minimum throttle percentage: 45"
Information,26-Aug-20 3:54:10 PM,Microsoft-Windows-Kernel-Processor-Power,55,(47),"Processor 3 in group 0 exposes the following power management capabilities:

Idle state type: ACPI Idle (C) States (2 state(s))

Performance state type: ACPI Performance (P) / Throttle (T) States
Nominal Frequency (MHz): 3400
Maximum performance percentage: 100
Minimum performance percentage: 45
Minimum throttle percentage: 45"
Information,26-Aug-20 3:54:10 PM,Microsoft-Windows-Kernel-Processor-Power,55,(47),"Processor 2 in group 0 exposes the following power management capabilities:

Idle state type: ACPI Idle (C) States (2 state(s))

Performance state type: ACPI Performance (P) / Throttle (T) States
Nominal Frequency (MHz): 3400
Maximum performance percentage: 100
Minimum performance percentage: 45
Minimum throttle percentage: 45"
Information,26-Aug-20 3:54:10 PM,Microsoft-Windows-Kernel-Processor-Power,55,(47),"Processor 1 in group 0 exposes the following power management capabilities:

Idle state type: ACPI Idle (C) States (2 state(s))

Performance state type: ACPI Performance (P) / Throttle (T) States
Nominal Frequency (MHz): 3400
Maximum performance percentage: 100
Minimum performance percentage: 45
Minimum throttle percentage: 45"
Information,26-Aug-20 3:54:10 PM,Microsoft-Windows-Kernel-Processor-Power,55,(47),"Processor 0 in group 0 exposes the following power management capabilities:

Idle state type: ACPI Idle (C) States (2 state(s))

Performance state type: ACPI Performance (P) / Throttle (T) States
Nominal Frequency (MHz): 3400
Maximum performance percentage: 100
Minimum performance percentage: 45
Minimum throttle percentage: 45"
Information,26-Aug-20 3:54:09 PM,Microsoft-Windows-Kernel-General,24,(11),The time zone information was refreshed with exit reason 0. Current time zone bias is 420.
Information,26-Aug-20 3:54:09 PM,Microsoft-Windows-Ntfs,98,None,Volume E: (\Device\HarddiskVolume2) is healthy.  No action is needed.
Information,26-Aug-20 3:54:09 PM,Microsoft-Windows-Ntfs,98,None,Volume \\?\Volume{e77e4054-d94f-409a-b7a5-1934afc8f2e8} (\Device\HarddiskVolume5) is healthy.  No action is needed.
Information,26-Aug-20 3:54:09 PM,Microsoft-Windows-Ntfs,98,None,Volume D: (\Device\HarddiskVolume1) is healthy.  No action is needed.
Information,26-Aug-20 3:54:08 PM,Microsoft-Windows-Kernel-Power,172,(203),"Connectivity state in standby: Disconnected, Reason: NIC compliance"
Information,26-Aug-20 3:54:08 PM,Microsoft-Windows-FilterManager,6,None,"File System Filter 'npsvctrig' (10.0, ‎2025‎-‎01‎-‎05T19:41:12.000000000Z) has successfully loaded and registered with Filter Manager."
Information,26-Aug-20 3:54:07 PM,Microsoft-Windows-FilterManager,6,None,"File System Filter 'FileCrypt' (10.0, ‎2002‎-‎03‎-‎01T04:12:42.000000000Z) has successfully loaded and registered with Filter Manager."
Information,26-Aug-20 3:54:04 PM,Microsoft-Windows-Ntfs,98,None,Volume C: (\Device\HarddiskVolume4) is healthy.  No action is needed.
Information,26-Aug-20 3:54:04 PM,Microsoft-Windows-FilterManager,6,None,"File System Filter 'WdFilter' (10.0, ‎1984‎-‎08‎-‎04T23:05:17.000000000Z) has successfully loaded and registered with Filter Manager."
Information,26-Aug-20 3:54:04 PM,Microsoft-Windows-FilterManager,6,None,"File System Filter 'Wof' (10.0, ‎2050‎-‎10‎-‎18T06:21:08.000000000Z) has successfully loaded and registered with Filter Manager."
Information,26-Aug-20 3:54:04 PM,Microsoft-Windows-FilterManager,6,None,"File System Filter 'FileInfo' (10.0, ‎2062‎-‎12‎-‎22T22:21:06.000000000Z) has successfully loaded and registered with Filter Manager."
Information,26-Aug-20 3:54:03 PM,Microsoft-Windows-HAL,16,None,The iommu fault reporting has been initialized.
Information,26-Aug-20 3:54:03 PM,Microsoft-Windows-Kernel-General,20,(6),"The leap second configuration has been updated.
Reason: Leap second data initialized from registry during boot
Leap seconds enabled: true
New leap second count: 0
Old leap second count: 0"
Information,26-Aug-20 3:54:03 PM,Microsoft-Windows-Kernel-Boot,30,(21),The firmware reported boot metrics.
Information,26-Aug-20 3:54:03 PM,Microsoft-Windows-Kernel-Boot,32,(58),The bootmgr spent 0 ms waiting for user input.
Information,26-Aug-20 3:54:03 PM,Microsoft-Windows-Kernel-Boot,18,(57),There are 0x1 boot options on this system.
Information,26-Aug-20 3:54:03 PM,Microsoft-Windows-Kernel-Boot,27,(33),The boot type was 0x0.
Information,26-Aug-20 3:54:03 PM,Microsoft-Windows-Kernel-Boot,25,(32),The boot menu policy was 0x1.
Information,26-Aug-20 3:54:03 PM,Microsoft-Windows-Kernel-Boot,238,(101),EFI time zone bias: 2047. Daylight flags: 0
Information,26-Aug-20 3:54:03 PM,Microsoft-Windows-Kernel-Boot,20,(31),The last shutdown's success status was true. The last boot's success status was true.
Information,26-Aug-20 3:54:03 PM,Microsoft-Windows-Kernel-Boot,153,(62),Virtualization-based security (policies: 0) is disabled.
Information,26-Aug-20 3:54:03 PM,Microsoft-Windows-Kernel-General,12,(1),The operating system started at system time ‎2020‎-‎08‎-‎26T22:54:03.500000000Z.
Information,26-Aug-20 3:53:43 PM,Microsoft-Windows-Kernel-General,13,(2),The operating system is shutting down at system time ‎2020‎-‎08‎-‎26T22:53:43.970677400Z.
Information,26-Aug-20 3:53:42 PM,Microsoft-Windows-Kernel-Power,109,(103),"The kernel power manager has initiated a shutdown transition.

Shutdown Reason: Kernel API"
Information,26-Aug-20 3:53:38 PM,Microsoft-Windows-WLAN-AutoConfig,4001,None,"WLAN AutoConfig service has successfully stopped.
"
Warning,26-Aug-20 3:53:38 PM,Microsoft-Windows-WLAN-AutoConfig,10002,None,"WLAN Extensibility Module has stopped.

Module Path: C:\WINDOWS\system32\IntelIHVRouter08.dll
"
Information,26-Aug-20 3:54:20 PM,EventLog,6013,None,The system uptime is 16 seconds.
Information,26-Aug-20 3:54:20 PM,EventLog,6005,None,The Event log service was started.
Information,26-Aug-20 3:54:20 PM,EventLog,6009,None,Microsoft (R) Windows (R) 10.00. 19041  Multiprocessor Free.
Information,26-Aug-20 3:53:37 PM,Microsoft-Windows-Dhcp-Client,50037,Service State Event,DHCPv4 client service is stopped. ShutDown Flag value is 1
Information,26-Aug-20 3:53:37 PM,Microsoft-Windows-Dhcp-Client,50106,Service State Event,DHCPv4 is waiting on DHCPv6 service to stop
Information,26-Aug-20 3:53:37 PM,Microsoft-Windows-DHCPv6-Client,51057,Service State Event,DHCPv6 client service stop is almost done.DHCP Context Ref count is 1
Information,26-Aug-20 3:53:37 PM,Microsoft-Windows-DHCPv6-Client,51047,Service State Event,DHCPv6 client service is stopped. ShutDown Flag value is 1
Information,26-Aug-20 3:53:37 PM,Microsoft-Windows-Dhcp-Client,50105,Service State Event,DHCPv4 client ProcessDHCPRequestForever received TERMINATE_EVENT
Information,26-Aug-20 3:53:37 PM,Microsoft-Windows-Dhcp-Client,50104,Service State Event,DHCPv4 client received shutdown notification
Error,26-Aug-20 3:53:37 PM,Service Control Manager,7043,None,The Windows Update service did not shut down properly after receiving a preshutdown control.
Information,26-Aug-20 3:53:37 PM,EventLog,6006,None,The Event log service was stopped.
Error,26-Aug-20 3:53:22 PM,Service Control Manager,7043,None,The Delivery Optimization service did not shut down properly after receiving a preshutdown control.
Information,26-Aug-20 3:53:06 PM,Microsoft-Windows-Winlogon,7002,(1102),User Logoff Notification for Customer Experience Improvement Program
Information,26-Aug-20 3:53:05 PM,User32,1074,None,"The process C:\Windows\System32\RuntimeBroker.exe (DESKTOP-C1R04V7) has initiated the restart of computer DESKTOP-C1R04V7 on behalf of user DESKTOP-C1R04V7\sakov for the following reason: Other (Unplanned)
 Reason Code: 0x0
 Shutdown Type: restart
 Comment: "
Warning,26-Aug-20 3:49:52 PM,Microsoft-Windows-DistributedCOM,10016,None,"The machine-default permission settings do not grant Local Activation permission for the COM Server application with CLSID 
{C2F03A33-21F5-47FA-B4BB-156362A2F239}
 and APPID 
{316CDED5-E4AE-4B15-9113-7055D84DCC97}
 to the user DESKTOP-C1R04V7\sakov SID (S-1-5-21-1674230623-2899171402-1259877898-1001) from address LocalHost (Using LRPC) running in the application container Microsoft.Windows.ShellExperienceHost_10.0.19041.423_neutral_neutral_cw5n1h2txyewy SID (S-1-15-2-155514346-2573954481-755741238-1654018636-1233331829-3075935687-2861478708). This security permission can be modified using the Component Services administrative tool."
Information,26-Aug-20 3:49:51 PM,Microsoft-Windows-WPDClassInstaller,24579,Driver Post-Install Configuration,Autoplay registration was skipped for device %1.
Information,26-Aug-20 3:49:51 PM,Microsoft-Windows-WPDClassInstaller,24577,Driver Post-Install Configuration,"Media player and imaging program compatibility layers were successfully registered for device %1. Layer bits %2 were requested, layer bits %3 were registered."
Information,26-Aug-20 3:49:51 PM,Microsoft-Windows-WPDClassInstaller,24576,Driver Installation,Drivers were successfully installed for device WPD Device.
Information,26-Aug-20 3:49:50 PM,Microsoft-Windows-Ntfs,98,None,Volume F: (\Device\HarddiskVolume7) is healthy.  No action is needed.
Information,26-Aug-20 3:49:50 PM,Microsoft-Windows-UserPnp,20003,(7005),Driver Management has concluded the process to add Service WUDFWpdFs for Device Instance ID SWD\WPDBUSENUM\{626EA8C1-E6FE-11EA-B368-5C879CD94ECC}#0000000000100000 with the following status: 0.
Information,26-Aug-20 3:49:50 PM,Service Control Manager,7045,None,"A service was installed in the system.

Service Name:  WPD File System driver
Service File Name:  \SystemRoot\system32\DRIVERS\WUDFRd.sys
Service Type:  kernel mode driver
Service Start Type:  demand start
Service Account:  "
Information,26-Aug-20 3:49:50 PM,Microsoft-Windows-DriverFrameworks-UserMode,10100,Installation or update of device drivers.,The driver package installation has succeeded.
