Information,10-Sep-20 11:58:35 AM,Microsoft-Windows-Ntfs,98,None,Volume D: (\Device\HarddiskVolume1) is healthy.  No action is needed.
Information,10-Sep-20 11:58:35 AM,Microsoft-Windows-Kernel-Power,172,(203),"Connectivity state in standby: Disconnected, Reason: NIC compliance"
Information,10-Sep-20 11:58:35 AM,Microsoft-Windows-FilterManager,6,None,"File System Filter 'npsvctrig' (10.0, ‎2025‎-‎01‎-‎05T19:41:12.000000000Z) has successfully loaded and registered with Filter Manager."
Information,10-Sep-20 11:58:34 AM,Microsoft-Windows-FilterManager,6,None,"File System Filter 'FileCrypt' (10.0, ‎2002‎-‎03‎-‎01T04:12:42.000000000Z) has successfully loaded and registered with Filter Manager."
Information,10-Sep-20 11:58:31 AM,Microsoft-Windows-Ntfs,98,None,Volume C: (\Device\HarddiskVolume4) is healthy.  No action is needed.
Information,10-Sep-20 11:58:30 AM,Microsoft-Windows-FilterManager,6,None,"File System Filter 'WdFilter' (10.0, ‎2012‎-‎07‎-‎05T15:48:10.000000000Z) has successfully loaded and registered with Filter Manager."
Information,10-Sep-20 11:58:30 AM,Microsoft-Windows-FilterManager,6,None,"File System Filter 'Wof' (10.0, ‎2050‎-‎10‎-‎18T06:21:08.000000000Z) has successfully loaded and registered with Filter Manager."
Information,10-Sep-20 11:58:30 AM,Microsoft-Windows-FilterManager,6,None,"File System Filter 'FileInfo' (10.0, ‎2062‎-‎12‎-‎22T22:21:06.000000000Z) has successfully loaded and registered with Filter Manager."
Information,10-Sep-20 11:58:29 AM,Microsoft-Windows-HAL,16,None,The iommu fault reporting has been initialized.
Information,10-Sep-20 11:58:29 AM,Microsoft-Windows-Kernel-General,20,(6),"The leap second configuration has been updated.
Reason: Leap second data initialized from registry during boot
Leap seconds enabled: true
New leap second count: 0
Old leap second count: 0"
Information,10-Sep-20 11:58:29 AM,Microsoft-Windows-Kernel-Boot,30,(21),The firmware reported boot metrics.
Information,10-Sep-20 11:58:29 AM,Microsoft-Windows-Kernel-Boot,32,(58),The bootmgr spent 0 ms waiting for user input.
Information,10-Sep-20 11:58:29 AM,Microsoft-Windows-Kernel-Boot,18,(57),There are 0x1 boot options on this system.
Information,10-Sep-20 11:58:29 AM,Microsoft-Windows-Kernel-Boot,27,(33),The boot type was 0x0.
Information,10-Sep-20 11:58:29 AM,Microsoft-Windows-Kernel-Boot,25,(32),The boot menu policy was 0x1.
Information,10-Sep-20 11:58:29 AM,Microsoft-Windows-Kernel-Boot,238,(101),EFI time zone bias: 2047. Daylight flags: 0
Information,10-Sep-20 11:58:29 AM,Microsoft-Windows-Kernel-Boot,20,(31),The last shutdown's success status was true. The last boot's success status was true.
Information,10-Sep-20 11:58:29 AM,Microsoft-Windows-Kernel-Boot,153,(62),Virtualization-based security (policies: 0) is disabled.
Information,10-Sep-20 11:58:29 AM,Microsoft-Windows-Kernel-General,12,(1),The operating system started at system time ‎2020‎-‎09‎-‎10T18:58:29.500000000Z.
Information,10-Sep-20 11:58:12 AM,Microsoft-Windows-Kernel-General,13,(2),The operating system is shutting down at system time ‎2020‎-‎09‎-‎10T18:58:12.402060100Z.
Information,10-Sep-20 11:58:11 AM,Microsoft-Windows-Kernel-Power,109,(103),"The kernel power manager has initiated a shutdown transition.

Shutdown Reason: Kernel API"
Information,10-Sep-20 11:58:07 AM,Microsoft-Windows-WLAN-AutoConfig,4001,None,"WLAN AutoConfig service has successfully stopped.
"
Warning,10-Sep-20 11:58:07 AM,Microsoft-Windows-WLAN-AutoConfig,10002,None,"WLAN Extensibility Module has stopped.

Module Path: C:\WINDOWS\system32\IntelIHVRouter08.dll
"
Information,10-Sep-20 11:58:48 AM,EventLog,6013,None,The system uptime is 18 seconds.
Information,10-Sep-20 11:58:48 AM,EventLog,6005,None,The Event log service was started.
Information,10-Sep-20 11:58:48 AM,EventLog,6009,None,Microsoft (R) Windows (R) 10.00. 19041  Multiprocessor Free.
Information,10-Sep-20 11:58:06 AM,Microsoft-Windows-Dhcp-Client,50037,Service State Event,DHCPv4 client service is stopped. ShutDown Flag value is 1
Information,10-Sep-20 11:58:06 AM,Microsoft-Windows-Dhcp-Client,50106,Service State Event,DHCPv4 is waiting on DHCPv6 service to stop
Information,10-Sep-20 11:58:06 AM,Microsoft-Windows-DHCPv6-Client,51057,Service State Event,DHCPv6 client service stop is almost done.DHCP Context Ref count is 1
Information,10-Sep-20 11:58:06 AM,Microsoft-Windows-DHCPv6-Client,51047,Service State Event,DHCPv6 client service is stopped. ShutDown Flag value is 1
Information,10-Sep-20 11:58:06 AM,Microsoft-Windows-Dhcp-Client,50105,Service State Event,DHCPv4 client ProcessDHCPRequestForever received TERMINATE_EVENT
Information,10-Sep-20 11:58:06 AM,Microsoft-Windows-Dhcp-Client,50104,Service State Event,DHCPv4 client received shutdown notification
Information,10-Sep-20 11:58:06 AM,EventLog,6006,None,The Event log service was stopped.
Information,10-Sep-20 11:57:08 AM,Microsoft-Windows-Winlogon,7002,(1102),User Logoff Notification for Customer Experience Improvement Program
Error,10-Sep-20 11:57:06 AM,Microsoft-Windows-DistributedCOM,10005,None,"DCOM got error ""1053"" attempting to start the service BcastDVRUserService_2b772 with arguments ""Unavailable"" in order to run the server:
Windows.Media.Capture.Internal.AppCaptureShell"
Error,10-Sep-20 11:57:06 AM,Service Control Manager,7000,None,"The BcastDVRUserService_2b772 service failed to start due to the following error: 
The service did not respond to the start or control request in a timely fashion."
Error,10-Sep-20 11:57:06 AM,Service Control Manager,7009,None,A timeout was reached (30000 milliseconds) while waiting for the BcastDVRUserService_2b772 service to connect.
Error,10-Sep-20 11:57:06 AM,Microsoft-Windows-DistributedCOM,10010,None,The server {AB8902B4-09CA-4BB6-B78D-A8F59079A8D5} did not register with DCOM within the required timeout.
Information,10-Sep-20 11:57:06 AM,User32,1074,None,"The process C:\WINDOWS\system32\MusNotificationUx.exe (DESKTOP-C1R04V7) has initiated the restart of computer DESKTOP-C1R04V7 on behalf of user DESKTOP-C1R04V7\sakov for the following reason: Operētājsistēma: servisa pakotne (plānota)
 Reason Code: 0x80020010
 Shutdown Type: restart
 Comment: "
Warning,10-Sep-20 11:48:20 AM,Microsoft-Windows-DistributedCOM,10016,None,"The application-specific permission settings do not grant Local Activation permission for the COM Server application with CLSID 
{2593F8B9-4EAF-457C-B68A-50F6B8EA6B54}
 and APPID 
{15C20B67-12E7-4BB6-92BB-7AFF07997402}
 to the user DESKTOP-C1R04V7\sakov SID (S-1-5-21-1674230623-2899171402-1259877898-1001) from address LocalHost (Using LRPC) running in the application container Unavailable SID (Unavailable). This security permission can be modified using the Component Services administrative tool."
Warning,10-Sep-20 11:36:46 AM,Microsoft-Windows-DistributedCOM,10016,None,"The application-specific permission settings do not grant Local Activation permission for the COM Server application with CLSID 
{2593F8B9-4EAF-457C-B68A-50F6B8EA6B54}
 and APPID 
{15C20B67-12E7-4BB6-92BB-7AFF07997402}
 to the user DESKTOP-C1R04V7\sakov SID (S-1-5-21-1674230623-2899171402-1259877898-1001) from address LocalHost (Using LRPC) running in the application container Unavailable SID (Unavailable). This security permission can be modified using the Component Services administrative tool."
Information,10-Sep-20 11:34:23 AM,Service Control Manager,7040,None,The start type of the Background Intelligent Transfer Service service was changed from startēt automātiski to pieprasīt startēšanu.
Information,10-Sep-20 11:32:18 AM,Service Control Manager,7040,None,The start type of the Background Intelligent Transfer Service service was changed from pieprasīt startēšanu to startēt automātiski.
Warning,10-Sep-20 11:27:49 AM,Microsoft-Windows-DistributedCOM,10016,None,"The application-specific permission settings do not grant Local Activation permission for the COM Server application with CLSID 
{2593F8B9-4EAF-457C-B68A-50F6B8EA6B54}
 and APPID 
{15C20B67-12E7-4BB6-92BB-7AFF07997402}
 to the user DESKTOP-C1R04V7\sakov SID (S-1-5-21-1674230623-2899171402-1259877898-1001) from address LocalHost (Using LRPC) running in the application container Unavailable SID (Unavailable). This security permission can be modified using the Component Services administrative tool."
Warning,10-Sep-20 11:21:28 AM,Microsoft-Windows-DistributedCOM,10016,None,"The application-specific permission settings do not grant Local Activation permission for the COM Server application with CLSID 
{2593F8B9-4EAF-457C-B68A-50F6B8EA6B54}
 and APPID 
{15C20B67-12E7-4BB6-92BB-7AFF07997402}
 to the user DESKTOP-C1R04V7\sakov SID (S-1-5-21-1674230623-2899171402-1259877898-1001) from address LocalHost (Using LRPC) running in the application container Unavailable SID (Unavailable). This security permission can be modified using the Component Services administrative tool."
Warning,10-Sep-20 11:21:05 AM,Microsoft-Windows-DistributedCOM,10016,None,"The application-specific permission settings do not grant Local Activation permission for the COM Server application with CLSID 
{2593F8B9-4EAF-457C-B68A-50F6B8EA6B54}
 and APPID 
{15C20B67-12E7-4BB6-92BB-7AFF07997402}
 to the user DESKTOP-C1R04V7\sakov SID (S-1-5-21-1674230623-2899171402-1259877898-1001) from address LocalHost (Using LRPC) running in the application container Unavailable SID (Unavailable). This security permission can be modified using the Component Services administrative tool."
Warning,10-Sep-20 11:18:42 AM,Microsoft-Windows-DistributedCOM,10016,None,"The application-specific permission settings do not grant Local Activation permission for the COM Server application with CLSID 
{2593F8B9-4EAF-457C-B68A-50F6B8EA6B54}
 and APPID 
{15C20B67-12E7-4BB6-92BB-7AFF07997402}
 to the user DESKTOP-C1R04V7\sakov SID (S-1-5-21-1674230623-2899171402-1259877898-1001) from address LocalHost (Using LRPC) running in the application container Unavailable SID (Unavailable). This security permission can be modified using the Component Services administrative tool."
Warning,10-Sep-20 11:16:04 AM,Microsoft-Windows-DistributedCOM,10016,None,"The application-specific permission settings do not grant Local Activation permission for the COM Server application with CLSID 
{2593F8B9-4EAF-457C-B68A-50F6B8EA6B54}
 and APPID 
{15C20B67-12E7-4BB6-92BB-7AFF07997402}
 to the user DESKTOP-C1R04V7\sakov SID (S-1-5-21-1674230623-2899171402-1259877898-1001) from address LocalHost (Using LRPC) running in the application container Unavailable SID (Unavailable). This security permission can be modified using the Component Services administrative tool."
Information,10-Sep-20 11:15:46 AM,Service Control Manager,7040,None,The start type of the Background Intelligent Transfer Service service was changed from startēt automātiski to pieprasīt startēšanu.
Warning,10-Sep-20 11:14:40 AM,Microsoft-Windows-DistributedCOM,10016,None,"The application-specific permission settings do not grant Local Activation permission for the COM Server application with CLSID 
{2593F8B9-4EAF-457C-B68A-50F6B8EA6B54}
 and APPID 
{15C20B67-12E7-4BB6-92BB-7AFF07997402}
 to the user DESKTOP-C1R04V7\sakov SID (S-1-5-21-1674230623-2899171402-1259877898-1001) from address LocalHost (Using LRPC) running in the application container Unavailable SID (Unavailable). This security permission can be modified using the Component Services administrative tool."
Warning,10-Sep-20 11:14:40 AM,Microsoft-Windows-DistributedCOM,10016,None,"The application-specific permission settings do not grant Local Activation permission for the COM Server application with CLSID 
{2593F8B9-4EAF-457C-B68A-50F6B8EA6B54}
 and APPID 
{15C20B67-12E7-4BB6-92BB-7AFF07997402}
 to the user DESKTOP-C1R04V7\sakov SID (S-1-5-21-1674230623-2899171402-1259877898-1001) from address LocalHost (Using LRPC) running in the application container Unavailable SID (Unavailable). This security permission can be modified using the Component Services administrative tool."
Information,10-Sep-20 11:13:14 AM,Service Control Manager,7040,None,The start type of the Background Intelligent Transfer Service service was changed from pieprasīt startēšanu to startēt automātiski.
Warning,10-Sep-20 11:12:14 AM,Microsoft-Windows-DistributedCOM,10016,None,"The application-specific permission settings do not grant Local Activation permission for the COM Server application with CLSID 
{2593F8B9-4EAF-457C-B68A-50F6B8EA6B54}
 and APPID 
{15C20B67-12E7-4BB6-92BB-7AFF07997402}
 to the user DESKTOP-C1R04V7\sakov SID (S-1-5-21-1674230623-2899171402-1259877898-1001) from address LocalHost (Using LRPC) running in the application container Unavailable SID (Unavailable). This security permission can be modified using the Component Services administrative tool."
Information,10-Sep-20 10:15:44 AM,Service Control Manager,7040,None,The start type of the Background Intelligent Transfer Service service was changed from startēt automātiski to pieprasīt startēšanu.
Information,10-Sep-20 10:13:40 AM,Microsoft-Windows-Kernel-General,16,None,The access history in hive \??\C:\ProgramData\Microsoft\Provisioning\Microsoft-Desktop-Provisioning-Sequence.dat was cleared updating 0 keys and creating 0 modified pages.
Information,10-Sep-20 10:13:39 AM,Service Control Manager,7040,None,The start type of the Background Intelligent Transfer Service service was changed from pieprasīt startēšanu to startēt automātiski.
Information,10-Sep-20 10:10:30 AM,Service Control Manager,7040,None,The start type of the Background Intelligent Transfer Service service was changed from startēt automātiski to pieprasīt startēšanu.
Information,10-Sep-20 10:09:34 AM,Microsoft-Windows-WindowsUpdateClient,43,Windows Update Agent,Installation Started: Windows has started installing the following update: 2020-09 Kumulatīvais atjauninājums operētājsistēmai Windows 10 Version 2004 x64 sistēmām (KB4571756)
Information,10-Sep-20 10:06:37 AM,Service Control Manager,7040,None,The start type of the Windows Modules Installer service was changed from pieprasīt startēšanu to startēt automātiski.
Information,10-Sep-20 10:06:35 AM,Microsoft-Windows-WindowsUpdateClient,43,Windows Update Agent,Installation Started: Windows has started installing the following update: 2020-09 kumulatīvā atjauninājuma priekšskatījums komponentam .NET Framework 3.5 un 4.8 operētājsistēmai Windows 10 Version 2004 x64 sistēmām (KB4576478)
Information,10-Sep-20 10:06:32 AM,Microsoft-Windows-WindowsUpdateClient,19,Windows Update Agent,Installation Successful: Windows successfully installed the following update: Windows ļaunprātīgas programmatūras noņemšanas rīks x64 – v5.83 (KB890830)
Information,10-Sep-20 10:05:41 AM,Service Control Manager,7040,None,The start type of the Windows Modules Installer service was changed from startēt automātiski to pieprasīt startēšanu.
Information,10-Sep-20 10:05:39 AM,Service Control Manager,7040,None,The start type of the Windows Modules Installer service was changed from pieprasīt startēšanu to startēt automātiski.
Information,10-Sep-20 10:05:36 AM,Microsoft-Windows-WindowsUpdateClient,43,Windows Update Agent,Installation Started: Windows has started installing the following update: Windows ļaunprātīgas programmatūras noņemšanas rīks x64 – v5.83 (KB890830)
Information,10-Sep-20 10:05:36 AM,Microsoft-Windows-WindowsUpdateClient,19,Windows Update Agent,Installation Successful: Windows successfully installed the following update: Drošības informācijas atjauninājums produktam Microsoft Defender Antivirus - KB2267602 (versija 1.323.856.0)
Information,10-Sep-20 10:05:28 AM,Microsoft-Windows-WindowsUpdateClient,43,Windows Update Agent,Installation Started: Windows has started installing the following update: Drošības informācijas atjauninājums produktam Microsoft Defender Antivirus - KB2267602 (versija 1.323.856.0)
Information,10-Sep-20 10:05:28 AM,Microsoft-Windows-WindowsUpdateClient,44,Windows Update Agent,Windows Update started downloading an update.
Information,10-Sep-20 10:05:28 AM,Microsoft-Windows-WindowsUpdateClient,44,Windows Update Agent,Windows Update started downloading an update.
Information,10-Sep-20 10:05:28 AM,Microsoft-Windows-WindowsUpdateClient,44,Windows Update Agent,Windows Update started downloading an update.
Information,10-Sep-20 10:05:28 AM,Microsoft-Windows-WindowsUpdateClient,44,Windows Update Agent,Windows Update started downloading an update.
Warning,10-Sep-20 10:04:44 AM,Microsoft-Windows-DistributedCOM,10016,None,"The application-specific permission settings do not grant Local Launch permission for the COM Server application with CLSID 
Windows.SecurityCenter.WscDataProtection
 and APPID 
Unavailable
 to the user NT AUTHORITY\SYSTEM SID (S-1-5-18) from address LocalHost (Using LRPC) running in the application container Unavailable SID (Unavailable). This security permission can be modified using the Component Services administrative tool."
Warning,10-Sep-20 10:04:44 AM,Microsoft-Windows-DistributedCOM,10016,None,"The application-specific permission settings do not grant Local Launch permission for the COM Server application with CLSID 
Windows.SecurityCenter.WscBrokerManager
 and APPID 
Unavailable
 to the user NT AUTHORITY\SYSTEM SID (S-1-5-18) from address LocalHost (Using LRPC) running in the application container Unavailable SID (Unavailable). This security permission can be modified using the Component Services administrative tool."
Warning,10-Sep-20 10:04:44 AM,Microsoft-Windows-DistributedCOM,10016,None,"The application-specific permission settings do not grant Local Launch permission for the COM Server application with CLSID 
Windows.SecurityCenter.SecurityAppBroker
 and APPID 
Unavailable
 to the user NT AUTHORITY\SYSTEM SID (S-1-5-18) from address LocalHost (Using LRPC) running in the application container Unavailable SID (Unavailable). This security permission can be modified using the Component Services administrative tool."
Warning,10-Sep-20 10:03:03 AM,Microsoft-Windows-DistributedCOM,10016,None,"The application-specific permission settings do not grant Local Activation permission for the COM Server application with CLSID 
{2593F8B9-4EAF-457C-B68A-50F6B8EA6B54}
 and APPID 
{15C20B67-12E7-4BB6-92BB-7AFF07997402}
 to the user DESKTOP-C1R04V7\sakov SID (S-1-5-21-1674230623-2899171402-1259877898-1001) from address LocalHost (Using LRPC) running in the application container SpotifyAB.SpotifyMusic_1.141.634.0_x86__zpdnekdrzrea0 SID (Unavailable). This security permission can be modified using the Component Services administrative tool."
Warning,10-Sep-20 10:03:03 AM,Microsoft-Windows-DistributedCOM,10016,None,"The application-specific permission settings do not grant Local Activation permission for the COM Server application with CLSID 
{2593F8B9-4EAF-457C-B68A-50F6B8EA6B54}
 and APPID 
{15C20B67-12E7-4BB6-92BB-7AFF07997402}
 to the user DESKTOP-C1R04V7\sakov SID (S-1-5-21-1674230623-2899171402-1259877898-1001) from address LocalHost (Using LRPC) running in the application container Unavailable SID (Unavailable). This security permission can be modified using the Component Services administrative tool."
Warning,10-Sep-20 10:03:02 AM,Microsoft-Windows-DistributedCOM,10016,None,"The application-specific permission settings do not grant Local Activation permission for the COM Server application with CLSID 
{2593F8B9-4EAF-457C-B68A-50F6B8EA6B54}
 and APPID 
{15C20B67-12E7-4BB6-92BB-7AFF07997402}
 to the user DESKTOP-C1R04V7\sakov SID (S-1-5-21-1674230623-2899171402-1259877898-1001) from address LocalHost (Using LRPC) running in the application container Unavailable SID (Unavailable). This security permission can be modified using the Component Services administrative tool."
Warning,10-Sep-20 10:03:01 AM,Microsoft-Windows-DistributedCOM,10016,None,"The application-specific permission settings do not grant Local Launch permission for the COM Server application with CLSID 
Windows.SecurityCenter.WscCloudBackupProvider
 and APPID 
Unavailable
 to the user DESKTOP-C1R04V7\sakov SID (S-1-5-21-1674230623-2899171402-1259877898-1001) from address LocalHost (Using LRPC) running in the application container Unavailable SID (Unavailable). This security permission can be modified using the Component Services administrative tool."
Warning,10-Sep-20 10:02:46 AM,Netwtw08,6062,None,6062 - Lso was triggered
Information,10-Sep-20 10:02:45 AM,Netwtw08,7021,None,7021 - Connection telemetry fields and analysis usage
Information,10-Sep-20 10:02:43 AM,Microsoft-Windows-FilterManager,6,None,"File System Filter 'gameflt' (10.0, ‎2097‎-‎12‎-‎16T00:14:12.000000000Z) has successfully loaded and registered with Filter Manager."
Information,10-Sep-20 10:02:43 AM,Service Control Manager,7026,None,"The following boot-start or system-start driver(s) did not load: 
dam"
Information,10-Sep-20 10:02:42 AM,Microsoft-Windows-Kernel-General,16,None,The access history in hive \??\C:\ProgramData\Microsoft\Windows\WindowsApps\Microsoft.GamingServices_2.44.30001.0_x64__8wekyb3d8bbwe\Cache\4481182b217161ca_COM15.dat was cleared updating 1 keys and creating 1 modified pages.
Warning,10-Sep-20 10:02:42 AM,Microsoft-Windows-DistributedCOM,10016,None,"The application-specific permission settings do not grant Local Activation permission for the COM Server application with CLSID 
{6B3B8D23-FA8D-40B9-8DBD-B950333E2C52}
 and APPID 
{4839DDB7-58C2-48F5-8283-E1D1807D0D7D}
 to the user NT AUTHORITY\LOCAL SERVICE SID (S-1-5-19) from address LocalHost (Using LRPC) running in the application container Unavailable SID (Unavailable). This security permission can be modified using the Component Services administrative tool."
Warning,10-Sep-20 10:02:42 AM,Microsoft-Windows-DistributedCOM,10016,None,"The application-specific permission settings do not grant Local Activation permission for the COM Server application with CLSID 
{6B3B8D23-FA8D-40B9-8DBD-B950333E2C52}
 and APPID 
{4839DDB7-58C2-48F5-8283-E1D1807D0D7D}
 to the user NT AUTHORITY\LOCAL SERVICE SID (S-1-5-19) from address LocalHost (Using LRPC) running in the application container Unavailable SID (Unavailable). This security permission can be modified using the Component Services administrative tool."
Information,10-Sep-20 10:02:42 AM,Microsoft-Windows-WLAN-AutoConfig,10001,None,"WLAN Extensibility Module has successfully started.

Module Path: C:\WINDOWS\system32\IntelIHVRouter08.dll
"
Information,10-Sep-20 10:02:41 AM,Microsoft-Windows-WLAN-AutoConfig,4000,None,"WLAN AutoConfig service has successfully started.
"
Information,10-Sep-20 10:02:41 AM,Microsoft-Windows-Kernel-General,15,(10),Hive \SystemRoot\System32\config\DRIVERS was reorganized with a starting size of 5894144 bytes and an ending size of 5939200 bytes.
Information,10-Sep-20 10:02:41 AM,Microsoft-Windows-Winlogon,7001,(1101),User Logon Notification for Customer Experience Improvement Program
Information,10-Sep-20 10:02:41 AM,Microsoft-Windows-FilterManager,6,None,"File System Filter 'bindflt' (10.0, ‎2090‎-‎10‎-‎31T12:47:32.000000000Z) has successfully loaded and registered with Filter Manager."
Information,10-Sep-20 10:02:41 AM,Microsoft-Windows-FilterManager,6,None,"File System Filter 'storqosflt' (10.0, ‎2007‎-‎04‎-‎09T11:08:30.000000000Z) has successfully loaded and registered with Filter Manager."
Information,10-Sep-20 10:02:40 AM,Microsoft-Windows-FilterManager,6,None,"File System Filter 'CldFlt' (10.0, ‎1994‎-‎04‎-‎04T15:13:14.000000000Z) has successfully loaded and registered with Filter Manager."
Information,10-Sep-20 10:02:40 AM,Microsoft-Windows-FilterManager,1,None,"File System Filter 'CldFlt' (Version 10.0, ‎1994‎-‎04‎-‎04T15:13:14.000000000Z) unloaded successfully."
Information,10-Sep-20 10:02:40 AM,Microsoft-Windows-FilterManager,6,None,"File System Filter 'CldFlt' (10.0, ‎1994‎-‎04‎-‎04T15:13:14.000000000Z) has successfully loaded and registered with Filter Manager."
Information,10-Sep-20 10:02:40 AM,Microsoft-Windows-Kernel-General,16,None,The access history in hive \SystemRoot\System32\Config\bbimigrate\BBI was cleared updating 1 keys and creating 1 modified pages.
Information,10-Sep-20 10:02:40 AM,Microsoft-Windows-DHCPv6-Client,51046,Service State Event,DHCPv6 client service is started
Information,10-Sep-20 10:02:40 AM,Microsoft-Windows-FilterManager,6,None,"File System Filter 'wcifs' (10.0, ‎2027‎-‎01‎-‎31T19:32:49.000000000Z) has successfully loaded and registered with Filter Manager."
Information,10-Sep-20 10:02:40 AM,Microsoft-Windows-FilterManager,6,None,"File System Filter 'luafv' (10.0, ‎2016‎-‎01‎-‎23T19:15:51.000000000Z) has successfully loaded and registered with Filter Manager."
Information,10-Sep-20 10:02:40 AM,Microsoft-Windows-Dhcp-Client,50103,Service State Event,DHCPv4 client registered for shutdown notification
Information,10-Sep-20 10:02:40 AM,Microsoft-Windows-Dhcp-Client,50036,Service State Event,DHCPv4 client service is started
Information,10-Sep-20 10:02:39 AM,Microsoft-Windows-Directory-Services-SAM,16977,None,"The domain is configured with the following minimum password length-related settings.

MinimumPasswordLength: 0

RelaxMinimumPasswordLengthLimits: 0

MinimumPasswordLengthAudit: -1

For more information see https://go.microsoft.com/fwlink/?LinkId=2097191.
"
Information,10-Sep-20 10:02:39 AM,Microsoft-Windows-Directory-Services-SAM,16962,None,"Remote calls to the SAM database are being restricted using the default security descriptor: O:SYG:SYD:(A;;RC;;;BA).
For more information please see http://go.microsoft.com/fwlink/?LinkId=787651."
Information,10-Sep-20 10:02:39 AM,Microsoft-Windows-Wininit,14,None,"Credential Guard configuration: 0x0, 0"
Information,10-Sep-20 10:02:31 AM,BTHUSB,18,None,Windows cannot store Bluetooth authentication codes (link keys) on the local adapter. Bluetooth keyboards might not work in the system BIOS during startup.
Information,10-Sep-20 10:02:30 AM,Netwtw08,7017,None,7017 - secure boot (SB) configuration
Information,10-Sep-20 10:02:30 AM,Netwtw08,7010,None,7010 - driver enabled (miniport init)
Information,10-Sep-20 10:02:30 AM,Netwtw08,7005,None,7005 - SAR value max TX power (WRDS)
Information,10-Sep-20 10:02:30 AM,Netwtw08,7036,None,The \Device\NDMP2 service entered the Intel(R) Wireless-AC 9260 160MHz state.
Information,10-Sep-20 10:02:29 AM,Microsoft-Windows-Kernel-Processor-Power,55,(47),"Processor 11 in group 0 exposes the following power management capabilities:

Idle state type: ACPI Idle (C) States (2 state(s))

Performance state type: ACPI Performance (P) / Throttle (T) States
Nominal Frequency (MHz): 3400
Maximum performance percentage: 100
Minimum performance percentage: 45
Minimum throttle percentage: 45"
Information,10-Sep-20 10:02:29 AM,Microsoft-Windows-Kernel-Processor-Power,55,(47),"Processor 10 in group 0 exposes the following power management capabilities:

Idle state type: ACPI Idle (C) States (2 state(s))

Performance state type: ACPI Performance (P) / Throttle (T) States
Nominal Frequency (MHz): 3400
Maximum performance percentage: 100
Minimum performance percentage: 45
Minimum throttle percentage: 45"
Information,10-Sep-20 10:02:29 AM,Microsoft-Windows-Kernel-Processor-Power,55,(47),"Processor 9 in group 0 exposes the following power management capabilities:

Idle state type: ACPI Idle (C) States (2 state(s))

Performance state type: ACPI Performance (P) / Throttle (T) States
Nominal Frequency (MHz): 3400
Maximum performance percentage: 100
Minimum performance percentage: 45
Minimum throttle percentage: 45"
Information,10-Sep-20 10:02:29 AM,Microsoft-Windows-Kernel-Processor-Power,55,(47),"Processor 8 in group 0 exposes the following power management capabilities:

Idle state type: ACPI Idle (C) States (2 state(s))

Performance state type: ACPI Performance (P) / Throttle (T) States
Nominal Frequency (MHz): 3400
Maximum performance percentage: 100
Minimum performance percentage: 45
Minimum throttle percentage: 45"
Information,10-Sep-20 10:02:29 AM,Microsoft-Windows-Kernel-Processor-Power,55,(47),"Processor 7 in group 0 exposes the following power management capabilities:

Idle state type: ACPI Idle (C) States (2 state(s))

Performance state type: ACPI Performance (P) / Throttle (T) States
Nominal Frequency (MHz): 3400
Maximum performance percentage: 100
Minimum performance percentage: 45
Minimum throttle percentage: 45"
Information,10-Sep-20 10:02:29 AM,Microsoft-Windows-Kernel-Processor-Power,55,(47),"Processor 6 in group 0 exposes the following power management capabilities:

Idle state type: ACPI Idle (C) States (2 state(s))

Performance state type: ACPI Performance (P) / Throttle (T) States
Nominal Frequency (MHz): 3400
Maximum performance percentage: 100
Minimum performance percentage: 45
Minimum throttle percentage: 45"
Information,10-Sep-20 10:02:29 AM,Microsoft-Windows-Kernel-Processor-Power,55,(47),"Processor 5 in group 0 exposes the following power management capabilities:

Idle state type: ACPI Idle (C) States (2 state(s))

Performance state type: ACPI Performance (P) / Throttle (T) States
Nominal Frequency (MHz): 3400
Maximum performance percentage: 100
Minimum performance percentage: 45
Minimum throttle percentage: 45"
Information,10-Sep-20 10:02:29 AM,Microsoft-Windows-Kernel-Processor-Power,55,(47),"Processor 4 in group 0 exposes the following power management capabilities:

Idle state type: ACPI Idle (C) States (2 state(s))

Performance state type: ACPI Performance (P) / Throttle (T) States
Nominal Frequency (MHz): 3400
Maximum performance percentage: 100
Minimum performance percentage: 45
Minimum throttle percentage: 45"
Information,10-Sep-20 10:02:29 AM,Microsoft-Windows-Kernel-Processor-Power,55,(47),"Processor 3 in group 0 exposes the following power management capabilities:

Idle state type: ACPI Idle (C) States (2 state(s))

Performance state type: ACPI Performance (P) / Throttle (T) States
Nominal Frequency (MHz): 3400
Maximum performance percentage: 100
Minimum performance percentage: 45
Minimum throttle percentage: 45"
Information,10-Sep-20 10:02:29 AM,Microsoft-Windows-Kernel-Processor-Power,55,(47),"Processor 2 in group 0 exposes the following power management capabilities:

Idle state type: ACPI Idle (C) States (2 state(s))

Performance state type: ACPI Performance (P) / Throttle (T) States
Nominal Frequency (MHz): 3400
Maximum performance percentage: 100
Minimum performance percentage: 45
Minimum throttle percentage: 45"
Information,10-Sep-20 10:02:29 AM,Microsoft-Windows-Kernel-Processor-Power,55,(47),"Processor 1 in group 0 exposes the following power management capabilities:

Idle state type: ACPI Idle (C) States (2 state(s))

Performance state type: ACPI Performance (P) / Throttle (T) States
Nominal Frequency (MHz): 3400
Maximum performance percentage: 100
Minimum performance percentage: 45
Minimum throttle percentage: 45"
Information,10-Sep-20 10:02:29 AM,Microsoft-Windows-Kernel-Processor-Power,55,(47),"Processor 0 in group 0 exposes the following power management capabilities:

Idle state type: ACPI Idle (C) States (2 state(s))

Performance state type: ACPI Performance (P) / Throttle (T) States
Nominal Frequency (MHz): 3400
Maximum performance percentage: 100
Minimum performance percentage: 45
Minimum throttle percentage: 45"
Information,10-Sep-20 10:02:29 AM,Microsoft-Windows-Kernel-General,24,(11),The time zone information was refreshed with exit reason 0. Current time zone bias is 420.
Information,10-Sep-20 10:02:28 AM,Microsoft-Windows-Ntfs,98,None,Volume E: (\Device\HarddiskVolume2) is healthy.  No action is needed.
Information,10-Sep-20 10:02:28 AM,Microsoft-Windows-Ntfs,98,None,Volume \\?\Volume{e77e4054-d94f-409a-b7a5-1934afc8f2e8} (\Device\HarddiskVolume5) is healthy.  No action is needed.
Information,10-Sep-20 10:02:28 AM,Microsoft-Windows-Ntfs,98,None,Volume D: (\Device\HarddiskVolume1) is healthy.  No action is needed.
Information,10-Sep-20 10:02:27 AM,Microsoft-Windows-Kernel-Power,172,(203),"Connectivity state in standby: Disconnected, Reason: NIC compliance"
Information,10-Sep-20 10:02:27 AM,Microsoft-Windows-FilterManager,6,None,"File System Filter 'npsvctrig' (10.0, ‎2025‎-‎01‎-‎05T19:41:12.000000000Z) has successfully loaded and registered with Filter Manager."
Information,10-Sep-20 10:02:26 AM,Microsoft-Windows-FilterManager,6,None,"File System Filter 'FileCrypt' (10.0, ‎2002‎-‎03‎-‎01T04:12:42.000000000Z) has successfully loaded and registered with Filter Manager."
Information,10-Sep-20 10:02:24 AM,Microsoft-Windows-Ntfs,98,None,Volume C: (\Device\HarddiskVolume4) is healthy.  No action is needed.
Information,10-Sep-20 10:02:23 AM,Microsoft-Windows-FilterManager,6,None,"File System Filter 'WdFilter' (10.0, ‎2012‎-‎07‎-‎05T15:48:10.000000000Z) has successfully loaded and registered with Filter Manager."
Information,10-Sep-20 10:02:23 AM,Microsoft-Windows-FilterManager,6,None,"File System Filter 'Wof' (10.0, ‎2050‎-‎10‎-‎18T06:21:08.000000000Z) has successfully loaded and registered with Filter Manager."
Information,10-Sep-20 10:02:23 AM,Microsoft-Windows-FilterManager,6,None,"File System Filter 'FileInfo' (10.0, ‎2062‎-‎12‎-‎22T22:21:06.000000000Z) has successfully loaded and registered with Filter Manager."
Information,10-Sep-20 10:02:22 AM,Microsoft-Windows-HAL,16,None,The iommu fault reporting has been initialized.
Information,10-Sep-20 10:02:22 AM,Microsoft-Windows-Kernel-General,20,(6),"The leap second configuration has been updated.
Reason: Leap second data initialized from registry during boot
Leap seconds enabled: true
New leap second count: 0
Old leap second count: 0"
Information,10-Sep-20 10:02:22 AM,Microsoft-Windows-Kernel-Boot,30,(21),The firmware reported boot metrics.
Information,10-Sep-20 10:02:22 AM,Microsoft-Windows-Kernel-Boot,32,(58),The bootmgr spent 0 ms waiting for user input.
Information,10-Sep-20 10:02:22 AM,Microsoft-Windows-Kernel-Boot,18,(57),There are 0x1 boot options on this system.
Information,10-Sep-20 10:02:22 AM,Microsoft-Windows-Kernel-Boot,27,(33),The boot type was 0x0.
Information,10-Sep-20 10:02:22 AM,Microsoft-Windows-Kernel-Boot,25,(32),The boot menu policy was 0x1.
Information,10-Sep-20 10:02:22 AM,Microsoft-Windows-Kernel-Boot,238,(101),EFI time zone bias: 2047. Daylight flags: 0
Information,10-Sep-20 10:02:22 AM,Microsoft-Windows-Kernel-Boot,20,(31),The last shutdown's success status was true. The last boot's success status was true.
Information,10-Sep-20 10:02:22 AM,Microsoft-Windows-Kernel-Boot,153,(62),Virtualization-based security (policies: 0) is disabled.
Information,10-Sep-20 10:02:22 AM,Microsoft-Windows-Kernel-General,12,(1),The operating system started at system time ‎2020‎-‎09‎-‎10T17:02:22.500000000Z.
Information,10-Sep-20 12:15:02 AM,Microsoft-Windows-Kernel-General,13,(2),The operating system is shutting down at system time ‎2020‎-‎09‎-‎10T07:15:02.880106100Z.
Information,10-Sep-20 12:14:58 AM,Microsoft-Windows-Kernel-Power,109,(103),"The kernel power manager has initiated a shutdown transition.

Shutdown Reason: Kernel API"
Information,10-Sep-20 12:14:53 AM,Microsoft-Windows-Kernel-General,16,None,The access history in hive \??\C:\WINDOWS\AppCompat\Programs\Amcache.hve was cleared updating 1601 keys and creating 631 modified pages.
Information,10-Sep-20 12:14:53 AM,Microsoft-Windows-WLAN-AutoConfig,4001,None,"WLAN AutoConfig service has successfully stopped.
"
Warning,10-Sep-20 12:14:53 AM,Microsoft-Windows-WLAN-AutoConfig,10002,None,"WLAN Extensibility Module has stopped.

Module Path: C:\WINDOWS\system32\IntelIHVRouter08.dll
"
Information,10-Sep-20 10:02:40 AM,EventLog,6013,None,The system uptime is 18 seconds.
Information,10-Sep-20 10:02:40 AM,EventLog,6005,None,The Event log service was started.
Information,10-Sep-20 10:02:40 AM,EventLog,6009,None,Microsoft (R) Windows (R) 10.00. 19041  Multiprocessor Free.
Information,10-Sep-20 12:14:53 AM,Microsoft-Windows-Dhcp-Client,50037,Service State Event,DHCPv4 client service is stopped. ShutDown Flag value is 1
Information,10-Sep-20 12:14:53 AM,Microsoft-Windows-Dhcp-Client,50106,Service State Event,DHCPv4 is waiting on DHCPv6 service to stop
Information,10-Sep-20 12:14:53 AM,Microsoft-Windows-DHCPv6-Client,51057,Service State Event,DHCPv6 client service stop is almost done.DHCP Context Ref count is 1
Information,10-Sep-20 12:14:53 AM,Microsoft-Windows-DHCPv6-Client,51047,Service State Event,DHCPv6 client service is stopped. ShutDown Flag value is 1
Information,10-Sep-20 12:14:53 AM,Microsoft-Windows-Dhcp-Client,50105,Service State Event,DHCPv4 client ProcessDHCPRequestForever received TERMINATE_EVENT
Information,10-Sep-20 12:14:53 AM,Microsoft-Windows-Dhcp-Client,50104,Service State Event,DHCPv4 client received shutdown notification
Information,10-Sep-20 12:14:53 AM,EventLog,6006,None,The Event log service was stopped.
Information,10-Sep-20 12:14:51 AM,Microsoft-Windows-Winlogon,7002,(1102),User Logoff Notification for Customer Experience Improvement Program
Error,10-Sep-20 12:14:50 AM,Microsoft-Windows-DistributedCOM,10010,None,The server {AB8902B4-09CA-4BB6-B78D-A8F59079A8D5} did not register with DCOM within the required timeout.
Warning,10-Sep-20 12:14:09 AM,Microsoft-Windows-DistributedCOM,10016,None,"The application-specific permission settings do not grant Local Activation permission for the COM Server application with CLSID 
{2593F8B9-4EAF-457C-B68A-50F6B8EA6B54}
 and APPID 
{15C20B67-12E7-4BB6-92BB-7AFF07997402}
 to the user DESKTOP-C1R04V7\sakov SID (S-1-5-21-1674230623-2899171402-1259877898-1001) from address LocalHost (Using LRPC) running in the application container Unavailable SID (Unavailable). This security permission can be modified using the Component Services administrative tool."
Warning,10-Sep-20 12:13:43 AM,Microsoft-Windows-DistributedCOM,10016,None,"The application-specific permission settings do not grant Local Activation permission for the COM Server application with CLSID 
{2593F8B9-4EAF-457C-B68A-50F6B8EA6B54}
 and APPID 
{15C20B67-12E7-4BB6-92BB-7AFF07997402}
 to the user DESKTOP-C1R04V7\sakov SID (S-1-5-21-1674230623-2899171402-1259877898-1001) from address LocalHost (Using LRPC) running in the application container Unavailable SID (Unavailable). This security permission can be modified using the Component Services administrative tool."
Warning,10-Sep-20 12:13:35 AM,Microsoft-Windows-DistributedCOM,10016,None,"The application-specific permission settings do not grant Local Activation permission for the COM Server application with CLSID 
{2593F8B9-4EAF-457C-B68A-50F6B8EA6B54}
 and APPID 
{15C20B67-12E7-4BB6-92BB-7AFF07997402}
 to the user DESKTOP-C1R04V7\sakov SID (S-1-5-21-1674230623-2899171402-1259877898-1001) from address LocalHost (Using LRPC) running in the application container Unavailable SID (Unavailable). This security permission can be modified using the Component Services administrative tool."
Warning,09-Sep-20 11:42:48 PM,Microsoft-Windows-DistributedCOM,10016,None,"The application-specific permission settings do not grant Local Activation permission for the COM Server application with CLSID 
{2593F8B9-4EAF-457C-B68A-50F6B8EA6B54}
 and APPID 
{15C20B67-12E7-4BB6-92BB-7AFF07997402}
 to the user DESKTOP-C1R04V7\sakov SID (S-1-5-21-1674230623-2899171402-1259877898-1001) from address LocalHost (Using LRPC) running in the application container Unavailable SID (Unavailable). This security permission can be modified using the Component Services administrative tool."
Warning,09-Sep-20 11:16:35 PM,Microsoft-Windows-DistributedCOM,10016,None,"The application-specific permission settings do not grant Local Activation permission for the COM Server application with CLSID 
{2593F8B9-4EAF-457C-B68A-50F6B8EA6B54}
 and APPID 
{15C20B67-12E7-4BB6-92BB-7AFF07997402}
 to the user DESKTOP-C1R04V7\sakov SID (S-1-5-21-1674230623-2899171402-1259877898-1001) from address LocalHost (Using LRPC) running in the application container Unavailable SID (Unavailable). This security permission can be modified using the Component Services administrative tool."
Warning,09-Sep-20 11:14:06 PM,Microsoft-Windows-DistributedCOM,10016,None,"The application-specific permission settings do not grant Local Activation permission for the COM Server application with CLSID 
{2593F8B9-4EAF-457C-B68A-50F6B8EA6B54}
 and APPID 
{15C20B67-12E7-4BB6-92BB-7AFF07997402}
 to the user DESKTOP-C1R04V7\sakov SID (S-1-5-21-1674230623-2899171402-1259877898-1001) from address LocalHost (Using LRPC) running in the application container Unavailable SID (Unavailable). This security permission can be modified using the Component Services administrative tool."
Warning,09-Sep-20 10:40:28 PM,Microsoft-Windows-DistributedCOM,10016,None,"The application-specific permission settings do not grant Local Activation permission for the COM Server application with CLSID 
{2593F8B9-4EAF-457C-B68A-50F6B8EA6B54}
 and APPID 
{15C20B67-12E7-4BB6-92BB-7AFF07997402}
 to the user DESKTOP-C1R04V7\sakov SID (S-1-5-21-1674230623-2899171402-1259877898-1001) from address LocalHost (Using LRPC) running in the application container Unavailable SID (Unavailable). This security permission can be modified using the Component Services administrative tool."
Warning,09-Sep-20 10:40:17 PM,Microsoft-Windows-DistributedCOM,10016,None,"The application-specific permission settings do not grant Local Activation permission for the COM Server application with CLSID 
{2593F8B9-4EAF-457C-B68A-50F6B8EA6B54}
 and APPID 
{15C20B67-12E7-4BB6-92BB-7AFF07997402}
 to the user DESKTOP-C1R04V7\sakov SID (S-1-5-21-1674230623-2899171402-1259877898-1001) from address LocalHost (Using LRPC) running in the application container Unavailable SID (Unavailable). This security permission can be modified using the Component Services administrative tool."
Warning,09-Sep-20 10:32:11 PM,Microsoft-Windows-DistributedCOM,10016,None,"The application-specific permission settings do not grant Local Activation permission for the COM Server application with CLSID 
{2593F8B9-4EAF-457C-B68A-50F6B8EA6B54}
 and APPID 
{15C20B67-12E7-4BB6-92BB-7AFF07997402}
 to the user DESKTOP-C1R04V7\sakov SID (S-1-5-21-1674230623-2899171402-1259877898-1001) from address LocalHost (Using LRPC) running in the application container Unavailable SID (Unavailable). This security permission can be modified using the Component Services administrative tool."
Warning,09-Sep-20 10:30:38 PM,Microsoft-Windows-DistributedCOM,10016,None,"The application-specific permission settings do not grant Local Activation permission for the COM Server application with CLSID 
{2593F8B9-4EAF-457C-B68A-50F6B8EA6B54}
 and APPID 
{15C20B67-12E7-4BB6-92BB-7AFF07997402}
 to the user DESKTOP-C1R04V7\sakov SID (S-1-5-21-1674230623-2899171402-1259877898-1001) from address LocalHost (Using LRPC) running in the application container Unavailable SID (Unavailable). This security permission can be modified using the Component Services administrative tool."
Warning,09-Sep-20 10:29:42 PM,Microsoft-Windows-DistributedCOM,10016,None,"The application-specific permission settings do not grant Local Activation permission for the COM Server application with CLSID 
{2593F8B9-4EAF-457C-B68A-50F6B8EA6B54}
 and APPID 
{15C20B67-12E7-4BB6-92BB-7AFF07997402}
 to the user DESKTOP-C1R04V7\sakov SID (S-1-5-21-1674230623-2899171402-1259877898-1001) from address LocalHost (Using LRPC) running in the application container Unavailable SID (Unavailable). This security permission can be modified using the Component Services administrative tool."
Warning,09-Sep-20 10:29:42 PM,Microsoft-Windows-DistributedCOM,10016,None,"The application-specific permission settings do not grant Local Activation permission for the COM Server application with CLSID 
{2593F8B9-4EAF-457C-B68A-50F6B8EA6B54}
 and APPID 
{15C20B67-12E7-4BB6-92BB-7AFF07997402}
 to the user DESKTOP-C1R04V7\sakov SID (S-1-5-21-1674230623-2899171402-1259877898-1001) from address LocalHost (Using LRPC) running in the application container Unavailable SID (Unavailable). This security permission can be modified using the Component Services administrative tool."
Information,09-Sep-20 10:17:17 PM,Microsoft-Windows-WindowsUpdateClient,19,Windows Update Agent,Installation Successful: Windows successfully installed the following update: Drošības informācijas atjauninājums produktam Microsoft Defender Antivirus - KB2267602 (versija 1.323.822.0)
Information,09-Sep-20 10:17:11 PM,Microsoft-Windows-WindowsUpdateClient,43,Windows Update Agent,Installation Started: Windows has started installing the following update: Drošības informācijas atjauninājums produktam Microsoft Defender Antivirus - KB2267602 (versija 1.323.822.0)
Information,09-Sep-20 10:17:11 PM,Microsoft-Windows-WindowsUpdateClient,44,Windows Update Agent,Windows Update started downloading an update.
Warning,09-Sep-20 9:54:35 PM,Microsoft-Windows-DistributedCOM,10016,None,"The application-specific permission settings do not grant Local Activation permission for the COM Server application with CLSID 
{2593F8B9-4EAF-457C-B68A-50F6B8EA6B54}
 and APPID 
{15C20B67-12E7-4BB6-92BB-7AFF07997402}
 to the user DESKTOP-C1R04V7\sakov SID (S-1-5-21-1674230623-2899171402-1259877898-1001) from address LocalHost (Using LRPC) running in the application container Unavailable SID (Unavailable). This security permission can be modified using the Component Services administrative tool."
Warning,09-Sep-20 9:45:17 PM,Microsoft-Windows-DistributedCOM,10016,None,"The application-specific permission settings do not grant Local Activation permission for the COM Server application with CLSID 
{2593F8B9-4EAF-457C-B68A-50F6B8EA6B54}
 and APPID 
{15C20B67-12E7-4BB6-92BB-7AFF07997402}
 to the user DESKTOP-C1R04V7\sakov SID (S-1-5-21-1674230623-2899171402-1259877898-1001) from address LocalHost (Using LRPC) running in the application container Unavailable SID (Unavailable). This security permission can be modified using the Component Services administrative tool."
Warning,09-Sep-20 9:19:40 PM,Microsoft-Windows-DistributedCOM,10016,None,"The application-specific permission settings do not grant Local Activation permission for the COM Server application with CLSID 
{2593F8B9-4EAF-457C-B68A-50F6B8EA6B54}
 and APPID 
{15C20B67-12E7-4BB6-92BB-7AFF07997402}
 to the user DESKTOP-C1R04V7\sakov SID (S-1-5-21-1674230623-2899171402-1259877898-1001) from address LocalHost (Using LRPC) running in the application container Unavailable SID (Unavailable). This security permission can be modified using the Component Services administrative tool."
Warning,09-Sep-20 9:12:33 PM,Microsoft-Windows-DistributedCOM,10016,None,"The application-specific permission settings do not grant Local Activation permission for the COM Server application with CLSID 
{2593F8B9-4EAF-457C-B68A-50F6B8EA6B54}
 and APPID 
{15C20B67-12E7-4BB6-92BB-7AFF07997402}
 to the user DESKTOP-C1R04V7\sakov SID (S-1-5-21-1674230623-2899171402-1259877898-1001) from address LocalHost (Using LRPC) running in the application container Unavailable SID (Unavailable). This security permission can be modified using the Component Services administrative tool."
Warning,09-Sep-20 8:37:18 PM,Microsoft-Windows-DistributedCOM,10016,None,"The application-specific permission settings do not grant Local Activation permission for the COM Server application with CLSID 
{2593F8B9-4EAF-457C-B68A-50F6B8EA6B54}
 and APPID 
{15C20B67-12E7-4BB6-92BB-7AFF07997402}
 to the user DESKTOP-C1R04V7\sakov SID (S-1-5-21-1674230623-2899171402-1259877898-1001) from address LocalHost (Using LRPC) running in the application container Unavailable SID (Unavailable). This security permission can be modified using the Component Services administrative tool."
Warning,09-Sep-20 8:22:39 PM,Microsoft-Windows-DistributedCOM,10016,None,"The application-specific permission settings do not grant Local Activation permission for the COM Server application with CLSID 
{2593F8B9-4EAF-457C-B68A-50F6B8EA6B54}
 and APPID 
{15C20B67-12E7-4BB6-92BB-7AFF07997402}
 to the user DESKTOP-C1R04V7\sakov SID (S-1-5-21-1674230623-2899171402-1259877898-1001) from address LocalHost (Using LRPC) running in the application container Unavailable SID (Unavailable). This security permission can be modified using the Component Services administrative tool."
Information,09-Sep-20 8:16:04 PM,Microsoft-Windows-Power-Troubleshooter,1,None,"The system has returned from a low power state.

Sleep Time: ‎2020‎-‎09‎-‎10T00:46:04.518039100Z
Wake Time: ‎2020‎-‎09‎-‎10T03:16:03.098193800Z

Wake Source: Power Button"
Information,09-Sep-20 8:16:02 PM,BTHUSB,18,None,Windows cannot store Bluetooth authentication codes (link keys) on the local adapter. Bluetooth keyboards might not work in the system BIOS during startup.
Warning,09-Sep-20 8:16:02 PM,Netwtw08,6062,None,6062 - Lso was triggered
Information,09-Sep-20 8:16:02 PM,Netwtw08,7021,None,7021 - Connection telemetry fields and analysis usage
Information,09-Sep-20 8:16:02 PM,Netwtw08,7026,None,7026 - Dump after return from D3 after cmd
Information,09-Sep-20 8:16:02 PM,Netwtw08,7025,None,7025 - Dump after return from D3 before cmd 
Information,09-Sep-20 8:16:01 PM,Microsoft-Windows-Kernel-Power,131,(33),"Firmware S3 times. ResumeCount: 1, FullResume: 1763, AverageResume: 1763"
Information,09-Sep-20 8:16:01 PM,Microsoft-Windows-Kernel-General,1,(5),"The system time has changed to ‎2020‎-‎09‎-‎10T03:16:01.500000000Z from ‎2020‎-‎09‎-‎10T00:46:08.187280900Z.

Change Reason: System time synchronized with the hardware clock.
Process: '' (PID 4)."
Information,09-Sep-20 5:46:08 PM,Microsoft-Windows-Kernel-Power,107,(102),The system has resumed from sleep.
